2024-10-16 20:23:52.068 [info] [main] 日志级别: Info
2024-10-16 20:23:52.068 [info] [main] 正在验证在以下位置找到的 git: "git"
2024-10-16 20:23:52.068 [info] [main] 使用来自 "git" 的 git "2.34.1"
2024-10-16 20:23:52.068 [info] [Model][doInitialScan] Initial repository scan started
2024-10-16 20:23:52.068 [info] > git rev-parse --show-toplevel [3ms]
2024-10-16 20:23:52.068 [info] > git rev-parse --git-dir --git-common-dir [5ms]
2024-10-16 20:23:52.068 [info] [Model][openRepository] Opened repository: /home/zyh
2024-10-16 20:23:52.078 [info] > git rev-parse --show-toplevel [5ms]
2024-10-16 20:23:52.078 [info] > git config --get commit.template [7ms]
2024-10-16 20:23:52.087 [info] [Git][getRemotes] No remotes found in the git config file
2024-10-16 20:23:52.088 [info] > git rev-parse --git-dir --git-common-dir [7ms]
2024-10-16 20:23:52.091 [info] [Model][openRepository] Opened repository: /home/zyh/OSLabs
2024-10-16 20:23:52.131 [info] > git for-each-ref --format=%(refname)%00%(upstream:short)%00%(objectname)%00%(upstream:track)%00%(upstream:remotename)%00%(upstream:remoteref) refs/heads/master refs/remotes/master [45ms]
2024-10-16 20:23:52.131 [warning] [Git][getBranch] No such branch: master
2024-10-16 20:23:52.142 [info] > git for-each-ref --sort -committerdate --format %(refname) %(objectname) %(*objectname) [4ms]
2024-10-16 20:23:52.143 [info] > git rev-parse --show-toplevel [46ms]
2024-10-16 20:23:52.144 [info] > git config --get commit.template [48ms]
2024-10-16 20:23:52.153 [info] > git status -z -uall [18ms]
2024-10-16 20:23:52.153 [info] > git for-each-ref --format=%(refname)%00%(upstream:short)%00%(objectname)%00%(upstream:track)%00%(upstream:remotename)%00%(upstream:remoteref) refs/heads/thread refs/remotes/thread [2ms]
2024-10-16 20:23:52.153 [info] > git rev-parse --show-toplevel [6ms]
2024-10-16 20:23:52.156 [warning] [Git][revParse] Unable to read file: ENOENT: no such file or directory, open '/home/zyh/OSLabs/.git/refs/remotes/origin/thread'
2024-10-16 20:23:52.413 [info] > git for-each-ref --format=%(refname)%00%(upstream:short)%00%(objectname)%00%(upstream:track)%00%(upstream:remotename)%00%(upstream:remoteref) refs/heads/master refs/remotes/master [212ms]
2024-10-16 20:23:52.413 [warning] [Git][getBranch] No such branch: master
2024-10-16 20:23:52.413 [error] [GitHistoryProvider][resolveHEADMergeBase] Failed to resolve merge base for master: Error: No such branch: master.
2024-10-16 20:23:52.414 [info] > git rev-parse --show-toplevel [256ms]
2024-10-16 20:23:52.415 [info] > git rev-parse refs/remotes/origin/thread [259ms]
2024-10-16 20:23:52.429 [info] > git status -z -uall [11ms]
2024-10-16 20:23:52.430 [info] > git config --get commit.template [33ms]
2024-10-16 20:23:52.431 [info] > git rev-parse --show-toplevel [5ms]
2024-10-16 20:23:52.431 [info] > git for-each-ref --sort -committerdate --format %(refname) %(objectname) %(*objectname) [9ms]
2024-10-16 20:23:52.446 [info] [Git][getRemotes] No remotes found in the git config file
2024-10-16 20:23:52.454 [info] > git for-each-ref --format=%(refname)%00%(upstream:short)%00%(objectname)%00%(upstream:track)%00%(upstream:remotename)%00%(upstream:remoteref) refs/heads/thread refs/remotes/thread [16ms]
2024-10-16 20:23:52.461 [info] > git config --get commit.template [7ms]
2024-10-16 20:23:52.461 [info] > git rev-parse --show-toplevel [12ms]
2024-10-16 20:23:52.461 [info] > git for-each-ref --format=%(refname)%00%(upstream:short)%00%(objectname)%00%(upstream:track)%00%(upstream:remotename)%00%(upstream:remoteref) refs/heads/master refs/remotes/master [15ms]
2024-10-16 20:23:52.462 [warning] [Git][getBranch] No such branch: master
2024-10-16 20:23:52.473 [info] > git config --local branch.thread.vscode-merge-base [14ms]
2024-10-16 20:23:52.480 [info] > git status -z -uall [15ms]
2024-10-16 20:23:52.480 [info] > git rev-parse --show-toplevel [9ms]
2024-10-16 20:23:52.481 [info] > git for-each-ref --sort -committerdate --format %(refname) %(objectname) %(*objectname) [13ms]
2024-10-16 20:23:52.485 [info] > git for-each-ref --format=%(refname)%00%(upstream:short)%00%(objectname)%00%(upstream:track)%00%(upstream:remotename)%00%(upstream:remoteref) refs/heads/thread refs/remotes/thread [6ms]
2024-10-16 20:23:52.486 [info] > git for-each-ref --format=%(refname)%00%(upstream:short)%00%(objectname)%00%(upstream:track)%00%(upstream:remotename)%00%(upstream:remoteref) refs/heads/origin/thread refs/remotes/origin/thread [10ms]
2024-10-16 20:23:52.519 [warning] [Git][revParse] Unable to read file: ENOENT: no such file or directory, open '/home/zyh/OSLabs/.git/refs/remotes/origin/thread'
2024-10-16 20:23:52.523 [info] > git merge-base refs/heads/thread refs/remotes/origin/thread [34ms]
2024-10-16 20:23:52.526 [info] > git rev-parse --git-dir --git-common-dir [42ms]
2024-10-16 20:23:52.529 [info] [Model][openRepository] Opened repository: /home/zyh/code
2024-10-16 20:23:52.532 [info] [Model][doInitialScan] Initial repository scan completed - repositories (3), closed repositories (0), parent repositories (0), unsafe repositories (0)
2024-10-16 20:23:52.551 [info] > git show --textconv :user/uthread_priority.c [15ms]
2024-10-16 20:23:52.551 [info] > git ls-files --stage -- /home/zyh/OSLabs/user/uthread_priority.c [11ms]
2024-10-16 20:23:52.552 [info] > git diff --name-status -z --diff-filter=ADMR ddee41d96a53d67a4b4225aafb6b675bed9d3e7c...refs/remotes/origin/thread [27ms]
2024-10-16 20:23:52.553 [info] > git rev-parse refs/remotes/origin/thread [34ms]
2024-10-16 20:23:52.561 [info] > git status -z -uall [5ms]
2024-10-16 20:23:52.562 [info] > git config --get commit.template [16ms]
2024-10-16 20:23:52.563 [info] > git for-each-ref --sort -committerdate --format %(refname) %(objectname) %(*objectname) [5ms]
2024-10-16 20:23:52.571 [info] > git for-each-ref --format=%(refname)%00%(upstream:short)%00%(objectname)%00%(upstream:track)%00%(upstream:remotename)%00%(upstream:remoteref) refs/heads/main refs/remotes/main [2ms]
2024-10-16 20:23:52.580 [info] > git status -z -uall [5ms]
2024-10-16 20:23:52.581 [info] > git for-each-ref --sort -committerdate --format %(refname) %(objectname) %(*objectname) [2ms]
2024-10-16 20:23:52.593 [info] > git for-each-ref --format=%(refname)%00%(upstream:short)%00%(objectname)%00%(upstream:track)%00%(upstream:remotename)%00%(upstream:remoteref) refs/heads/main refs/remotes/main [6ms]
2024-10-16 20:23:52.597 [info] > git config --get commit.template [6ms]
2024-10-16 20:23:52.768 [info] > git check-ignore -v -z --stdin [6ms]
2024-10-16 20:23:52.769 [info] > git check-ignore -v -z --stdin [4ms]
2024-10-16 20:23:52.770 [info] > git config --local branch.main.vscode-merge-base [174ms]
2024-10-16 20:23:52.770 [warning] [Git][config] git config failed: Failed to execute git
2024-10-16 20:23:52.836 [info] > git reflog main --grep-reflog=branch: Created from *. [63ms]
2024-10-16 20:23:52.841 [info] > git for-each-ref --format=%(refname)%00%(upstream:short)%00%(objectname)%00%(upstream:track)%00%(upstream:remotename)%00%(upstream:remoteref) refs/heads/main refs/remotes/main [64ms]
2024-10-16 20:23:52.842 [info] > git symbolic-ref --short refs/remotes/origin/HEAD [3ms]
2024-10-16 20:23:52.842 [info] fatal: ref refs/remotes/origin/HEAD is not a symbolic ref
2024-10-16 20:23:52.842 [warning] [Repository][getDefaultBranch] Failed to get default branch details: Failed to execute git.
2024-10-16 20:23:52.848 [info] > git merge-base refs/heads/main refs/remotes/origin/main [3ms]
2024-10-16 20:23:52.859 [info] > git status -z -uall [4ms]
2024-10-16 20:23:52.859 [info] > git diff --name-status -z --diff-filter=ADMR 4e96933cf40805990bda0190a2532674429304f9...refs/remotes/origin/main [8ms]
2024-10-16 20:23:52.861 [info] > git for-each-ref --sort -committerdate --format %(refname) %(objectname) %(*objectname) [3ms]
2024-10-16 20:23:56.494 [info] > git config --get commit.template [12ms]
2024-10-16 20:23:56.495 [info] [Git][getRemotes] No remotes found in the git config file
2024-10-16 20:23:56.495 [info] > git for-each-ref --format=%(refname)%00%(upstream:short)%00%(objectname)%00%(upstream:track)%00%(upstream:remotename)%00%(upstream:remoteref) refs/heads/master refs/remotes/master [9ms]
2024-10-16 20:23:56.495 [warning] [Git][getBranch] No such branch: master
2024-10-16 20:23:56.503 [info] > git for-each-ref --sort -committerdate --format %(refname) %(objectname) %(*objectname) [2ms]
2024-10-16 20:23:56.510 [info] > git status -z -uall [12ms]
2024-10-16 20:24:01.538 [info] [Git][getRemotes] No remotes found in the git config file
2024-10-16 20:24:01.542 [info] > git config --get commit.template [4ms]
2024-10-16 20:24:01.543 [info] > git for-each-ref --format=%(refname)%00%(upstream:short)%00%(objectname)%00%(upstream:track)%00%(upstream:remotename)%00%(upstream:remoteref) refs/heads/master refs/remotes/master [2ms]
2024-10-16 20:24:01.543 [warning] [Git][getBranch] No such branch: master
2024-10-16 20:24:01.553 [info] > git for-each-ref --sort -committerdate --format %(refname) %(objectname) %(*objectname) [2ms]
2024-10-16 20:24:01.562 [info] > git status -z -uall [13ms]
2024-10-16 20:24:06.588 [info] [Git][getRemotes] No remotes found in the git config file
2024-10-16 20:24:06.589 [info] > git config --get commit.template [4ms]
2024-10-16 20:24:06.589 [info] > git for-each-ref --format=%(refname)%00%(upstream:short)%00%(objectname)%00%(upstream:track)%00%(upstream:remotename)%00%(upstream:remoteref) refs/heads/master refs/remotes/master [1ms]
2024-10-16 20:24:06.589 [warning] [Git][getBranch] No such branch: master
2024-10-16 20:24:06.594 [info] > git for-each-ref --sort -committerdate --format %(refname) %(objectname) %(*objectname) [1ms]
2024-10-16 20:24:06.603 [info] > git status -z -uall [11ms]
2024-10-16 20:24:11.626 [info] [Git][getRemotes] No remotes found in the git config file
2024-10-16 20:24:11.627 [info] > git config --get commit.template [4ms]
2024-10-16 20:24:11.627 [info] > git for-each-ref --format=%(refname)%00%(upstream:short)%00%(objectname)%00%(upstream:track)%00%(upstream:remotename)%00%(upstream:remoteref) refs/heads/master refs/remotes/master [1ms]
2024-10-16 20:24:11.627 [warning] [Git][getBranch] No such branch: master
2024-10-16 20:24:11.633 [info] > git for-each-ref --sort -committerdate --format %(refname) %(objectname) %(*objectname) [1ms]
2024-10-16 20:24:11.640 [info] > git status -z -uall [11ms]
2024-10-16 20:24:16.663 [info] [Git][getRemotes] No remotes found in the git config file
2024-10-16 20:24:16.664 [info] > git config --get commit.template [3ms]
2024-10-16 20:24:16.664 [info] > git for-each-ref --format=%(refname)%00%(upstream:short)%00%(objectname)%00%(upstream:track)%00%(upstream:remotename)%00%(upstream:remoteref) refs/heads/master refs/remotes/master [1ms]
2024-10-16 20:24:16.664 [warning] [Git][getBranch] No such branch: master
2024-10-16 20:24:16.671 [info] > git for-each-ref --sort -committerdate --format %(refname) %(objectname) %(*objectname) [1ms]
2024-10-16 20:24:16.681 [info] > git status -z -uall [13ms]
2024-10-16 20:24:22.499 [info] [Git][getRemotes] No remotes found in the git config file
2024-10-16 20:24:22.500 [info] > git config --get commit.template [4ms]
2024-10-16 20:24:22.501 [info] > git for-each-ref --format=%(refname)%00%(upstream:short)%00%(objectname)%00%(upstream:track)%00%(upstream:remotename)%00%(upstream:remoteref) refs/heads/master refs/remotes/master [2ms]
2024-10-16 20:24:22.501 [warning] [Git][getBranch] No such branch: master
2024-10-16 20:24:22.509 [info] > git for-each-ref --sort -committerdate --format %(refname) %(objectname) %(*objectname) [2ms]
2024-10-16 20:24:22.518 [info] > git status -z -uall [13ms]
2024-10-16 20:24:27.560 [info] [Git][getRemotes] No remotes found in the git config file
2024-10-16 20:24:27.561 [info] > git config --get commit.template [4ms]
2024-10-16 20:24:27.561 [info] > git for-each-ref --format=%(refname)%00%(upstream:short)%00%(objectname)%00%(upstream:track)%00%(upstream:remotename)%00%(upstream:remoteref) refs/heads/master refs/remotes/master [1ms]
2024-10-16 20:24:27.561 [warning] [Git][getBranch] No such branch: master
2024-10-16 20:24:27.568 [info] > git for-each-ref --sort -committerdate --format %(refname) %(objectname) %(*objectname) [1ms]
2024-10-16 20:24:27.576 [info] > git status -z -uall [12ms]
2024-10-16 20:24:32.596 [info] [Git][getRemotes] No remotes found in the git config file
2024-10-16 20:24:32.597 [info] > git config --get commit.template [4ms]
2024-10-16 20:24:32.597 [info] > git for-each-ref --format=%(refname)%00%(upstream:short)%00%(objectname)%00%(upstream:track)%00%(upstream:remotename)%00%(upstream:remoteref) refs/heads/master refs/remotes/master [1ms]
2024-10-16 20:24:32.597 [warning] [Git][getBranch] No such branch: master
2024-10-16 20:24:32.603 [info] > git for-each-ref --sort -committerdate --format %(refname) %(objectname) %(*objectname) [1ms]
2024-10-16 20:24:32.610 [info] > git status -z -uall [11ms]
2024-10-16 20:24:37.635 [info] [Git][getRemotes] No remotes found in the git config file
2024-10-16 20:24:37.636 [info] > git config --get commit.template [4ms]
2024-10-16 20:24:37.636 [info] > git for-each-ref --format=%(refname)%00%(upstream:short)%00%(objectname)%00%(upstream:track)%00%(upstream:remotename)%00%(upstream:remoteref) refs/heads/master refs/remotes/master [2ms]
2024-10-16 20:24:37.636 [warning] [Git][getBranch] No such branch: master
2024-10-16 20:24:37.642 [info] > git for-each-ref --sort -committerdate --format %(refname) %(objectname) %(*objectname) [1ms]
2024-10-16 20:24:37.649 [info] > git status -z -uall [11ms]
2024-10-16 20:24:42.674 [info] [Git][getRemotes] No remotes found in the git config file
2024-10-16 20:24:42.675 [info] > git config --get commit.template [5ms]
2024-10-16 20:24:42.675 [info] > git for-each-ref --format=%(refname)%00%(upstream:short)%00%(objectname)%00%(upstream:track)%00%(upstream:remotename)%00%(upstream:remoteref) refs/heads/master refs/remotes/master [1ms]
2024-10-16 20:24:42.676 [warning] [Git][getBranch] No such branch: master
2024-10-16 20:24:42.683 [info] > git for-each-ref --sort -committerdate --format %(refname) %(objectname) %(*objectname) [1ms]
2024-10-16 20:24:42.690 [info] > git status -z -uall [11ms]
2024-10-16 20:24:51.063 [info] [Git][getRemotes] No remotes found in the git config file
2024-10-16 20:24:51.063 [info] > git config --get commit.template [5ms]
2024-10-16 20:24:51.063 [info] > git for-each-ref --format=%(refname)%00%(upstream:short)%00%(objectname)%00%(upstream:track)%00%(upstream:remotename)%00%(upstream:remoteref) refs/heads/master refs/remotes/master [1ms]
2024-10-16 20:24:51.063 [warning] [Git][getBranch] No such branch: master
2024-10-16 20:24:51.070 [info] > git for-each-ref --sort -committerdate --format %(refname) %(objectname) %(*objectname) [1ms]
2024-10-16 20:24:51.080 [info] > git status -z -uall [13ms]
2024-10-16 20:24:56.102 [info] [Git][getRemotes] No remotes found in the git config file
2024-10-16 20:24:56.103 [info] > git config --get commit.template [4ms]
2024-10-16 20:24:56.103 [info] > git for-each-ref --format=%(refname)%00%(upstream:short)%00%(objectname)%00%(upstream:track)%00%(upstream:remotename)%00%(upstream:remoteref) refs/heads/master refs/remotes/master [2ms]
2024-10-16 20:24:56.103 [warning] [Git][getBranch] No such branch: master
2024-10-16 20:24:56.108 [info] > git for-each-ref --sort -committerdate --format %(refname) %(objectname) %(*objectname) [1ms]
2024-10-16 20:24:56.116 [info] > git status -z -uall [11ms]
2024-10-16 20:24:59.929 [info] > git config --get commit.template [3ms]
2024-10-16 20:24:59.930 [info] > git for-each-ref --format=%(refname)%00%(upstream:short)%00%(objectname)%00%(upstream:track)%00%(upstream:remotename)%00%(upstream:remoteref) refs/heads/thread refs/remotes/thread [1ms]
2024-10-16 20:24:59.932 [warning] [Git][revParse] Unable to read file: ENOENT: no such file or directory, open '/home/zyh/OSLabs/.git/refs/remotes/origin/thread'
2024-10-16 20:24:59.933 [info] > git rev-parse refs/remotes/origin/thread [1ms]
2024-10-16 20:24:59.939 [info] > git status -z -uall [3ms]
2024-10-16 20:24:59.939 [info] > git for-each-ref --sort -committerdate --format %(refname) %(objectname) %(*objectname) [1ms]
2024-10-16 20:25:01.140 [info] > git config --get commit.template [2ms]
2024-10-16 20:25:01.143 [info] [Git][getRemotes] No remotes found in the git config file
2024-10-16 20:25:01.144 [info] > git for-each-ref --format=%(refname)%00%(upstream:short)%00%(objectname)%00%(upstream:track)%00%(upstream:remotename)%00%(upstream:remoteref) refs/heads/master refs/remotes/master [0ms]
2024-10-16 20:25:01.144 [warning] [Git][getBranch] No such branch: master
2024-10-16 20:25:01.149 [info] > git for-each-ref --sort -committerdate --format %(refname) %(objectname) %(*objectname) [1ms]
2024-10-16 20:25:01.156 [info] > git status -z -uall [10ms]
2024-10-16 20:25:04.952 [info] > git config --get commit.template [5ms]
2024-10-16 20:25:04.953 [info] > git for-each-ref --format=%(refname)%00%(upstream:short)%00%(objectname)%00%(upstream:track)%00%(upstream:remotename)%00%(upstream:remoteref) refs/heads/thread refs/remotes/thread [2ms]
2024-10-16 20:25:04.957 [warning] [Git][revParse] Unable to read file: ENOENT: no such file or directory, open '/home/zyh/OSLabs/.git/refs/remotes/origin/thread'
2024-10-16 20:25:04.958 [info] > git rev-parse refs/remotes/origin/thread [1ms]
2024-10-16 20:25:04.972 [info] > git status -z -uall [11ms]
2024-10-16 20:25:04.973 [info] > git for-each-ref --sort -committerdate --format %(refname) %(objectname) %(*objectname) [9ms]
2024-10-16 20:25:06.178 [info] [Git][getRemotes] No remotes found in the git config file
2024-10-16 20:25:06.178 [info] > git config --get commit.template [4ms]
2024-10-16 20:25:06.179 [info] > git for-each-ref --format=%(refname)%00%(upstream:short)%00%(objectname)%00%(upstream:track)%00%(upstream:remotename)%00%(upstream:remoteref) refs/heads/master refs/remotes/master [2ms]
2024-10-16 20:25:06.179 [warning] [Git][getBranch] No such branch: master
2024-10-16 20:25:06.187 [info] > git for-each-ref --sort -committerdate --format %(refname) %(objectname) %(*objectname) [1ms]
2024-10-16 20:25:06.194 [info] > git status -z -uall [11ms]
2024-10-16 20:25:12.511 [info] [Git][getRemotes] No remotes found in the git config file
2024-10-16 20:25:12.513 [info] > git config --get commit.template [3ms]
2024-10-16 20:25:12.514 [info] > git for-each-ref --format=%(refname)%00%(upstream:short)%00%(objectname)%00%(upstream:track)%00%(upstream:remotename)%00%(upstream:remoteref) refs/heads/master refs/remotes/master [1ms]
2024-10-16 20:25:12.514 [warning] [Git][getBranch] No such branch: master
2024-10-16 20:25:12.519 [info] > git for-each-ref --sort -committerdate --format %(refname) %(objectname) %(*objectname) [1ms]
2024-10-16 20:25:12.527 [info] > git status -z -uall [11ms]
2024-10-16 20:25:17.548 [info] [Git][getRemotes] No remotes found in the git config file
2024-10-16 20:25:17.549 [info] > git config --get commit.template [4ms]
2024-10-16 20:25:17.549 [info] > git for-each-ref --format=%(refname)%00%(upstream:short)%00%(objectname)%00%(upstream:track)%00%(upstream:remotename)%00%(upstream:remoteref) refs/heads/master refs/remotes/master [1ms]
2024-10-16 20:25:17.549 [warning] [Git][getBranch] No such branch: master
2024-10-16 20:25:17.554 [info] > git for-each-ref --sort -committerdate --format %(refname) %(objectname) %(*objectname) [1ms]
2024-10-16 20:25:17.563 [info] > git status -z -uall [12ms]
2024-10-16 20:25:22.581 [info] [Git][getRemotes] No remotes found in the git config file
2024-10-16 20:25:22.584 [info] > git config --get commit.template [3ms]
2024-10-16 20:25:22.585 [info] > git for-each-ref --format=%(refname)%00%(upstream:short)%00%(objectname)%00%(upstream:track)%00%(upstream:remotename)%00%(upstream:remoteref) refs/heads/master refs/remotes/master [1ms]
2024-10-16 20:25:22.585 [warning] [Git][getBranch] No such branch: master
2024-10-16 20:25:22.591 [info] > git for-each-ref --sort -committerdate --format %(refname) %(objectname) %(*objectname) [1ms]
2024-10-16 20:25:22.599 [info] > git status -z -uall [12ms]
2024-10-16 20:25:30.518 [info] [Git][getRemotes] No remotes found in the git config file
2024-10-16 20:25:30.518 [info] > git config --get commit.template [5ms]
2024-10-16 20:25:30.518 [info] > git for-each-ref --format=%(refname)%00%(upstream:short)%00%(objectname)%00%(upstream:track)%00%(upstream:remotename)%00%(upstream:remoteref) refs/heads/master refs/remotes/master [1ms]
2024-10-16 20:25:30.519 [warning] [Git][getBranch] No such branch: master
2024-10-16 20:25:30.525 [info] > git for-each-ref --sort -committerdate --format %(refname) %(objectname) %(*objectname) [1ms]
2024-10-16 20:25:30.532 [info] > git status -z -uall [11ms]
2024-10-16 20:25:36.518 [info] > git config --get commit.template [1ms]
2024-10-16 20:25:36.521 [info] [Git][getRemotes] No remotes found in the git config file
2024-10-16 20:25:36.522 [info] > git for-each-ref --format=%(refname)%00%(upstream:short)%00%(objectname)%00%(upstream:track)%00%(upstream:remotename)%00%(upstream:remoteref) refs/heads/master refs/remotes/master [2ms]
2024-10-16 20:25:36.522 [warning] [Git][getBranch] No such branch: master
2024-10-16 20:25:36.528 [info] > git for-each-ref --sort -committerdate --format %(refname) %(objectname) %(*objectname) [1ms]
2024-10-16 20:25:36.540 [info] > git status -z -uall [16ms]
2024-10-16 20:25:41.560 [info] [Git][getRemotes] No remotes found in the git config file
2024-10-16 20:25:41.561 [info] > git config --get commit.template [4ms]
2024-10-16 20:25:41.561 [info] > git for-each-ref --format=%(refname)%00%(upstream:short)%00%(objectname)%00%(upstream:track)%00%(upstream:remotename)%00%(upstream:remoteref) refs/heads/master refs/remotes/master [1ms]
2024-10-16 20:25:41.562 [warning] [Git][getBranch] No such branch: master
2024-10-16 20:25:41.566 [info] > git for-each-ref --sort -committerdate --format %(refname) %(objectname) %(*objectname) [0ms]
2024-10-16 20:25:41.575 [info] > git status -z -uall [11ms]
2024-10-16 20:25:48.524 [info] [Git][getRemotes] No remotes found in the git config file
2024-10-16 20:25:48.525 [info] > git config --get commit.template [3ms]
2024-10-16 20:25:48.525 [info] > git for-each-ref --format=%(refname)%00%(upstream:short)%00%(objectname)%00%(upstream:track)%00%(upstream:remotename)%00%(upstream:remoteref) refs/heads/master refs/remotes/master [2ms]
2024-10-16 20:25:48.525 [warning] [Git][getBranch] No such branch: master
2024-10-16 20:25:48.530 [info] > git for-each-ref --sort -committerdate --format %(refname) %(objectname) %(*objectname) [1ms]
2024-10-16 20:25:48.538 [info] > git status -z -uall [11ms]
2024-10-16 20:25:53.557 [info] [Git][getRemotes] No remotes found in the git config file
2024-10-16 20:25:53.560 [info] > git config --get commit.template [3ms]
2024-10-16 20:25:53.560 [info] > git for-each-ref --format=%(refname)%00%(upstream:short)%00%(objectname)%00%(upstream:track)%00%(upstream:remotename)%00%(upstream:remoteref) refs/heads/master refs/remotes/master [1ms]
2024-10-16 20:25:53.560 [warning] [Git][getBranch] No such branch: master
2024-10-16 20:25:53.569 [info] > git for-each-ref --sort -committerdate --format %(refname) %(objectname) %(*objectname) [2ms]
2024-10-16 20:25:53.576 [info] > git status -z -uall [13ms]
2024-10-16 20:25:58.597 [info] > git config --get commit.template [1ms]
2024-10-16 20:25:58.599 [info] [Git][getRemotes] No remotes found in the git config file
2024-10-16 20:25:58.601 [info] > git for-each-ref --format=%(refname)%00%(upstream:short)%00%(objectname)%00%(upstream:track)%00%(upstream:remotename)%00%(upstream:remoteref) refs/heads/master refs/remotes/master [1ms]
2024-10-16 20:25:58.601 [warning] [Git][getBranch] No such branch: master
2024-10-16 20:25:58.607 [info] > git for-each-ref --sort -committerdate --format %(refname) %(objectname) %(*objectname) [1ms]
2024-10-16 20:25:58.614 [info] > git status -z -uall [11ms]
2024-10-16 20:26:03.635 [info] [Git][getRemotes] No remotes found in the git config file
2024-10-16 20:26:03.636 [info] > git config --get commit.template [4ms]
2024-10-16 20:26:03.636 [info] > git for-each-ref --format=%(refname)%00%(upstream:short)%00%(objectname)%00%(upstream:track)%00%(upstream:remotename)%00%(upstream:remoteref) refs/heads/master refs/remotes/master [1ms]
2024-10-16 20:26:03.636 [warning] [Git][getBranch] No such branch: master
2024-10-16 20:26:03.642 [info] > git for-each-ref --sort -committerdate --format %(refname) %(objectname) %(*objectname) [1ms]
2024-10-16 20:26:03.649 [info] > git status -z -uall [11ms]
2024-10-16 20:26:08.670 [info] [Git][getRemotes] No remotes found in the git config file
2024-10-16 20:26:08.671 [info] > git config --get commit.template [3ms]
2024-10-16 20:26:08.671 [info] > git for-each-ref --format=%(refname)%00%(upstream:short)%00%(objectname)%00%(upstream:track)%00%(upstream:remotename)%00%(upstream:remoteref) refs/heads/master refs/remotes/master [1ms]
2024-10-16 20:26:08.671 [warning] [Git][getBranch] No such branch: master
2024-10-16 20:26:08.675 [info] > git for-each-ref --sort -committerdate --format %(refname) %(objectname) %(*objectname) [1ms]
2024-10-16 20:26:08.683 [info] > git status -z -uall [11ms]
2024-10-16 20:26:13.705 [info] [Git][getRemotes] No remotes found in the git config file
2024-10-16 20:26:13.705 [info] > git config --get commit.template [3ms]
2024-10-16 20:26:13.706 [info] > git for-each-ref --format=%(refname)%00%(upstream:short)%00%(objectname)%00%(upstream:track)%00%(upstream:remotename)%00%(upstream:remoteref) refs/heads/master refs/remotes/master [2ms]
2024-10-16 20:26:13.706 [warning] [Git][getBranch] No such branch: master
2024-10-16 20:26:13.713 [info] > git for-each-ref --sort -committerdate --format %(refname) %(objectname) %(*objectname) [1ms]
2024-10-16 20:26:13.720 [info] > git status -z -uall [12ms]
2024-10-16 20:26:18.742 [info] [Git][getRemotes] No remotes found in the git config file
2024-10-16 20:26:18.743 [info] > git config --get commit.template [2ms]
2024-10-16 20:26:18.743 [info] > git for-each-ref --format=%(refname)%00%(upstream:short)%00%(objectname)%00%(upstream:track)%00%(upstream:remotename)%00%(upstream:remoteref) refs/heads/master refs/remotes/master [1ms]
2024-10-16 20:26:18.743 [warning] [Git][getBranch] No such branch: master
2024-10-16 20:26:18.749 [info] > git for-each-ref --sort -committerdate --format %(refname) %(objectname) %(*objectname) [1ms]
2024-10-16 20:26:18.756 [info] > git status -z -uall [11ms]
2024-10-16 20:26:23.778 [info] [Git][getRemotes] No remotes found in the git config file
2024-10-16 20:26:23.778 [info] > git config --get commit.template [4ms]
2024-10-16 20:26:23.779 [info] > git for-each-ref --format=%(refname)%00%(upstream:short)%00%(objectname)%00%(upstream:track)%00%(upstream:remotename)%00%(upstream:remoteref) refs/heads/master refs/remotes/master [2ms]
2024-10-16 20:26:23.779 [warning] [Git][getBranch] No such branch: master
2024-10-16 20:26:23.785 [info] > git for-each-ref --sort -committerdate --format %(refname) %(objectname) %(*objectname) [1ms]
2024-10-16 20:26:23.793 [info] > git status -z -uall [12ms]
2024-10-16 20:26:28.815 [info] [Git][getRemotes] No remotes found in the git config file
2024-10-16 20:26:28.816 [info] > git config --get commit.template [3ms]
2024-10-16 20:26:28.816 [info] > git for-each-ref --format=%(refname)%00%(upstream:short)%00%(objectname)%00%(upstream:track)%00%(upstream:remotename)%00%(upstream:remoteref) refs/heads/master refs/remotes/master [1ms]
2024-10-16 20:26:28.816 [warning] [Git][getBranch] No such branch: master
2024-10-16 20:26:28.821 [info] > git for-each-ref --sort -committerdate --format %(refname) %(objectname) %(*objectname) [1ms]
2024-10-16 20:26:28.828 [info] > git status -z -uall [10ms]
2024-10-16 20:26:38.542 [info] [Git][getRemotes] No remotes found in the git config file
2024-10-16 20:26:38.543 [info] > git config --get commit.template [3ms]
2024-10-16 20:26:38.543 [info] > git for-each-ref --format=%(refname)%00%(upstream:short)%00%(objectname)%00%(upstream:track)%00%(upstream:remotename)%00%(upstream:remoteref) refs/heads/master refs/remotes/master [1ms]
2024-10-16 20:26:38.543 [warning] [Git][getBranch] No such branch: master
2024-10-16 20:26:38.549 [info] > git for-each-ref --sort -committerdate --format %(refname) %(objectname) %(*objectname) [1ms]
2024-10-16 20:26:38.557 [info] > git status -z -uall [11ms]
2024-10-16 20:26:43.577 [info] > git config --get commit.template [2ms]
2024-10-16 20:26:43.581 [info] [Git][getRemotes] No remotes found in the git config file
2024-10-16 20:26:43.582 [info] > git for-each-ref --format=%(refname)%00%(upstream:short)%00%(objectname)%00%(upstream:track)%00%(upstream:remotename)%00%(upstream:remoteref) refs/heads/master refs/remotes/master [2ms]
2024-10-16 20:26:43.582 [warning] [Git][getBranch] No such branch: master
2024-10-16 20:26:43.589 [info] > git for-each-ref --sort -committerdate --format %(refname) %(objectname) %(*objectname) [1ms]
2024-10-16 20:26:43.597 [info] > git status -z -uall [12ms]
2024-10-16 20:26:48.621 [info] [Git][getRemotes] No remotes found in the git config file
2024-10-16 20:26:48.622 [info] > git config --get commit.template [5ms]
2024-10-16 20:26:48.622 [info] > git for-each-ref --format=%(refname)%00%(upstream:short)%00%(objectname)%00%(upstream:track)%00%(upstream:remotename)%00%(upstream:remoteref) refs/heads/master refs/remotes/master [1ms]
2024-10-16 20:26:48.622 [warning] [Git][getBranch] No such branch: master
2024-10-16 20:26:48.628 [info] > git for-each-ref --sort -committerdate --format %(refname) %(objectname) %(*objectname) [1ms]
2024-10-16 20:26:48.635 [info] > git status -z -uall [11ms]
2024-10-16 20:26:53.657 [info] [Git][getRemotes] No remotes found in the git config file
2024-10-16 20:26:53.657 [info] > git config --get commit.template [3ms]
2024-10-16 20:26:53.657 [info] > git for-each-ref --format=%(refname)%00%(upstream:short)%00%(objectname)%00%(upstream:track)%00%(upstream:remotename)%00%(upstream:remoteref) refs/heads/master refs/remotes/master [1ms]
2024-10-16 20:26:53.658 [warning] [Git][getBranch] No such branch: master
2024-10-16 20:26:53.663 [info] > git for-each-ref --sort -committerdate --format %(refname) %(objectname) %(*objectname) [0ms]
2024-10-16 20:26:53.670 [info] > git status -z -uall [10ms]
2024-10-16 20:26:58.694 [info] [Git][getRemotes] No remotes found in the git config file
2024-10-16 20:26:58.695 [info] > git config --get commit.template [5ms]
2024-10-16 20:26:58.695 [info] > git for-each-ref --format=%(refname)%00%(upstream:short)%00%(objectname)%00%(upstream:track)%00%(upstream:remotename)%00%(upstream:remoteref) refs/heads/master refs/remotes/master [1ms]
2024-10-16 20:26:58.695 [warning] [Git][getBranch] No such branch: master
2024-10-16 20:26:58.701 [info] > git for-each-ref --sort -committerdate --format %(refname) %(objectname) %(*objectname) [1ms]
2024-10-16 20:26:58.709 [info] > git status -z -uall [12ms]
2024-10-16 20:27:03.729 [info] [Git][getRemotes] No remotes found in the git config file
2024-10-16 20:27:03.730 [info] > git config --get commit.template [4ms]
2024-10-16 20:27:03.730 [info] > git for-each-ref --format=%(refname)%00%(upstream:short)%00%(objectname)%00%(upstream:track)%00%(upstream:remotename)%00%(upstream:remoteref) refs/heads/master refs/remotes/master [1ms]
2024-10-16 20:27:03.730 [warning] [Git][getBranch] No such branch: master
2024-10-16 20:27:03.736 [info] > git for-each-ref --sort -committerdate --format %(refname) %(objectname) %(*objectname) [1ms]
2024-10-16 20:27:03.746 [info] > git status -z -uall [13ms]
2024-10-16 20:27:08.768 [info] [Git][getRemotes] No remotes found in the git config file
2024-10-16 20:27:08.769 [info] > git config --get commit.template [4ms]
2024-10-16 20:27:08.769 [info] > git for-each-ref --format=%(refname)%00%(upstream:short)%00%(objectname)%00%(upstream:track)%00%(upstream:remotename)%00%(upstream:remoteref) refs/heads/master refs/remotes/master [1ms]
2024-10-16 20:27:08.769 [warning] [Git][getBranch] No such branch: master
2024-10-16 20:27:08.775 [info] > git for-each-ref --sort -committerdate --format %(refname) %(objectname) %(*objectname) [1ms]
2024-10-16 20:27:08.783 [info] > git status -z -uall [11ms]
2024-10-16 20:27:13.807 [info] [Git][getRemotes] No remotes found in the git config file
2024-10-16 20:27:13.807 [info] > git config --get commit.template [5ms]
2024-10-16 20:27:13.808 [info] > git for-each-ref --format=%(refname)%00%(upstream:short)%00%(objectname)%00%(upstream:track)%00%(upstream:remotename)%00%(upstream:remoteref) refs/heads/master refs/remotes/master [1ms]
2024-10-16 20:27:13.808 [warning] [Git][getBranch] No such branch: master
2024-10-16 20:27:13.814 [info] > git for-each-ref --sort -committerdate --format %(refname) %(objectname) %(*objectname) [1ms]
2024-10-16 20:27:13.823 [info] > git status -z -uall [13ms]
2024-10-16 20:27:18.849 [info] > git config --get commit.template [5ms]
2024-10-16 20:27:18.849 [info] [Git][getRemotes] No remotes found in the git config file
2024-10-16 20:27:18.850 [info] > git for-each-ref --format=%(refname)%00%(upstream:short)%00%(objectname)%00%(upstream:track)%00%(upstream:remotename)%00%(upstream:remoteref) refs/heads/master refs/remotes/master [2ms]
2024-10-16 20:27:18.850 [warning] [Git][getBranch] No such branch: master
2024-10-16 20:27:18.859 [info] > git for-each-ref --sort -committerdate --format %(refname) %(objectname) %(*objectname) [1ms]
2024-10-16 20:27:18.865 [info] > git status -z -uall [12ms]
2024-10-16 20:27:24.562 [info] [Git][getRemotes] No remotes found in the git config file
2024-10-16 20:27:24.562 [info] > git config --get commit.template [3ms]
2024-10-16 20:27:24.563 [info] > git for-each-ref --format=%(refname)%00%(upstream:short)%00%(objectname)%00%(upstream:track)%00%(upstream:remotename)%00%(upstream:remoteref) refs/heads/master refs/remotes/master [1ms]
2024-10-16 20:27:24.563 [warning] [Git][getBranch] No such branch: master
2024-10-16 20:27:24.569 [info] > git for-each-ref --sort -committerdate --format %(refname) %(objectname) %(*objectname) [1ms]
2024-10-16 20:27:24.577 [info] > git status -z -uall [11ms]
2024-10-16 20:27:29.599 [info] > git config --get commit.template [1ms]
2024-10-16 20:27:29.601 [info] [Git][getRemotes] No remotes found in the git config file
2024-10-16 20:27:29.602 [info] > git for-each-ref --format=%(refname)%00%(upstream:short)%00%(objectname)%00%(upstream:track)%00%(upstream:remotename)%00%(upstream:remoteref) refs/heads/master refs/remotes/master [1ms]
2024-10-16 20:27:29.602 [warning] [Git][getBranch] No such branch: master
2024-10-16 20:27:29.607 [info] > git for-each-ref --sort -committerdate --format %(refname) %(objectname) %(*objectname) [1ms]
2024-10-16 20:27:29.615 [info] > git status -z -uall [10ms]
2024-10-16 20:27:34.637 [info] [Git][getRemotes] No remotes found in the git config file
2024-10-16 20:27:34.638 [info] > git config --get commit.template [4ms]
2024-10-16 20:27:34.638 [info] > git for-each-ref --format=%(refname)%00%(upstream:short)%00%(objectname)%00%(upstream:track)%00%(upstream:remotename)%00%(upstream:remoteref) refs/heads/master refs/remotes/master [1ms]
2024-10-16 20:27:34.639 [warning] [Git][getBranch] No such branch: master
2024-10-16 20:27:34.647 [info] > git for-each-ref --sort -committerdate --format %(refname) %(objectname) %(*objectname) [3ms]
2024-10-16 20:27:34.652 [info] > git status -z -uall [11ms]
2024-10-16 20:27:39.674 [info] [Git][getRemotes] No remotes found in the git config file
2024-10-16 20:27:39.674 [info] > git config --get commit.template [3ms]
2024-10-16 20:27:39.675 [info] > git for-each-ref --format=%(refname)%00%(upstream:short)%00%(objectname)%00%(upstream:track)%00%(upstream:remotename)%00%(upstream:remoteref) refs/heads/master refs/remotes/master [1ms]
2024-10-16 20:27:39.675 [warning] [Git][getBranch] No such branch: master
2024-10-16 20:27:39.680 [info] > git for-each-ref --sort -committerdate --format %(refname) %(objectname) %(*objectname) [1ms]
2024-10-16 20:27:39.688 [info] > git status -z -uall [11ms]
2024-10-16 20:27:44.710 [info] [Git][getRemotes] No remotes found in the git config file
2024-10-16 20:27:44.711 [info] > git config --get commit.template [4ms]
2024-10-16 20:27:44.711 [info] > git for-each-ref --format=%(refname)%00%(upstream:short)%00%(objectname)%00%(upstream:track)%00%(upstream:remotename)%00%(upstream:remoteref) refs/heads/master refs/remotes/master [1ms]
2024-10-16 20:27:44.711 [warning] [Git][getBranch] No such branch: master
2024-10-16 20:27:44.716 [info] > git for-each-ref --sort -committerdate --format %(refname) %(objectname) %(*objectname) [1ms]
2024-10-16 20:27:44.724 [info] > git status -z -uall [11ms]
2024-10-16 20:27:47.625 [info] > git config --get commit.template [3ms]
2024-10-16 20:27:47.625 [info] > git for-each-ref --format=%(refname)%00%(upstream:short)%00%(objectname)%00%(upstream:track)%00%(upstream:remotename)%00%(upstream:remoteref) refs/heads/thread refs/remotes/thread [1ms]
2024-10-16 20:27:47.627 [warning] [Git][revParse] Unable to read file: ENOENT: no such file or directory, open '/home/zyh/OSLabs/.git/refs/remotes/origin/thread'
2024-10-16 20:27:47.629 [info] > git rev-parse refs/remotes/origin/thread [2ms]
2024-10-16 20:27:47.636 [info] > git status -z -uall [4ms]
2024-10-16 20:27:47.637 [info] > git for-each-ref --sort -committerdate --format %(refname) %(objectname) %(*objectname) [2ms]
2024-10-16 20:27:49.745 [info] > git config --get commit.template [1ms]
2024-10-16 20:27:49.749 [info] [Git][getRemotes] No remotes found in the git config file
2024-10-16 20:27:49.750 [info] > git for-each-ref --format=%(refname)%00%(upstream:short)%00%(objectname)%00%(upstream:track)%00%(upstream:remotename)%00%(upstream:remoteref) refs/heads/master refs/remotes/master [2ms]
2024-10-16 20:27:49.750 [warning] [Git][getBranch] No such branch: master
2024-10-16 20:27:49.757 [info] > git for-each-ref --sort -committerdate --format %(refname) %(objectname) %(*objectname) [1ms]
2024-10-16 20:27:49.771 [info] > git status -z -uall [18ms]
2024-10-16 20:27:54.793 [info] [Git][getRemotes] No remotes found in the git config file
2024-10-16 20:27:54.793 [info] > git config --get commit.template [3ms]
2024-10-16 20:27:54.794 [info] > git for-each-ref --format=%(refname)%00%(upstream:short)%00%(objectname)%00%(upstream:track)%00%(upstream:remotename)%00%(upstream:remoteref) refs/heads/master refs/remotes/master [1ms]
2024-10-16 20:27:54.794 [warning] [Git][getBranch] No such branch: master
2024-10-16 20:27:54.799 [info] > git for-each-ref --sort -committerdate --format %(refname) %(objectname) %(*objectname) [1ms]
2024-10-16 20:27:54.807 [info] > git status -z -uall [12ms]
2024-10-16 20:28:04.579 [info] [Git][getRemotes] No remotes found in the git config file
2024-10-16 20:28:04.581 [info] > git config --get commit.template [3ms]
2024-10-16 20:28:04.582 [info] > git for-each-ref --format=%(refname)%00%(upstream:short)%00%(objectname)%00%(upstream:track)%00%(upstream:remotename)%00%(upstream:remoteref) refs/heads/master refs/remotes/master [1ms]
2024-10-16 20:28:04.582 [warning] [Git][getBranch] No such branch: master
2024-10-16 20:28:04.587 [info] > git for-each-ref --sort -committerdate --format %(refname) %(objectname) %(*objectname) [1ms]
2024-10-16 20:28:04.594 [info] > git status -z -uall [10ms]
2024-10-16 20:28:09.619 [info] [Git][getRemotes] No remotes found in the git config file
2024-10-16 20:28:09.620 [info] > git for-each-ref --format=%(refname)%00%(upstream:short)%00%(objectname)%00%(upstream:track)%00%(upstream:remotename)%00%(upstream:remoteref) refs/heads/master refs/remotes/master [2ms]
2024-10-16 20:28:09.620 [warning] [Git][getBranch] No such branch: master
2024-10-16 20:28:09.621 [info] > git config --get commit.template [6ms]
2024-10-16 20:28:09.627 [info] > git for-each-ref --sort -committerdate --format %(refname) %(objectname) %(*objectname) [1ms]
2024-10-16 20:28:09.634 [info] > git status -z -uall [11ms]
2024-10-16 20:28:14.654 [info] [Git][getRemotes] No remotes found in the git config file
2024-10-16 20:28:14.654 [info] > git config --get commit.template [3ms]
2024-10-16 20:28:14.655 [info] > git for-each-ref --format=%(refname)%00%(upstream:short)%00%(objectname)%00%(upstream:track)%00%(upstream:remotename)%00%(upstream:remoteref) refs/heads/master refs/remotes/master [2ms]
2024-10-16 20:28:14.655 [warning] [Git][getBranch] No such branch: master
2024-10-16 20:28:14.661 [info] > git for-each-ref --sort -committerdate --format %(refname) %(objectname) %(*objectname) [1ms]
2024-10-16 20:28:14.668 [info] > git status -z -uall [11ms]
2024-10-16 20:28:19.689 [info] [Git][getRemotes] No remotes found in the git config file
2024-10-16 20:28:19.689 [info] > git config --get commit.template [3ms]
2024-10-16 20:28:19.690 [info] > git for-each-ref --format=%(refname)%00%(upstream:short)%00%(objectname)%00%(upstream:track)%00%(upstream:remotename)%00%(upstream:remoteref) refs/heads/master refs/remotes/master [1ms]
2024-10-16 20:28:19.690 [warning] [Git][getBranch] No such branch: master
2024-10-16 20:28:19.695 [info] > git for-each-ref --sort -committerdate --format %(refname) %(objectname) %(*objectname) [1ms]
2024-10-16 20:28:19.704 [info] > git status -z -uall [11ms]
2024-10-16 20:28:24.725 [info] [Git][getRemotes] No remotes found in the git config file
2024-10-16 20:28:24.725 [info] > git config --get commit.template [3ms]
2024-10-16 20:28:24.725 [info] > git for-each-ref --format=%(refname)%00%(upstream:short)%00%(objectname)%00%(upstream:track)%00%(upstream:remotename)%00%(upstream:remoteref) refs/heads/master refs/remotes/master [1ms]
2024-10-16 20:28:24.725 [warning] [Git][getBranch] No such branch: master
2024-10-16 20:28:24.730 [info] > git for-each-ref --sort -committerdate --format %(refname) %(objectname) %(*objectname) [1ms]
2024-10-16 20:28:24.738 [info] > git status -z -uall [11ms]
2024-10-16 20:28:29.757 [info] [Git][getRemotes] No remotes found in the git config file
2024-10-16 20:28:29.760 [info] > git config --get commit.template [4ms]
2024-10-16 20:28:29.760 [info] > git for-each-ref --format=%(refname)%00%(upstream:short)%00%(objectname)%00%(upstream:track)%00%(upstream:remotename)%00%(upstream:remoteref) refs/heads/master refs/remotes/master [1ms]
2024-10-16 20:28:29.760 [warning] [Git][getBranch] No such branch: master
2024-10-16 20:28:29.765 [info] > git for-each-ref --sort -committerdate --format %(refname) %(objectname) %(*objectname) [1ms]
2024-10-16 20:28:29.773 [info] > git status -z -uall [11ms]
2024-10-16 20:28:34.797 [info] [Git][getRemotes] No remotes found in the git config file
2024-10-16 20:28:34.797 [info] > git config --get commit.template [3ms]
2024-10-16 20:28:34.798 [info] > git for-each-ref --format=%(refname)%00%(upstream:short)%00%(objectname)%00%(upstream:track)%00%(upstream:remotename)%00%(upstream:remoteref) refs/heads/master refs/remotes/master [1ms]
2024-10-16 20:28:34.798 [warning] [Git][getBranch] No such branch: master
2024-10-16 20:28:34.804 [info] > git for-each-ref --sort -committerdate --format %(refname) %(objectname) %(*objectname) [0ms]
2024-10-16 20:28:34.811 [info] > git status -z -uall [11ms]
2024-10-16 20:28:39.832 [info] [Git][getRemotes] No remotes found in the git config file
2024-10-16 20:28:39.832 [info] > git config --get commit.template [3ms]
2024-10-16 20:28:39.833 [info] > git for-each-ref --format=%(refname)%00%(upstream:short)%00%(objectname)%00%(upstream:track)%00%(upstream:remotename)%00%(upstream:remoteref) refs/heads/master refs/remotes/master [1ms]
2024-10-16 20:28:39.833 [warning] [Git][getBranch] No such branch: master
2024-10-16 20:28:39.838 [info] > git for-each-ref --sort -committerdate --format %(refname) %(objectname) %(*objectname) [1ms]
2024-10-16 20:28:39.846 [info] > git status -z -uall [11ms]
2024-10-16 20:28:44.868 [info] > git config --get commit.template [3ms]
2024-10-16 20:28:44.871 [info] [Git][getRemotes] No remotes found in the git config file
2024-10-16 20:28:44.872 [info] > git for-each-ref --format=%(refname)%00%(upstream:short)%00%(objectname)%00%(upstream:track)%00%(upstream:remotename)%00%(upstream:remoteref) refs/heads/master refs/remotes/master [2ms]
2024-10-16 20:28:44.872 [warning] [Git][getBranch] No such branch: master
2024-10-16 20:28:44.879 [info] > git for-each-ref --sort -committerdate --format %(refname) %(objectname) %(*objectname) [2ms]
2024-10-16 20:28:44.893 [info] > git status -z -uall [18ms]
2024-10-16 20:28:50.449 [info] > git config --get commit.template [3ms]
2024-10-16 20:28:50.450 [info] > git for-each-ref --format=%(refname)%00%(upstream:short)%00%(objectname)%00%(upstream:track)%00%(upstream:remotename)%00%(upstream:remoteref) refs/heads/thread refs/remotes/thread [1ms]
2024-10-16 20:28:50.453 [warning] [Git][revParse] Unable to read file: ENOENT: no such file or directory, open '/home/zyh/OSLabs/.git/refs/remotes/origin/thread'
2024-10-16 20:28:50.455 [info] > git rev-parse refs/remotes/origin/thread [1ms]
2024-10-16 20:28:50.460 [info] > git status -z -uall [3ms]
2024-10-16 20:28:50.461 [info] > git for-each-ref --sort -committerdate --format %(refname) %(objectname) %(*objectname) [1ms]
2024-10-16 20:28:53.600 [info] [Git][getRemotes] No remotes found in the git config file
2024-10-16 20:28:53.601 [info] > git config --get commit.template [4ms]
2024-10-16 20:28:53.601 [info] > git for-each-ref --format=%(refname)%00%(upstream:short)%00%(objectname)%00%(upstream:track)%00%(upstream:remotename)%00%(upstream:remoteref) refs/heads/master refs/remotes/master [1ms]
2024-10-16 20:28:53.601 [warning] [Git][getBranch] No such branch: master
2024-10-16 20:28:53.608 [info] > git for-each-ref --sort -committerdate --format %(refname) %(objectname) %(*objectname) [1ms]
2024-10-16 20:28:53.616 [info] > git status -z -uall [12ms]
2024-10-16 20:28:58.637 [info] [Git][getRemotes] No remotes found in the git config file
2024-10-16 20:28:58.638 [info] > git for-each-ref --format=%(refname)%00%(upstream:short)%00%(objectname)%00%(upstream:track)%00%(upstream:remotename)%00%(upstream:remoteref) refs/heads/master refs/remotes/master [2ms]
2024-10-16 20:28:58.638 [warning] [Git][getBranch] No such branch: master
2024-10-16 20:28:58.638 [info] > git config --get commit.template [4ms]
2024-10-16 20:28:58.646 [info] > git for-each-ref --sort -committerdate --format %(refname) %(objectname) %(*objectname) [1ms]
2024-10-16 20:28:58.656 [info] > git status -z -uall [15ms]
2024-10-16 20:29:03.685 [info] [Git][getRemotes] No remotes found in the git config file
2024-10-16 20:29:03.685 [info] > git config --get commit.template [4ms]
2024-10-16 20:29:03.686 [info] > git for-each-ref --format=%(refname)%00%(upstream:short)%00%(objectname)%00%(upstream:track)%00%(upstream:remotename)%00%(upstream:remoteref) refs/heads/master refs/remotes/master [2ms]
2024-10-16 20:29:03.686 [warning] [Git][getBranch] No such branch: master
2024-10-16 20:29:03.691 [info] > git for-each-ref --sort -committerdate --format %(refname) %(objectname) %(*objectname) [1ms]
2024-10-16 20:29:03.699 [info] > git status -z -uall [11ms]
2024-10-16 20:29:08.719 [info] [Git][getRemotes] No remotes found in the git config file
2024-10-16 20:29:08.719 [info] > git config --get commit.template [3ms]
2024-10-16 20:29:08.720 [info] > git for-each-ref --format=%(refname)%00%(upstream:short)%00%(objectname)%00%(upstream:track)%00%(upstream:remotename)%00%(upstream:remoteref) refs/heads/master refs/remotes/master [1ms]
2024-10-16 20:29:08.720 [warning] [Git][getBranch] No such branch: master
2024-10-16 20:29:08.725 [info] > git for-each-ref --sort -committerdate --format %(refname) %(objectname) %(*objectname) [1ms]
2024-10-16 20:29:08.733 [info] > git status -z -uall [11ms]
2024-10-16 20:29:14.603 [info] [Git][getRemotes] No remotes found in the git config file
2024-10-16 20:29:14.604 [info] > git config --get commit.template [4ms]
2024-10-16 20:29:14.604 [info] > git for-each-ref --format=%(refname)%00%(upstream:short)%00%(objectname)%00%(upstream:track)%00%(upstream:remotename)%00%(upstream:remoteref) refs/heads/master refs/remotes/master [1ms]
2024-10-16 20:29:14.604 [warning] [Git][getBranch] No such branch: master
2024-10-16 20:29:14.611 [info] > git for-each-ref --sort -committerdate --format %(refname) %(objectname) %(*objectname) [1ms]
2024-10-16 20:29:14.618 [info] > git status -z -uall [11ms]
2024-10-16 20:29:19.641 [info] [Git][getRemotes] No remotes found in the git config file
2024-10-16 20:29:19.642 [info] > git config --get commit.template [4ms]
2024-10-16 20:29:19.642 [info] > git for-each-ref --format=%(refname)%00%(upstream:short)%00%(objectname)%00%(upstream:track)%00%(upstream:remotename)%00%(upstream:remoteref) refs/heads/master refs/remotes/master [1ms]
2024-10-16 20:29:19.642 [warning] [Git][getBranch] No such branch: master
2024-10-16 20:29:19.648 [info] > git for-each-ref --sort -committerdate --format %(refname) %(objectname) %(*objectname) [2ms]
2024-10-16 20:29:19.656 [info] > git status -z -uall [11ms]
2024-10-16 20:29:24.677 [info] [Git][getRemotes] No remotes found in the git config file
2024-10-16 20:29:24.678 [info] > git config --get commit.template [4ms]
2024-10-16 20:29:24.678 [info] > git for-each-ref --format=%(refname)%00%(upstream:short)%00%(objectname)%00%(upstream:track)%00%(upstream:remotename)%00%(upstream:remoteref) refs/heads/master refs/remotes/master [1ms]
2024-10-16 20:29:24.678 [warning] [Git][getBranch] No such branch: master
2024-10-16 20:29:24.683 [info] > git for-each-ref --sort -committerdate --format %(refname) %(objectname) %(*objectname) [1ms]
2024-10-16 20:29:24.692 [info] > git status -z -uall [11ms]
2024-10-16 20:29:29.713 [info] [Git][getRemotes] No remotes found in the git config file
2024-10-16 20:29:29.714 [info] > git config --get commit.template [4ms]
2024-10-16 20:29:29.714 [info] > git for-each-ref --format=%(refname)%00%(upstream:short)%00%(objectname)%00%(upstream:track)%00%(upstream:remotename)%00%(upstream:remoteref) refs/heads/master refs/remotes/master [1ms]
2024-10-16 20:29:29.714 [warning] [Git][getBranch] No such branch: master
2024-10-16 20:29:29.720 [info] > git for-each-ref --sort -committerdate --format %(refname) %(objectname) %(*objectname) [1ms]
2024-10-16 20:29:29.729 [info] > git status -z -uall [13ms]
2024-10-16 20:29:34.749 [info] [Git][getRemotes] No remotes found in the git config file
2024-10-16 20:29:34.750 [info] > git config --get commit.template [4ms]
2024-10-16 20:29:34.750 [info] > git for-each-ref --format=%(refname)%00%(upstream:short)%00%(objectname)%00%(upstream:track)%00%(upstream:remotename)%00%(upstream:remoteref) refs/heads/master refs/remotes/master [1ms]
2024-10-16 20:29:34.750 [warning] [Git][getBranch] No such branch: master
2024-10-16 20:29:34.755 [info] > git for-each-ref --sort -committerdate --format %(refname) %(objectname) %(*objectname) [1ms]
2024-10-16 20:29:34.763 [info] > git status -z -uall [11ms]
2024-10-16 20:29:39.784 [info] [Git][getRemotes] No remotes found in the git config file
2024-10-16 20:29:39.785 [info] > git config --get commit.template [3ms]
2024-10-16 20:29:39.785 [info] > git for-each-ref --format=%(refname)%00%(upstream:short)%00%(objectname)%00%(upstream:track)%00%(upstream:remotename)%00%(upstream:remoteref) refs/heads/master refs/remotes/master [1ms]
2024-10-16 20:29:39.785 [warning] [Git][getBranch] No such branch: master
2024-10-16 20:29:39.790 [info] > git for-each-ref --sort -committerdate --format %(refname) %(objectname) %(*objectname) [1ms]
2024-10-16 20:29:39.798 [info] > git status -z -uall [11ms]
2024-10-16 20:29:44.822 [info] [Git][getRemotes] No remotes found in the git config file
2024-10-16 20:29:44.822 [info] > git config --get commit.template [3ms]
2024-10-16 20:29:44.823 [info] > git for-each-ref --format=%(refname)%00%(upstream:short)%00%(objectname)%00%(upstream:track)%00%(upstream:remotename)%00%(upstream:remoteref) refs/heads/master refs/remotes/master [2ms]
2024-10-16 20:29:44.823 [warning] [Git][getBranch] No such branch: master
2024-10-16 20:29:44.829 [info] > git for-each-ref --sort -committerdate --format %(refname) %(objectname) %(*objectname) [1ms]
2024-10-16 20:29:44.837 [info] > git status -z -uall [12ms]
2024-10-16 20:29:49.857 [info] [Git][getRemotes] No remotes found in the git config file
2024-10-16 20:29:49.858 [info] > git config --get commit.template [3ms]
2024-10-16 20:29:49.858 [info] > git for-each-ref --format=%(refname)%00%(upstream:short)%00%(objectname)%00%(upstream:track)%00%(upstream:remotename)%00%(upstream:remoteref) refs/heads/master refs/remotes/master [1ms]
2024-10-16 20:29:49.858 [warning] [Git][getBranch] No such branch: master
2024-10-16 20:29:49.863 [info] > git for-each-ref --sort -committerdate --format %(refname) %(objectname) %(*objectname) [1ms]
2024-10-16 20:29:49.871 [info] > git status -z -uall [11ms]
2024-10-16 20:29:54.891 [info] [Git][getRemotes] No remotes found in the git config file
2024-10-16 20:29:54.894 [info] > git config --get commit.template [3ms]
2024-10-16 20:29:54.895 [info] > git for-each-ref --format=%(refname)%00%(upstream:short)%00%(objectname)%00%(upstream:track)%00%(upstream:remotename)%00%(upstream:remoteref) refs/heads/master refs/remotes/master [1ms]
2024-10-16 20:29:54.895 [warning] [Git][getBranch] No such branch: master
2024-10-16 20:29:54.901 [info] > git for-each-ref --sort -committerdate --format %(refname) %(objectname) %(*objectname) [2ms]
2024-10-16 20:29:54.908 [info] > git status -z -uall [11ms]
2024-10-16 20:29:59.928 [info] [Git][getRemotes] No remotes found in the git config file
2024-10-16 20:29:59.932 [info] > git config --get commit.template [4ms]
2024-10-16 20:29:59.932 [info] > git for-each-ref --format=%(refname)%00%(upstream:short)%00%(objectname)%00%(upstream:track)%00%(upstream:remotename)%00%(upstream:remoteref) refs/heads/master refs/remotes/master [2ms]
2024-10-16 20:29:59.932 [warning] [Git][getBranch] No such branch: master
2024-10-16 20:29:59.939 [info] > git for-each-ref --sort -committerdate --format %(refname) %(objectname) %(*objectname) [0ms]
2024-10-16 20:29:59.947 [info] > git status -z -uall [12ms]
2024-10-16 20:30:03.208 [info] > git config --get commit.template [3ms]
2024-10-16 20:30:03.208 [info] > git for-each-ref --format=%(refname)%00%(upstream:short)%00%(objectname)%00%(upstream:track)%00%(upstream:remotename)%00%(upstream:remoteref) refs/heads/thread refs/remotes/thread [1ms]
2024-10-16 20:30:03.211 [warning] [Git][revParse] Unable to read file: ENOENT: no such file or directory, open '/home/zyh/OSLabs/.git/refs/remotes/origin/thread'
2024-10-16 20:30:03.212 [info] > git rev-parse refs/remotes/origin/thread [1ms]
2024-10-16 20:30:03.218 [info] > git status -z -uall [4ms]
2024-10-16 20:30:03.218 [info] > git for-each-ref --sort -committerdate --format %(refname) %(objectname) %(*objectname) [1ms]
2024-10-16 20:30:04.969 [info] [Git][getRemotes] No remotes found in the git config file
2024-10-16 20:30:04.970 [info] > git config --get commit.template [4ms]
2024-10-16 20:30:04.970 [info] > git for-each-ref --format=%(refname)%00%(upstream:short)%00%(objectname)%00%(upstream:track)%00%(upstream:remotename)%00%(upstream:remoteref) refs/heads/master refs/remotes/master [1ms]
2024-10-16 20:30:04.970 [warning] [Git][getBranch] No such branch: master
2024-10-16 20:30:04.975 [info] > git for-each-ref --sort -committerdate --format %(refname) %(objectname) %(*objectname) [1ms]
2024-10-16 20:30:04.983 [info] > git status -z -uall [11ms]
2024-10-16 20:30:08.227 [info] > git config --get commit.template [3ms]
2024-10-16 20:30:08.228 [info] > git for-each-ref --format=%(refname)%00%(upstream:short)%00%(objectname)%00%(upstream:track)%00%(upstream:remotename)%00%(upstream:remoteref) refs/heads/thread refs/remotes/thread [1ms]
2024-10-16 20:30:08.230 [warning] [Git][revParse] Unable to read file: ENOENT: no such file or directory, open '/home/zyh/OSLabs/.git/refs/remotes/origin/thread'
2024-10-16 20:30:08.230 [info] > git rev-parse refs/remotes/origin/thread [0ms]
2024-10-16 20:30:08.234 [info] > git status -z -uall [2ms]
2024-10-16 20:30:08.235 [info] > git for-each-ref --sort -committerdate --format %(refname) %(objectname) %(*objectname) [1ms]
2024-10-16 20:30:11.626 [info] [Git][getRemotes] No remotes found in the git config file
2024-10-16 20:30:11.626 [info] > git config --get commit.template [4ms]
2024-10-16 20:30:11.626 [info] > git for-each-ref --format=%(refname)%00%(upstream:short)%00%(objectname)%00%(upstream:track)%00%(upstream:remotename)%00%(upstream:remoteref) refs/heads/master refs/remotes/master [0ms]
2024-10-16 20:30:11.626 [warning] [Git][getBranch] No such branch: master
2024-10-16 20:30:11.633 [info] > git for-each-ref --sort -committerdate --format %(refname) %(objectname) %(*objectname) [1ms]
2024-10-16 20:30:11.641 [info] > git status -z -uall [12ms]
2024-10-16 20:30:13.246 [info] > git config --get commit.template [3ms]
2024-10-16 20:30:13.247 [info] > git for-each-ref --format=%(refname)%00%(upstream:short)%00%(objectname)%00%(upstream:track)%00%(upstream:remotename)%00%(upstream:remoteref) refs/heads/thread refs/remotes/thread [2ms]
2024-10-16 20:30:13.250 [warning] [Git][revParse] Unable to read file: ENOENT: no such file or directory, open '/home/zyh/OSLabs/.git/refs/remotes/origin/thread'
2024-10-16 20:30:13.252 [info] > git rev-parse refs/remotes/origin/thread [1ms]
2024-10-16 20:30:13.258 [info] > git status -z -uall [4ms]
2024-10-16 20:30:13.259 [info] > git for-each-ref --sort -committerdate --format %(refname) %(objectname) %(*objectname) [2ms]
2024-10-16 20:30:16.661 [info] [Git][getRemotes] No remotes found in the git config file
2024-10-16 20:30:16.662 [info] > git config --get commit.template [3ms]
2024-10-16 20:30:16.662 [info] > git for-each-ref --format=%(refname)%00%(upstream:short)%00%(objectname)%00%(upstream:track)%00%(upstream:remotename)%00%(upstream:remoteref) refs/heads/master refs/remotes/master [1ms]
2024-10-16 20:30:16.662 [warning] [Git][getBranch] No such branch: master
2024-10-16 20:30:16.669 [info] > git for-each-ref --sort -committerdate --format %(refname) %(objectname) %(*objectname) [1ms]
2024-10-16 20:30:16.676 [info] > git status -z -uall [11ms]
2024-10-16 20:30:18.341 [info] > git config --get commit.template [2ms]
2024-10-16 20:30:18.342 [info] > git for-each-ref --format=%(refname)%00%(upstream:short)%00%(objectname)%00%(upstream:track)%00%(upstream:remotename)%00%(upstream:remoteref) refs/heads/thread refs/remotes/thread [1ms]
2024-10-16 20:30:18.344 [warning] [Git][revParse] Unable to read file: ENOENT: no such file or directory, open '/home/zyh/OSLabs/.git/refs/remotes/origin/thread'
2024-10-16 20:30:18.345 [info] > git rev-parse refs/remotes/origin/thread [1ms]
2024-10-16 20:30:18.350 [info] > git status -z -uall [3ms]
2024-10-16 20:30:18.351 [info] > git for-each-ref --sort -committerdate --format %(refname) %(objectname) %(*objectname) [1ms]
2024-10-16 20:30:21.693 [info] [Git][getRemotes] No remotes found in the git config file
2024-10-16 20:30:21.696 [info] > git config --get commit.template [4ms]
2024-10-16 20:30:21.697 [info] > git for-each-ref --format=%(refname)%00%(upstream:short)%00%(objectname)%00%(upstream:track)%00%(upstream:remotename)%00%(upstream:remoteref) refs/heads/master refs/remotes/master [1ms]
2024-10-16 20:30:21.697 [warning] [Git][getBranch] No such branch: master
2024-10-16 20:30:21.702 [info] > git for-each-ref --sort -committerdate --format %(refname) %(objectname) %(*objectname) [1ms]
2024-10-16 20:30:21.711 [info] > git status -z -uall [11ms]
2024-10-16 20:30:24.033 [info] > git check-ignore -v -z --stdin [6ms]
2024-10-16 20:30:24.034 [info] > git check-ignore -v -z --stdin [5ms]
2024-10-16 20:30:24.035 [info] > git check-ignore -v -z --stdin [4ms]
2024-10-16 20:30:26.735 [info] [Git][getRemotes] No remotes found in the git config file
2024-10-16 20:30:26.735 [info] > git config --get commit.template [3ms]
2024-10-16 20:30:26.736 [info] > git for-each-ref --format=%(refname)%00%(upstream:short)%00%(objectname)%00%(upstream:track)%00%(upstream:remotename)%00%(upstream:remoteref) refs/heads/master refs/remotes/master [2ms]
2024-10-16 20:30:26.736 [warning] [Git][getBranch] No such branch: master
2024-10-16 20:30:26.741 [info] > git for-each-ref --sort -committerdate --format %(refname) %(objectname) %(*objectname) [1ms]
2024-10-16 20:30:26.749 [info] > git status -z -uall [10ms]
2024-10-16 20:30:31.768 [info] [Git][getRemotes] No remotes found in the git config file
2024-10-16 20:30:31.769 [info] > git config --get commit.template [3ms]
2024-10-16 20:30:31.769 [info] > git for-each-ref --format=%(refname)%00%(upstream:short)%00%(objectname)%00%(upstream:track)%00%(upstream:remotename)%00%(upstream:remoteref) refs/heads/master refs/remotes/master [1ms]
2024-10-16 20:30:31.770 [warning] [Git][getBranch] No such branch: master
2024-10-16 20:30:31.774 [info] > git for-each-ref --sort -committerdate --format %(refname) %(objectname) %(*objectname) [1ms]
2024-10-16 20:30:31.783 [info] > git status -z -uall [11ms]
2024-10-16 20:30:34.452 [info] > git config --get commit.template [3ms]
2024-10-16 20:30:34.452 [info] > git for-each-ref --format=%(refname)%00%(upstream:short)%00%(objectname)%00%(upstream:track)%00%(upstream:remotename)%00%(upstream:remoteref) refs/heads/thread refs/remotes/thread [1ms]
2024-10-16 20:30:34.456 [warning] [Git][revParse] Unable to read file: ENOENT: no such file or directory, open '/home/zyh/OSLabs/.git/refs/remotes/origin/thread'
2024-10-16 20:30:34.457 [info] > git rev-parse refs/remotes/origin/thread [1ms]
2024-10-16 20:30:34.462 [info] > git status -z -uall [3ms]
2024-10-16 20:30:34.463 [info] > git for-each-ref --sort -committerdate --format %(refname) %(objectname) %(*objectname) [1ms]
2024-10-16 20:30:37.633 [info] > git config --get commit.template [4ms]
2024-10-16 20:30:37.633 [info] [Git][getRemotes] No remotes found in the git config file
2024-10-16 20:30:37.634 [info] > git for-each-ref --format=%(refname)%00%(upstream:short)%00%(objectname)%00%(upstream:track)%00%(upstream:remotename)%00%(upstream:remoteref) refs/heads/master refs/remotes/master [2ms]
2024-10-16 20:30:37.634 [warning] [Git][getBranch] No such branch: master
2024-10-16 20:30:37.639 [info] > git for-each-ref --sort -committerdate --format %(refname) %(objectname) %(*objectname) [0ms]
2024-10-16 20:30:37.646 [info] > git status -z -uall [10ms]
2024-10-16 20:30:42.669 [info] [Git][getRemotes] No remotes found in the git config file
2024-10-16 20:30:42.669 [info] > git config --get commit.template [3ms]
2024-10-16 20:30:42.670 [info] > git for-each-ref --format=%(refname)%00%(upstream:short)%00%(objectname)%00%(upstream:track)%00%(upstream:remotename)%00%(upstream:remoteref) refs/heads/master refs/remotes/master [1ms]
2024-10-16 20:30:42.670 [warning] [Git][getBranch] No such branch: master
2024-10-16 20:30:42.675 [info] > git for-each-ref --sort -committerdate --format %(refname) %(objectname) %(*objectname) [1ms]
2024-10-16 20:30:42.684 [info] > git status -z -uall [12ms]
2024-10-16 20:30:47.705 [info] [Git][getRemotes] No remotes found in the git config file
2024-10-16 20:30:47.706 [info] > git config --get commit.template [4ms]
2024-10-16 20:30:47.706 [info] > git for-each-ref --format=%(refname)%00%(upstream:short)%00%(objectname)%00%(upstream:track)%00%(upstream:remotename)%00%(upstream:remoteref) refs/heads/master refs/remotes/master [1ms]
2024-10-16 20:30:47.706 [warning] [Git][getBranch] No such branch: master
2024-10-16 20:30:47.713 [info] > git for-each-ref --sort -committerdate --format %(refname) %(objectname) %(*objectname) [2ms]
2024-10-16 20:30:47.720 [info] > git status -z -uall [11ms]
