2024-10-16 20:51:46.722 [info] Extension host with pid 16753 started
2024-10-16 20:51:46.741 [info] Lock '/home/zyh/.vscode-server/data/User/workspaceStorage/868cafb2ac1f358e4112c7cce70dc2d6/vscode.lock': Lock acquired.
2024-10-16 20:51:46.873 [info] ExtensionService#_doActivateExtension vscode.emmet, startup: false, activationEvent: 'onLanguage'
2024-10-16 20:51:47.212 [info] ExtensionService#_doActivateExtension vscode.git-base, startup: true, activationEvent: '*', root cause: vscode.git
2024-10-16 20:51:47.551 [info] ExtensionService#_doActivateExtension vscode.git, startup: true, activationEvent: '*'
2024-10-16 20:51:47.551 [info] ExtensionService#_doActivateExtension vscode.github, startup: true, activationEvent: '*'
2024-10-16 20:51:47.656 [info] ExtensionService#_doActivateExtension ms-vscode.makefile-tools, startup: true, activationEvent: 'workspaceContains:**/makefile,**/Makefile,**/GNUmakefile'
2024-10-16 20:51:48.108 [warning] [Decorations] CAPPING events from decorations provider vscode.git 1921
2024-10-16 20:51:48.455 [warning] [Decorations] CAPPING events from decorations provider vscode.git 1921
2024-10-16 20:51:48.862 [info] Eager extensions activated
2024-10-16 20:51:48.863 [info] ExtensionService#_doActivateExtension vscode.debug-auto-launch, startup: false, activationEvent: 'onStartupFinished'
2024-10-16 20:51:48.863 [info] ExtensionService#_doActivateExtension vscode.merge-conflict, startup: false, activationEvent: 'onStartupFinished'
2024-10-16 20:51:52.914 [warning] [Decorations] CAPPING events from decorations provider vscode.git 1924
2024-10-16 20:51:57.953 [warning] [Decorations] CAPPING events from decorations provider vscode.git 1924
2024-10-16 20:52:02.990 [warning] [Decorations] CAPPING events from decorations provider vscode.git 1917
2024-10-16 20:52:08.032 [warning] [Decorations] CAPPING events from decorations provider vscode.git 1917
2024-10-16 20:52:13.069 [warning] [Decorations] CAPPING events from decorations provider vscode.git 1917
2024-10-16 20:52:18.106 [warning] [Decorations] CAPPING events from decorations provider vscode.git 1917
2024-10-16 20:52:23.165 [warning] [Decorations] CAPPING events from decorations provider vscode.git 1917
2024-10-16 20:52:28.206 [warning] [Decorations] CAPPING events from decorations provider vscode.git 1917
2024-10-16 20:52:33.247 [warning] [Decorations] CAPPING events from decorations provider vscode.git 1917
2024-10-16 20:52:38.285 [warning] [Decorations] CAPPING events from decorations provider vscode.git 1917
2024-10-16 20:52:46.925 [warning] [Decorations] CAPPING events from decorations provider vscode.git 1917
2024-10-16 20:52:51.961 [warning] [Decorations] CAPPING events from decorations provider vscode.git 1917
2024-10-16 20:53:00.941 [warning] [Decorations] CAPPING events from decorations provider vscode.git 1917
2024-10-16 20:53:05.987 [warning] [Decorations] CAPPING events from decorations provider vscode.git 1917
2024-10-16 20:53:11.937 [warning] [Decorations] CAPPING events from decorations provider vscode.git 1917
2024-10-16 20:53:16.977 [warning] [Decorations] CAPPING events from decorations provider vscode.git 1917
2024-10-16 20:57:24.545 [warning] [Decorations] CAPPING events from decorations provider vscode.git 1917
2024-10-16 20:57:29.590 [warning] [Decorations] CAPPING events from decorations provider vscode.git 1917
2024-10-16 20:58:34.528 [warning] [Decorations] CAPPING events from decorations provider vscode.git 1917
2024-10-16 20:58:39.572 [warning] [Decorations] CAPPING events from decorations provider vscode.git 1917
2024-10-16 20:58:44.617 [warning] [Decorations] CAPPING events from decorations provider vscode.git 1917
2024-10-16 20:58:49.655 [warning] [Decorations] CAPPING events from decorations provider vscode.git 1917
2024-10-16 20:58:54.699 [warning] [Decorations] CAPPING events from decorations provider vscode.git 1918
2024-10-16 20:58:59.738 [warning] [Decorations] CAPPING events from decorations provider vscode.git 1917
2024-10-16 20:59:08.057 [warning] [Decorations] CAPPING events from decorations provider vscode.git 1917
2024-10-16 20:59:13.096 [warning] [Decorations] CAPPING events from decorations provider vscode.git 1917
2024-10-16 20:59:21.065 [warning] [Decorations] CAPPING events from decorations provider vscode.git 1918
2024-10-16 20:59:26.102 [warning] [Decorations] CAPPING events from decorations provider vscode.git 1917
2024-10-16 20:59:31.141 [warning] [Decorations] CAPPING events from decorations provider vscode.git 1917
2024-10-16 20:59:36.178 [warning] [Decorations] CAPPING events from decorations provider vscode.git 1917
2024-10-16 20:59:41.218 [warning] [Decorations] CAPPING events from decorations provider vscode.git 1917
2024-10-16 20:59:46.253 [warning] [Decorations] CAPPING events from decorations provider vscode.git 1917
2024-10-16 20:59:51.295 [warning] [Decorations] CAPPING events from decorations provider vscode.git 1917
2024-10-16 20:59:56.347 [warning] [Decorations] CAPPING events from decorations provider vscode.git 1917
2024-10-16 21:00:01.389 [warning] [Decorations] CAPPING events from decorations provider vscode.git 1917
2024-10-16 21:00:06.443 [warning] [Decorations] CAPPING events from decorations provider vscode.git 1917
2024-10-16 21:00:11.484 [warning] [Decorations] CAPPING events from decorations provider vscode.git 1917
2024-10-16 21:00:16.542 [warning] [Decorations] CAPPING events from decorations provider vscode.git 1917
2024-10-16 21:00:21.581 [warning] [Decorations] CAPPING events from decorations provider vscode.git 1917
2024-10-16 21:00:26.624 [warning] [Decorations] CAPPING events from decorations provider vscode.git 1917
2024-10-16 21:00:31.664 [warning] [Decorations] CAPPING events from decorations provider vscode.git 1917
2024-10-16 21:00:36.706 [warning] [Decorations] CAPPING events from decorations provider vscode.git 1917
2024-10-16 21:00:44.106 [warning] [Decorations] CAPPING events from decorations provider vscode.git 1917
2024-10-16 21:00:49.146 [warning] [Decorations] CAPPING events from decorations provider vscode.git 1917
2024-10-16 21:00:54.187 [warning] [Decorations] CAPPING events from decorations provider vscode.git 1917
2024-10-16 21:00:59.242 [warning] [Decorations] CAPPING events from decorations provider vscode.git 1917
2024-10-16 21:01:04.281 [warning] [Decorations] CAPPING events from decorations provider vscode.git 1917
2024-10-16 21:01:09.321 [warning] [Decorations] CAPPING events from decorations provider vscode.git 1917
2024-10-16 21:01:14.358 [warning] [Decorations] CAPPING events from decorations provider vscode.git 1918
2024-10-16 21:01:19.394 [warning] [Decorations] CAPPING events from decorations provider vscode.git 1917
2024-10-16 21:01:24.432 [warning] [Decorations] CAPPING events from decorations provider vscode.git 1917
2024-10-16 21:01:31.124 [warning] [Decorations] CAPPING events from decorations provider vscode.git 1918
2024-10-16 21:01:36.163 [warning] [Decorations] CAPPING events from decorations provider vscode.git 1917
2024-10-16 21:01:41.200 [warning] [Decorations] CAPPING events from decorations provider vscode.git 1918
2024-10-16 21:01:46.239 [warning] [Decorations] CAPPING events from decorations provider vscode.git 1917
2024-10-16 21:01:51.280 [warning] [Decorations] CAPPING events from decorations provider vscode.git 1917
2024-10-16 21:01:57.122 [warning] [Decorations] CAPPING events from decorations provider vscode.git 1918
2024-10-16 21:02:02.156 [warning] [Decorations] CAPPING events from decorations provider vscode.git 1917
2024-10-16 21:02:07.185 [warning] [Decorations] CAPPING events from decorations provider vscode.git 1917
2024-10-16 21:02:12.214 [warning] [Decorations] CAPPING events from decorations provider vscode.git 1917
2024-10-16 21:02:17.240 [warning] [Decorations] CAPPING events from decorations provider vscode.git 1917
2024-10-16 21:02:22.266 [warning] [Decorations] CAPPING events from decorations provider vscode.git 1917
2024-10-16 21:02:27.289 [warning] [Decorations] CAPPING events from decorations provider vscode.git 1917
2024-10-16 21:02:32.315 [warning] [Decorations] CAPPING events from decorations provider vscode.git 1917
2024-10-16 21:02:37.339 [warning] [Decorations] CAPPING events from decorations provider vscode.git 1917
2024-10-16 21:02:42.364 [warning] [Decorations] CAPPING events from decorations provider vscode.git 1917
2024-10-16 21:02:47.390 [warning] [Decorations] CAPPING events from decorations provider vscode.git 1917
2024-10-16 21:02:52.413 [warning] [Decorations] CAPPING events from decorations provider vscode.git 1917
2024-10-16 21:02:57.438 [warning] [Decorations] CAPPING events from decorations provider vscode.git 1917
2024-10-16 21:03:02.469 [warning] [Decorations] CAPPING events from decorations provider vscode.git 1917
2024-10-16 21:03:07.499 [warning] [Decorations] CAPPING events from decorations provider vscode.git 1917
2024-10-16 21:03:12.526 [warning] [Decorations] CAPPING events from decorations provider vscode.git 1917
2024-10-16 21:03:17.554 [warning] [Decorations] CAPPING events from decorations provider vscode.git 1917
2024-10-16 21:03:22.588 [warning] [Decorations] CAPPING events from decorations provider vscode.git 1917
2024-10-16 21:03:27.614 [warning] [Decorations] CAPPING events from decorations provider vscode.git 1917
2024-10-16 21:03:32.644 [warning] [Decorations] CAPPING events from decorations provider vscode.git 1917
2024-10-16 21:03:39.146 [warning] [Decorations] CAPPING events from decorations provider vscode.git 1917
2024-10-16 21:03:44.172 [warning] [Decorations] CAPPING events from decorations provider vscode.git 1917
2024-10-16 21:03:49.197 [warning] [Decorations] CAPPING events from decorations provider vscode.git 1917
2024-10-16 21:03:54.224 [warning] [Decorations] CAPPING events from decorations provider vscode.git 1917
2024-10-16 21:03:59.253 [warning] [Decorations] CAPPING events from decorations provider vscode.git 1917
2024-10-16 21:04:04.281 [warning] [Decorations] CAPPING events from decorations provider vscode.git 1917
2024-10-16 21:04:09.307 [warning] [Decorations] CAPPING events from decorations provider vscode.git 1917
2024-10-16 21:04:14.335 [warning] [Decorations] CAPPING events from decorations provider vscode.git 1917
2024-10-16 21:04:24.161 [warning] [Decorations] CAPPING events from decorations provider vscode.git 1918
2024-10-16 21:04:29.186 [warning] [Decorations] CAPPING events from decorations provider vscode.git 1918
2024-10-16 21:04:34.208 [warning] [Decorations] CAPPING events from decorations provider vscode.git 1919
2024-10-16 21:04:39.231 [warning] [Decorations] CAPPING events from decorations provider vscode.git 1919
2024-10-16 21:04:44.260 [warning] [Decorations] CAPPING events from decorations provider vscode.git 1919
2024-10-16 21:04:49.285 [warning] [Decorations] CAPPING events from decorations provider vscode.git 1919
2024-10-16 21:04:54.317 [warning] [Decorations] CAPPING events from decorations provider vscode.git 1919
2024-10-16 21:04:59.345 [warning] [Decorations] CAPPING events from decorations provider vscode.git 1919
2024-10-16 21:05:04.371 [warning] [Decorations] CAPPING events from decorations provider vscode.git 1919
2024-10-16 21:06:26.089 [warning] [Decorations] CAPPING events from decorations provider vscode.git 1919
2024-10-16 21:06:31.120 [warning] [Decorations] CAPPING events from decorations provider vscode.git 1919
2024-10-16 21:06:36.153 [warning] [Decorations] CAPPING events from decorations provider vscode.git 1919
2024-10-16 21:06:51.547 [warning] [Decorations] CAPPING events from decorations provider vscode.git 1919
2024-10-16 21:07:00.205 [warning] [Decorations] CAPPING events from decorations provider vscode.git 1919
2024-10-16 21:07:05.234 [warning] [Decorations] CAPPING events from decorations provider vscode.git 1919
2024-10-16 21:07:11.098 [warning] [Decorations] CAPPING events from decorations provider vscode.git 1919
2024-10-16 21:07:15.622 [info] ExtensionService#_doActivateExtension vscode.npm, startup: false, activationEvent: 'onTerminalQuickFixRequest:ms-vscode.npm-command'
2024-10-16 21:07:16.120 [warning] [Decorations] CAPPING events from decorations provider vscode.git 1919
2024-10-16 21:07:20.884 [info] ExtensionService#_doActivateExtension vscode.configuration-editing, startup: false, activationEvent: 'onLanguage:json'
2024-10-16 21:07:20.884 [info] ExtensionService#_doActivateExtension vscode.extension-editing, startup: false, activationEvent: 'onLanguage:json'
2024-10-16 21:07:20.884 [info] ExtensionService#_doActivateExtension vscode.json-language-features, startup: false, activationEvent: 'onLanguage:json'
2024-10-16 21:07:21.148 [warning] [Decorations] CAPPING events from decorations provider vscode.git 1920
2024-10-16 21:07:26.177 [warning] [Decorations] CAPPING events from decorations provider vscode.git 1920
2024-10-16 21:07:31.203 [warning] [Decorations] CAPPING events from decorations provider vscode.git 1920
2024-10-16 21:07:39.713 [warning] [Decorations] CAPPING events from decorations provider vscode.git 1920
2024-10-16 21:07:44.745 [warning] [Decorations] CAPPING events from decorations provider vscode.git 1920
2024-10-16 21:07:49.771 [warning] [Decorations] CAPPING events from decorations provider vscode.git 1920
2024-10-16 21:08:01.529 [warning] [Decorations] CAPPING events from decorations provider vscode.git 1920
2024-10-16 21:08:06.560 [warning] [Decorations] CAPPING events from decorations provider vscode.git 1920
2024-10-16 21:08:27.972 [warning] [Decorations] CAPPING events from decorations provider vscode.git 1920
2024-10-16 21:08:33.006 [warning] [Decorations] CAPPING events from decorations provider vscode.git 1920
2024-10-16 21:08:38.037 [warning] [Decorations] CAPPING events from decorations provider vscode.git 1920
2024-10-16 21:08:43.064 [warning] [Decorations] CAPPING events from decorations provider vscode.git 1920
2024-10-16 21:08:55.735 [warning] [Decorations] CAPPING events from decorations provider vscode.git 1920
2024-10-16 21:09:48.322 [warning] [Decorations] CAPPING events from decorations provider vscode.git 1920
2024-10-16 21:09:53.391 [warning] [Decorations] CAPPING events from decorations provider vscode.git 1920
2024-10-16 21:09:58.432 [warning] [Decorations] CAPPING events from decorations provider vscode.git 1920
2024-10-16 21:10:03.471 [warning] [Decorations] CAPPING events from decorations provider vscode.git 1920
2024-10-16 21:10:08.510 [warning] [Decorations] CAPPING events from decorations provider vscode.git 1920
2024-10-16 21:10:13.543 [warning] [Decorations] CAPPING events from decorations provider vscode.git 1920
2024-10-16 21:10:21.401 [warning] [Decorations] CAPPING events from decorations provider vscode.git 1920
2024-10-16 21:10:26.443 [warning] [Decorations] CAPPING events from decorations provider vscode.git 1920
2024-10-16 21:10:31.481 [warning] [Decorations] CAPPING events from decorations provider vscode.git 1920
2024-10-16 21:10:36.516 [warning] [Decorations] CAPPING events from decorations provider vscode.git 1920
2024-10-16 21:10:43.575 [warning] [Decorations] CAPPING events from decorations provider vscode.git 1920
2024-10-16 21:10:48.608 [warning] [Decorations] CAPPING events from decorations provider vscode.git 1920
2024-10-16 21:10:53.646 [warning] [Decorations] CAPPING events from decorations provider vscode.git 1920
2024-10-16 21:10:58.684 [warning] [Decorations] CAPPING events from decorations provider vscode.git 1920
2024-10-16 21:11:03.720 [warning] [Decorations] CAPPING events from decorations provider vscode.git 1920
2024-10-16 21:11:08.757 [warning] [Decorations] CAPPING events from decorations provider vscode.git 1920
2024-10-16 21:11:15.006 [warning] [Decorations] CAPPING events from decorations provider vscode.git 1920
2024-10-16 21:11:20.042 [warning] [Decorations] CAPPING events from decorations provider vscode.git 1920
2024-10-16 21:11:25.097 [warning] [Decorations] CAPPING events from decorations provider vscode.git 1920
2024-10-16 21:13:20.142 [warning] [Decorations] CAPPING events from decorations provider vscode.git 1920
2024-10-16 21:13:25.186 [warning] [Decorations] CAPPING events from decorations provider vscode.git 1920
2024-10-16 21:13:36.393 [warning] [Decorations] CAPPING events from decorations provider vscode.git 1920
2024-10-16 21:13:43.889 [warning] [Decorations] CAPPING events from decorations provider vscode.git 1920
2024-10-16 21:13:48.927 [warning] [Decorations] CAPPING events from decorations provider vscode.git 1920
2024-10-16 21:13:53.962 [warning] [Decorations] CAPPING events from decorations provider vscode.git 1920
2024-10-16 21:13:58.997 [warning] [Decorations] CAPPING events from decorations provider vscode.git 1920
2024-10-16 21:14:04.035 [warning] [Decorations] CAPPING events from decorations provider vscode.git 1920
2024-10-16 21:14:09.071 [warning] [Decorations] CAPPING events from decorations provider vscode.git 1920
2024-10-16 21:14:14.109 [warning] [Decorations] CAPPING events from decorations provider vscode.git 1920
2024-10-16 21:14:19.144 [warning] [Decorations] CAPPING events from decorations provider vscode.git 1920
2024-10-16 21:14:24.181 [warning] [Decorations] CAPPING events from decorations provider vscode.git 1920
2024-10-16 21:14:29.229 [warning] [Decorations] CAPPING events from decorations provider vscode.git 1920
2024-10-16 21:14:34.266 [warning] [Decorations] CAPPING events from decorations provider vscode.git 1920
2024-10-16 21:14:39.301 [warning] [Decorations] CAPPING events from decorations provider vscode.git 1920
2024-10-16 21:14:44.344 [warning] [Decorations] CAPPING events from decorations provider vscode.git 1920
2024-10-16 21:14:56.726 [warning] [Decorations] CAPPING events from decorations provider vscode.git 1920
2024-10-16 21:15:01.765 [warning] [Decorations] CAPPING events from decorations provider vscode.git 1920
2024-10-16 21:15:06.800 [warning] [Decorations] CAPPING events from decorations provider vscode.git 1920
2024-10-16 21:15:11.858 [warning] [Decorations] CAPPING events from decorations provider vscode.git 1920
2024-10-16 21:15:16.902 [warning] [Decorations] CAPPING events from decorations provider vscode.git 1920
2024-10-16 21:15:21.943 [warning] [Decorations] CAPPING events from decorations provider vscode.git 1920
2024-10-16 21:15:26.987 [warning] [Decorations] CAPPING events from decorations provider vscode.git 1920
2024-10-16 21:15:32.046 [warning] [Decorations] CAPPING events from decorations provider vscode.git 1920
2024-10-16 21:15:37.088 [warning] [Decorations] CAPPING events from decorations provider vscode.git 1920
2024-10-16 21:15:42.129 [warning] [Decorations] CAPPING events from decorations provider vscode.git 1920
2024-10-16 21:15:47.168 [warning] [Decorations] CAPPING events from decorations provider vscode.git 1920
2024-10-16 21:18:23.032 [warning] [Decorations] CAPPING events from decorations provider vscode.git 1920
2024-10-16 21:18:28.067 [warning] [Decorations] CAPPING events from decorations provider vscode.git 1920
2024-10-16 21:18:33.106 [warning] [Decorations] CAPPING events from decorations provider vscode.git 1920
2024-10-16 21:18:38.146 [warning] [Decorations] CAPPING events from decorations provider vscode.git 1920
2024-10-16 21:18:43.180 [warning] [Decorations] CAPPING events from decorations provider vscode.git 1920
2024-10-16 21:18:49.833 [warning] [Decorations] CAPPING events from decorations provider vscode.git 1920
2024-10-16 21:18:54.865 [warning] [Decorations] CAPPING events from decorations provider vscode.git 1920
2024-10-16 21:19:05.242 [warning] [Decorations] CAPPING events from decorations provider vscode.git 1920
2024-10-16 21:19:10.276 [warning] [Decorations] CAPPING events from decorations provider vscode.git 1920
2024-10-16 21:19:15.320 [warning] [Decorations] CAPPING events from decorations provider vscode.git 1920
2024-10-16 21:19:20.357 [warning] [Decorations] CAPPING events from decorations provider vscode.git 1920
2024-10-16 21:19:27.841 [warning] [Decorations] CAPPING events from decorations provider vscode.git 1920
2024-10-16 21:19:32.877 [warning] [Decorations] CAPPING events from decorations provider vscode.git 1920
2024-10-16 21:19:37.918 [warning] [Decorations] CAPPING events from decorations provider vscode.git 1920
2024-10-16 21:20:21.777 [warning] [Decorations] CAPPING events from decorations provider vscode.git 1920
2024-10-16 21:20:26.820 [warning] [Decorations] CAPPING events from decorations provider vscode.git 1920
2024-10-16 21:20:31.865 [warning] [Decorations] CAPPING events from decorations provider vscode.git 1920
2024-10-16 21:20:38.349 [warning] [Decorations] CAPPING events from decorations provider vscode.git 1920
2024-10-16 21:20:43.387 [warning] [Decorations] CAPPING events from decorations provider vscode.git 1920
2024-10-16 21:20:48.889 [warning] [Decorations] CAPPING events from decorations provider vscode.git 1920
2024-10-16 21:20:53.924 [warning] [Decorations] CAPPING events from decorations provider vscode.git 1920
2024-10-16 21:20:59.091 [warning] [Decorations] CAPPING events from decorations provider vscode.git 1920
2024-10-16 21:21:04.127 [warning] [Decorations] CAPPING events from decorations provider vscode.git 1920
2024-10-16 21:21:09.168 [warning] [Decorations] CAPPING events from decorations provider vscode.git 1920
2024-10-16 21:21:14.203 [warning] [Decorations] CAPPING events from decorations provider vscode.git 1920
2024-10-16 21:21:21.896 [warning] [Decorations] CAPPING events from decorations provider vscode.git 1920
2024-10-16 21:21:26.934 [warning] [Decorations] CAPPING events from decorations provider vscode.git 1920
2024-10-16 21:21:31.972 [warning] [Decorations] CAPPING events from decorations provider vscode.git 1920
2024-10-16 21:21:37.008 [warning] [Decorations] CAPPING events from decorations provider vscode.git 1920
2024-10-16 21:21:42.055 [warning] [Decorations] CAPPING events from decorations provider vscode.git 1920
2024-10-16 21:21:47.092 [warning] [Decorations] CAPPING events from decorations provider vscode.git 1920
2024-10-16 21:21:57.740 [warning] [Decorations] CAPPING events from decorations provider vscode.git 1920
2024-10-16 21:22:49.591 [warning] [Decorations] CAPPING events from decorations provider vscode.git 1920
2024-10-16 21:22:54.631 [warning] [Decorations] CAPPING events from decorations provider vscode.git 1920
2024-10-16 21:22:59.676 [warning] [Decorations] CAPPING events from decorations provider vscode.git 1920
2024-10-16 21:23:04.715 [warning] [Decorations] CAPPING events from decorations provider vscode.git 1920
2024-10-16 21:23:23.815 [warning] [Decorations] CAPPING events from decorations provider vscode.git 1920
2024-10-16 21:23:28.853 [warning] [Decorations] CAPPING events from decorations provider vscode.git 1920
2024-10-16 21:23:33.891 [warning] [Decorations] CAPPING events from decorations provider vscode.git 1920
2024-10-16 21:23:38.927 [warning] [Decorations] CAPPING events from decorations provider vscode.git 1920
2024-10-16 21:23:43.963 [warning] [Decorations] CAPPING events from decorations provider vscode.git 1920
2024-10-16 21:23:49.001 [warning] [Decorations] CAPPING events from decorations provider vscode.git 1920
2024-10-16 21:23:54.062 [warning] [Decorations] CAPPING events from decorations provider vscode.git 1920
2024-10-16 21:23:59.099 [warning] [Decorations] CAPPING events from decorations provider vscode.git 1920
2024-10-16 21:24:04.134 [warning] [Decorations] CAPPING events from decorations provider vscode.git 1920
2024-10-16 21:25:36.976 [warning] [Decorations] CAPPING events from decorations provider vscode.git 1920
2024-10-16 21:25:42.013 [warning] [Decorations] CAPPING events from decorations provider vscode.git 1920
2024-10-16 21:25:47.050 [warning] [Decorations] CAPPING events from decorations provider vscode.git 1920
2024-10-16 21:25:52.085 [warning] [Decorations] CAPPING events from decorations provider vscode.git 1920
2024-10-16 21:25:57.124 [warning] [Decorations] CAPPING events from decorations provider vscode.git 1920
2024-10-16 21:26:02.164 [warning] [Decorations] CAPPING events from decorations provider vscode.git 1920
2024-10-16 21:26:07.200 [warning] [Decorations] CAPPING events from decorations provider vscode.git 1920
2024-10-16 21:26:12.236 [warning] [Decorations] CAPPING events from decorations provider vscode.git 1920
2024-10-16 21:26:17.284 [warning] [Decorations] CAPPING events from decorations provider vscode.git 1920
2024-10-16 21:26:22.324 [warning] [Decorations] CAPPING events from decorations provider vscode.git 1920
2024-10-16 21:26:37.863 [warning] [Decorations] CAPPING events from decorations provider vscode.git 1920
2024-10-16 21:26:42.900 [warning] [Decorations] CAPPING events from decorations provider vscode.git 1920
2024-10-16 21:26:47.936 [warning] [Decorations] CAPPING events from decorations provider vscode.git 1920
2024-10-16 21:27:53.916 [warning] [Decorations] CAPPING events from decorations provider vscode.git 1920
2024-10-16 21:27:58.953 [warning] [Decorations] CAPPING events from decorations provider vscode.git 1920
2024-10-16 21:28:04.723 [warning] [Decorations] CAPPING events from decorations provider vscode.git 1920
2024-10-16 21:28:09.760 [warning] [Decorations] CAPPING events from decorations provider vscode.git 1920
2024-10-16 21:28:14.796 [warning] [Decorations] CAPPING events from decorations provider vscode.git 1920
2024-10-16 21:28:22.251 [warning] [Decorations] CAPPING events from decorations provider vscode.git 1920
2024-10-16 21:28:27.288 [warning] [Decorations] CAPPING events from decorations provider vscode.git 1920
2024-10-16 21:28:32.340 [warning] [Decorations] CAPPING events from decorations provider vscode.git 1920
2024-10-16 21:28:37.376 [warning] [Decorations] CAPPING events from decorations provider vscode.git 1920
2024-10-16 21:29:03.336 [warning] [Decorations] CAPPING events from decorations provider vscode.git 1920
2024-10-16 21:29:08.378 [warning] [Decorations] CAPPING events from decorations provider vscode.git 1920
2024-10-16 21:29:13.414 [warning] [Decorations] CAPPING events from decorations provider vscode.git 1920
2024-10-16 21:29:18.458 [warning] [Decorations] CAPPING events from decorations provider vscode.git 1920
2024-10-16 21:29:23.505 [warning] [Decorations] CAPPING events from decorations provider vscode.git 1920
2024-10-16 21:29:28.556 [warning] [Decorations] CAPPING events from decorations provider vscode.git 1920
2024-10-16 21:29:33.594 [warning] [Decorations] CAPPING events from decorations provider vscode.git 1920
2024-10-16 21:29:38.633 [warning] [Decorations] CAPPING events from decorations provider vscode.git 1920
2024-10-16 21:29:43.672 [warning] [Decorations] CAPPING events from decorations provider vscode.git 1920
2024-10-16 21:29:48.717 [warning] [Decorations] CAPPING events from decorations provider vscode.git 1920
2024-10-16 21:29:53.770 [warning] [Decorations] CAPPING events from decorations provider vscode.git 1920
2024-10-16 21:29:58.807 [warning] [Decorations] CAPPING events from decorations provider vscode.git 1920
