2024-10-16 20:30:58.271 [info] Extension host with pid 5237 started
2024-10-16 20:30:58.289 [info] Lock '/home/zyh/.vscode-server/data/User/workspaceStorage/868cafb2ac1f358e4112c7cce70dc2d6/vscode.lock': Lock acquired.
2024-10-16 20:30:58.396 [info] ExtensionService#_doActivateExtension vscode.emmet, startup: false, activationEvent: 'onLanguage'
2024-10-16 20:30:58.788 [info] ExtensionService#_doActivateExtension vscode.git-base, startup: true, activationEvent: '*', root cause: vscode.git
2024-10-16 20:30:59.009 [info] ExtensionService#_doActivateExtension vscode.git, startup: true, activationEvent: '*'
2024-10-16 20:30:59.010 [info] ExtensionService#_doActivateExtension vscode.github, startup: true, activationEvent: '*'
2024-10-16 20:30:59.129 [info] ExtensionService#_doActivateExtension ms-vscode.makefile-tools, startup: true, activationEvent: 'workspaceContains:**/makefile,**/Makefile,**/GNUmakefile'
2024-10-16 20:30:59.433 [warning] [Decorations] CAPPING events from decorations provider vscode.git 1917
2024-10-16 20:30:59.788 [warning] [Decorations] CAPPING events from decorations provider vscode.git 1917
2024-10-16 20:31:00.103 [info] Eager extensions activated
2024-10-16 20:31:00.103 [info] ExtensionService#_doActivateExtension vscode.debug-auto-launch, startup: false, activationEvent: 'onStartupFinished'
2024-10-16 20:31:00.104 [info] ExtensionService#_doActivateExtension vscode.merge-conflict, startup: false, activationEvent: 'onStartupFinished'
2024-10-16 20:31:03.428 [warning] [Decorations] CAPPING events from decorations provider vscode.git 1921
2024-10-16 20:31:08.467 [warning] [Decorations] CAPPING events from decorations provider vscode.git 1921
2024-10-16 20:31:13.506 [warning] [Decorations] CAPPING events from decorations provider vscode.git 1915
2024-10-16 20:31:18.543 [warning] [Decorations] CAPPING events from decorations provider vscode.git 1915
2024-10-16 20:31:23.580 [warning] [Decorations] CAPPING events from decorations provider vscode.git 1915
2024-10-16 20:31:28.618 [warning] [Decorations] CAPPING events from decorations provider vscode.git 1915
2024-10-16 20:31:34.437 [warning] [Decorations] CAPPING events from decorations provider vscode.git 1915
2024-10-16 20:31:39.476 [warning] [Decorations] CAPPING events from decorations provider vscode.git 1915
2024-10-16 20:31:44.518 [warning] [Decorations] CAPPING events from decorations provider vscode.git 1915
2024-10-16 20:31:49.552 [warning] [Decorations] CAPPING events from decorations provider vscode.git 1915
2024-10-16 20:31:54.588 [warning] [Decorations] CAPPING events from decorations provider vscode.git 1915
2024-10-16 20:31:59.627 [warning] [Decorations] CAPPING events from decorations provider vscode.git 1915
2024-10-16 20:32:04.667 [warning] [Decorations] CAPPING events from decorations provider vscode.git 1915
2024-10-16 20:32:09.704 [warning] [Decorations] CAPPING events from decorations provider vscode.git 1915
2024-10-16 20:32:14.740 [warning] [Decorations] CAPPING events from decorations provider vscode.git 1915
2024-10-16 20:32:20.458 [warning] [Decorations] CAPPING events from decorations provider vscode.git 1915
2024-10-16 20:32:25.497 [warning] [Decorations] CAPPING events from decorations provider vscode.git 1915
2024-10-16 20:32:30.534 [warning] [Decorations] CAPPING events from decorations provider vscode.git 1915
2024-10-16 20:32:35.569 [warning] [Decorations] CAPPING events from decorations provider vscode.git 1915
2024-10-16 20:32:40.603 [warning] [Decorations] CAPPING events from decorations provider vscode.git 1915
2024-10-16 20:32:45.644 [warning] [Decorations] CAPPING events from decorations provider vscode.git 1915
2024-10-16 20:32:50.685 [warning] [Decorations] CAPPING events from decorations provider vscode.git 1915
2024-10-16 20:32:55.728 [warning] [Decorations] CAPPING events from decorations provider vscode.git 1915
2024-10-16 20:33:00.763 [warning] [Decorations] CAPPING events from decorations provider vscode.git 1915
2024-10-16 20:33:05.802 [warning] [Decorations] CAPPING events from decorations provider vscode.git 1915
2024-10-16 20:33:10.841 [warning] [Decorations] CAPPING events from decorations provider vscode.git 1915
2024-10-16 20:33:15.881 [warning] [Decorations] CAPPING events from decorations provider vscode.git 1915
2024-10-16 20:33:23.511 [warning] [Decorations] CAPPING events from decorations provider vscode.git 1915
2024-10-16 20:33:30.493 [warning] [Decorations] CAPPING events from decorations provider vscode.git 1915
2024-10-16 20:33:35.531 [warning] [Decorations] CAPPING events from decorations provider vscode.git 1915
2024-10-16 20:33:40.575 [warning] [Decorations] CAPPING events from decorations provider vscode.git 1916
2024-10-16 20:33:45.609 [warning] [Decorations] CAPPING events from decorations provider vscode.git 1916
2024-10-16 20:33:50.649 [warning] [Decorations] CAPPING events from decorations provider vscode.git 1916
2024-10-16 20:33:56.497 [warning] [Decorations] CAPPING events from decorations provider vscode.git 1916
2024-10-16 20:34:03.499 [warning] [Decorations] CAPPING events from decorations provider vscode.git 1916
2024-10-16 20:34:08.536 [warning] [Decorations] CAPPING events from decorations provider vscode.git 1916
2024-10-16 20:34:14.502 [warning] [Decorations] CAPPING events from decorations provider vscode.git 1916
2024-10-16 20:34:19.543 [warning] [Decorations] CAPPING events from decorations provider vscode.git 1917
2024-10-16 20:34:24.581 [warning] [Decorations] CAPPING events from decorations provider vscode.git 1917
2024-10-16 20:34:33.505 [warning] [Decorations] CAPPING events from decorations provider vscode.git 1917
2024-10-16 20:34:38.544 [warning] [Decorations] CAPPING events from decorations provider vscode.git 1917
2024-10-16 20:34:47.512 [warning] [Decorations] CAPPING events from decorations provider vscode.git 1917
2024-10-16 20:34:52.549 [warning] [Decorations] CAPPING events from decorations provider vscode.git 1917
2024-10-16 20:34:57.584 [warning] [Decorations] CAPPING events from decorations provider vscode.git 1917
2024-10-16 20:35:02.624 [warning] [Decorations] CAPPING events from decorations provider vscode.git 1917
2024-10-16 20:35:07.662 [warning] [Decorations] CAPPING events from decorations provider vscode.git 1917
2024-10-16 20:35:12.700 [warning] [Decorations] CAPPING events from decorations provider vscode.git 1917
2024-10-16 20:35:17.738 [warning] [Decorations] CAPPING events from decorations provider vscode.git 1917
2024-10-16 20:35:22.777 [warning] [Decorations] CAPPING events from decorations provider vscode.git 1917
2024-10-16 20:35:33.530 [warning] [Decorations] CAPPING events from decorations provider vscode.git 1917
2024-10-16 20:35:36.335 [info] ExtensionService#_doActivateExtension vscode.npm, startup: false, activationEvent: 'onTerminalQuickFixRequest:ms-vscode.npm-command'
2024-10-16 20:35:38.568 [warning] [Decorations] CAPPING events from decorations provider vscode.git 1917
2024-10-16 20:35:41.610 [info] ExtensionService#_doActivateExtension vscode.configuration-editing, startup: false, activationEvent: 'onLanguage:json'
2024-10-16 20:35:41.610 [info] ExtensionService#_doActivateExtension vscode.extension-editing, startup: false, activationEvent: 'onLanguage:json'
2024-10-16 20:35:41.611 [info] ExtensionService#_doActivateExtension vscode.json-language-features, startup: false, activationEvent: 'onLanguage:json'
2024-10-16 20:35:45.537 [warning] [Decorations] CAPPING events from decorations provider vscode.git 1918
2024-10-16 20:35:50.593 [warning] [Decorations] CAPPING events from decorations provider vscode.git 1918
2024-10-16 20:35:55.631 [warning] [Decorations] CAPPING events from decorations provider vscode.git 1918
2024-10-16 20:36:00.666 [warning] [Decorations] CAPPING events from decorations provider vscode.git 1918
2024-10-16 20:36:05.704 [warning] [Decorations] CAPPING events from decorations provider vscode.git 1918
2024-10-16 20:36:10.742 [warning] [Decorations] CAPPING events from decorations provider vscode.git 1918
2024-10-16 20:36:15.795 [warning] [Decorations] CAPPING events from decorations provider vscode.git 1918
2024-10-16 20:36:22.556 [warning] [Decorations] CAPPING events from decorations provider vscode.git 1919
2024-10-16 20:36:30.568 [warning] [Decorations] CAPPING events from decorations provider vscode.git 1919
2024-10-16 20:36:35.615 [warning] [Decorations] CAPPING events from decorations provider vscode.git 1919
2024-10-16 20:36:40.651 [warning] [Decorations] CAPPING events from decorations provider vscode.git 1919
2024-10-16 20:36:46.566 [warning] [Decorations] CAPPING events from decorations provider vscode.git 1919
2024-10-16 20:36:51.601 [warning] [Decorations] CAPPING events from decorations provider vscode.git 1920
2024-10-16 20:36:56.637 [warning] [Decorations] CAPPING events from decorations provider vscode.git 1920
2024-10-16 20:37:01.677 [warning] [Decorations] CAPPING events from decorations provider vscode.git 1920
2024-10-16 20:37:06.714 [warning] [Decorations] CAPPING events from decorations provider vscode.git 1920
2024-10-16 20:37:11.751 [warning] [Decorations] CAPPING events from decorations provider vscode.git 1920
2024-10-16 20:37:16.787 [warning] [Decorations] CAPPING events from decorations provider vscode.git 1920
2024-10-16 20:37:22.583 [warning] [Decorations] CAPPING events from decorations provider vscode.git 1920
2024-10-16 20:37:27.616 [warning] [Decorations] CAPPING events from decorations provider vscode.git 1920
2024-10-16 20:37:32.652 [warning] [Decorations] CAPPING events from decorations provider vscode.git 1920
2024-10-16 20:37:37.688 [warning] [Decorations] CAPPING events from decorations provider vscode.git 1920
2024-10-16 20:37:42.723 [warning] [Decorations] CAPPING events from decorations provider vscode.git 1920
2024-10-16 20:37:47.757 [warning] [Decorations] CAPPING events from decorations provider vscode.git 1920
2024-10-16 20:37:52.791 [warning] [Decorations] CAPPING events from decorations provider vscode.git 1920
2024-10-16 20:37:57.830 [warning] [Decorations] CAPPING events from decorations provider vscode.git 1920
2024-10-16 20:38:05.600 [warning] [Decorations] CAPPING events from decorations provider vscode.git 1920
2024-10-16 20:38:10.637 [warning] [Decorations] CAPPING events from decorations provider vscode.git 1921
2024-10-16 20:38:15.670 [warning] [Decorations] CAPPING events from decorations provider vscode.git 1921
2024-10-16 20:38:20.707 [warning] [Decorations] CAPPING events from decorations provider vscode.git 1921
2024-10-16 20:38:25.747 [warning] [Decorations] CAPPING events from decorations provider vscode.git 1921
2024-10-16 20:38:30.790 [warning] [Decorations] CAPPING events from decorations provider vscode.git 1921
2024-10-16 20:38:36.615 [warning] [Decorations] CAPPING events from decorations provider vscode.git 1921
2024-10-16 20:38:41.654 [warning] [Decorations] CAPPING events from decorations provider vscode.git 1921
2024-10-16 20:38:46.691 [warning] [Decorations] CAPPING events from decorations provider vscode.git 1921
2024-10-16 20:38:51.730 [warning] [Decorations] CAPPING events from decorations provider vscode.git 1921
2024-10-16 20:39:29.641 [warning] [Decorations] CAPPING events from decorations provider vscode.git 1921
2024-10-16 20:39:34.684 [warning] [Decorations] CAPPING events from decorations provider vscode.git 1921
2024-10-16 20:39:42.631 [warning] [Decorations] CAPPING events from decorations provider vscode.git 1922
2024-10-16 20:39:47.670 [warning] [Decorations] CAPPING events from decorations provider vscode.git 1921
2024-10-16 20:39:52.710 [warning] [Decorations] CAPPING events from decorations provider vscode.git 1921
2024-10-16 20:39:57.761 [warning] [Decorations] CAPPING events from decorations provider vscode.git 1921
2024-10-16 20:40:02.797 [warning] [Decorations] CAPPING events from decorations provider vscode.git 1921
2024-10-16 20:40:07.836 [warning] [Decorations] CAPPING events from decorations provider vscode.git 1921
2024-10-16 20:40:12.874 [warning] [Decorations] CAPPING events from decorations provider vscode.git 1921
2024-10-16 20:40:17.911 [warning] [Decorations] CAPPING events from decorations provider vscode.git 1921
2024-10-16 20:40:22.949 [warning] [Decorations] CAPPING events from decorations provider vscode.git 1921
2024-10-16 20:40:27.991 [warning] [Decorations] CAPPING events from decorations provider vscode.git 1921
2024-10-16 20:40:33.034 [warning] [Decorations] CAPPING events from decorations provider vscode.git 1921
2024-10-16 20:40:38.070 [warning] [Decorations] CAPPING events from decorations provider vscode.git 1921
2024-10-16 20:40:43.115 [warning] [Decorations] CAPPING events from decorations provider vscode.git 1921
2024-10-16 20:40:48.173 [warning] [Decorations] CAPPING events from decorations provider vscode.git 1921
2024-10-16 20:40:53.213 [warning] [Decorations] CAPPING events from decorations provider vscode.git 1921
2024-10-16 20:40:58.252 [warning] [Decorations] CAPPING events from decorations provider vscode.git 1921
2024-10-16 20:40:59.336 [info] Extension host terminating: received terminate message from renderer
2024-10-16 20:40:59.337 [info] Lock '/home/zyh/.vscode-server/data/User/workspaceStorage/868cafb2ac1f358e4112c7cce70dc2d6/vscode.lock': Marking the lockfile as scheduled to be released in 6000 ms.
2024-10-16 20:40:59.416 [error] Canceled: Canceled
	at new eA (file:///home/zyh/.vscode-server/bin/384ff7382de624fb94dbaf6da11977bba1ecd427/out/vs/workbench/api/node/extensionHostProcess.js:31:151177)
	at Zb.U (file:///home/zyh/.vscode-server/bin/384ff7382de624fb94dbaf6da11977bba1ecd427/out/vs/workbench/api/node/extensionHostProcess.js:31:155789)
	at s.<computed>.n.charCodeAt.s.<computed> (file:///home/zyh/.vscode-server/bin/384ff7382de624fb94dbaf6da11977bba1ecd427/out/vs/workbench/api/node/extensionHostProcess.js:31:153283)
	at T0.g (file:///home/zyh/.vscode-server/bin/384ff7382de624fb94dbaf6da11977bba1ecd427/out/vs/workbench/api/node/extensionHostProcess.js:114:32325)
	at T0.executeCommand (file:///home/zyh/.vscode-server/bin/384ff7382de624fb94dbaf6da11977bba1ecd427/out/vs/workbench/api/node/extensionHostProcess.js:114:31826)
	at r.registerCommand.description (file:///home/zyh/.vscode-server/bin/384ff7382de624fb94dbaf6da11977bba1ecd427/out/vs/workbench/api/node/extensionHostProcess.js:114:31156)
	at T0.h (file:///home/zyh/.vscode-server/bin/384ff7382de624fb94dbaf6da11977bba1ecd427/out/vs/workbench/api/node/extensionHostProcess.js:114:32845)
	at T0.g (file:///home/zyh/.vscode-server/bin/384ff7382de624fb94dbaf6da11977bba1ecd427/out/vs/workbench/api/node/extensionHostProcess.js:114:31919)
	at T0.executeCommand (file:///home/zyh/.vscode-server/bin/384ff7382de624fb94dbaf6da11977bba1ecd427/out/vs/workbench/api/node/extensionHostProcess.js:114:31826)
	at Object.executeCommand (file:///home/zyh/.vscode-server/bin/384ff7382de624fb94dbaf6da11977bba1ecd427/out/vs/workbench/api/node/extensionHostProcess.js:156:37049)
	at gh.O [as value] (/home/zyh/.vscode-server/bin/384ff7382de624fb94dbaf6da11977bba1ecd427/extensions/git/dist/main.js:2:953034)
	at T.B (file:///home/zyh/.vscode-server/bin/384ff7382de624fb94dbaf6da11977bba1ecd427/out/vs/workbench/api/node/extensionHostProcess.js:29:732)
	at T.C (file:///home/zyh/.vscode-server/bin/384ff7382de624fb94dbaf6da11977bba1ecd427/out/vs/workbench/api/node/extensionHostProcess.js:29:802)
	at T.fire (file:///home/zyh/.vscode-server/bin/384ff7382de624fb94dbaf6da11977bba1ecd427/out/vs/workbench/api/node/extensionHostProcess.js:29:1019)
	at Object.p [as dispose] (/home/zyh/.vscode-server/bin/384ff7382de624fb94dbaf6da11977bba1ecd427/extensions/git/dist/main.js:2:973612)
	at /home/zyh/.vscode-server/bin/384ff7382de624fb94dbaf6da11977bba1ecd427/extensions/git/dist/main.js:2:979734
	at Array.forEach (<anonymous>)
	at f.dispose (/home/zyh/.vscode-server/bin/384ff7382de624fb94dbaf6da11977bba1ecd427/extensions/git/dist/main.js:2:979720)
	at D1.<anonymous> (file:///home/zyh/.vscode-server/bin/384ff7382de624fb94dbaf6da11977bba1ecd427/out/vs/workbench/api/node/extensionHostProcess.js:108:19996)
	at D1.dispose (file:///home/zyh/.vscode-server/bin/384ff7382de624fb94dbaf6da11977bba1ecd427/out/vs/workbench/api/node/extensionHostProcess.js:108:20092)
	at D1.<anonymous> (/home/zyh/.vscode-server/bin/384ff7382de624fb94dbaf6da11977bba1ecd427/extensions/git/dist/main.js:2:955332)
	at D1.dispose (file:///home/zyh/.vscode-server/bin/384ff7382de624fb94dbaf6da11977bba1ecd427/out/vs/workbench/api/node/extensionHostProcess.js:108:20092)
	at Si (file:///home/zyh/.vscode-server/bin/384ff7382de624fb94dbaf6da11977bba1ecd427/out/vs/workbench/api/node/extensionHostProcess.js:24:701)
	at file:///home/zyh/.vscode-server/bin/384ff7382de624fb94dbaf6da11977bba1ecd427/out/vs/workbench/api/node/extensionHostProcess.js:118:14995
	at file:///home/zyh/.vscode-server/bin/384ff7382de624fb94dbaf6da11977bba1ecd427/out/vs/workbench/api/node/extensionHostProcess.js:24:1011
	at Object.dispose (file:///home/zyh/.vscode-server/bin/384ff7382de624fb94dbaf6da11977bba1ecd427/out/vs/workbench/api/node/extensionHostProcess.js:7:2146)
	at hB.eb (file:///home/zyh/.vscode-server/bin/384ff7382de624fb94dbaf6da11977bba1ecd427/out/vs/workbench/api/node/extensionHostProcess.js:118:11922)
	at file:///home/zyh/.vscode-server/bin/384ff7382de624fb94dbaf6da11977bba1ecd427/out/vs/workbench/api/node/extensionHostProcess.js:118:9877
	at Array.map (<anonymous>)
	at hB.$ (file:///home/zyh/.vscode-server/bin/384ff7382de624fb94dbaf6da11977bba1ecd427/out/vs/workbench/api/node/extensionHostProcess.js:118:9865)
	at hB.terminate (file:///home/zyh/.vscode-server/bin/384ff7382de624fb94dbaf6da11977bba1ecd427/out/vs/workbench/api/node/extensionHostProcess.js:118:10108)
	at M3.terminate (file:///home/zyh/.vscode-server/bin/384ff7382de624fb94dbaf6da11977bba1ecd427/out/vs/workbench/api/node/extensionHostProcess.js:119:1424)
	at ps (file:///home/zyh/.vscode-server/bin/384ff7382de624fb94dbaf6da11977bba1ecd427/out/vs/workbench/api/node/extensionHostProcess.js:174:15058)
	at gh.value (file:///home/zyh/.vscode-server/bin/384ff7382de624fb94dbaf6da11977bba1ecd427/out/vs/workbench/api/node/extensionHostProcess.js:174:13218)
	at T.B (file:///home/zyh/.vscode-server/bin/384ff7382de624fb94dbaf6da11977bba1ecd427/out/vs/workbench/api/node/extensionHostProcess.js:29:732)
	at T.fire (file:///home/zyh/.vscode-server/bin/384ff7382de624fb94dbaf6da11977bba1ecd427/out/vs/workbench/api/node/extensionHostProcess.js:29:950)
	at no.fire (file:///home/zyh/.vscode-server/bin/384ff7382de624fb94dbaf6da11977bba1ecd427/out/vs/workbench/api/node/extensionHostProcess.js:31:9399)
	at Im.A (file:///home/zyh/.vscode-server/bin/384ff7382de624fb94dbaf6da11977bba1ecd427/out/vs/workbench/api/node/extensionHostProcess.js:31:12515)
	at gh.value (file:///home/zyh/.vscode-server/bin/384ff7382de624fb94dbaf6da11977bba1ecd427/out/vs/workbench/api/node/extensionHostProcess.js:31:10935)
	at T.B (file:///home/zyh/.vscode-server/bin/384ff7382de624fb94dbaf6da11977bba1ecd427/out/vs/workbench/api/node/extensionHostProcess.js:29:732)
	at T.fire (file:///home/zyh/.vscode-server/bin/384ff7382de624fb94dbaf6da11977bba1ecd427/out/vs/workbench/api/node/extensionHostProcess.js:29:950)
	at m5.acceptChunk (file:///home/zyh/.vscode-server/bin/384ff7382de624fb94dbaf6da11977bba1ecd427/out/vs/workbench/api/node/extensionHostProcess.js:31:7880)
	at gh.value (file:///home/zyh/.vscode-server/bin/384ff7382de624fb94dbaf6da11977bba1ecd427/out/vs/workbench/api/node/extensionHostProcess.js:31:7166)
	at T.B (file:///home/zyh/.vscode-server/bin/384ff7382de624fb94dbaf6da11977bba1ecd427/out/vs/workbench/api/node/extensionHostProcess.js:29:732)
	at T.fire (file:///home/zyh/.vscode-server/bin/384ff7382de624fb94dbaf6da11977bba1ecd427/out/vs/workbench/api/node/extensionHostProcess.js:29:950)
	at _2.z (file:///home/zyh/.vscode-server/bin/384ff7382de624fb94dbaf6da11977bba1ecd427/out/vs/workbench/api/node/extensionHostProcess.js:31:21892)
	at _2.acceptFrame (file:///home/zyh/.vscode-server/bin/384ff7382de624fb94dbaf6da11977bba1ecd427/out/vs/workbench/api/node/extensionHostProcess.js:31:21698)
	at z2.n (file:///home/zyh/.vscode-server/bin/384ff7382de624fb94dbaf6da11977bba1ecd427/out/vs/workbench/api/node/extensionHostProcess.js:31:20224)
	at file:///home/zyh/.vscode-server/bin/384ff7382de624fb94dbaf6da11977bba1ecd427/out/vs/workbench/api/node/extensionHostProcess.js:31:17454
	at Socket.t (file:///home/zyh/.vscode-server/bin/384ff7382de624fb94dbaf6da11977bba1ecd427/out/vs/workbench/api/node/extensionHostProcess.js:31:15393)
	at Socket.emit (node:events:519:28)
	at addChunk (node:internal/streams/readable:559:12)
	at readableAddChunkPushByteMode (node:internal/streams/readable:510:3)
	at Readable.push (node:internal/streams/readable:390:5)
	at TCP.onStreamRead (node:internal/stream_base_commons:191:23) setContext undefined
2024-10-16 20:40:59.416 [error] Canceled: Canceled
	at new eA (file:///home/zyh/.vscode-server/bin/384ff7382de624fb94dbaf6da11977bba1ecd427/out/vs/workbench/api/node/extensionHostProcess.js:31:151177)
	at Zb.U (file:///home/zyh/.vscode-server/bin/384ff7382de624fb94dbaf6da11977bba1ecd427/out/vs/workbench/api/node/extensionHostProcess.js:31:155789)
	at s.<computed>.n.charCodeAt.s.<computed> (file:///home/zyh/.vscode-server/bin/384ff7382de624fb94dbaf6da11977bba1ecd427/out/vs/workbench/api/node/extensionHostProcess.js:31:153283)
	at T0.g (file:///home/zyh/.vscode-server/bin/384ff7382de624fb94dbaf6da11977bba1ecd427/out/vs/workbench/api/node/extensionHostProcess.js:114:32325)
	at T0.executeCommand (file:///home/zyh/.vscode-server/bin/384ff7382de624fb94dbaf6da11977bba1ecd427/out/vs/workbench/api/node/extensionHostProcess.js:114:31826)
	at r.registerCommand.description (file:///home/zyh/.vscode-server/bin/384ff7382de624fb94dbaf6da11977bba1ecd427/out/vs/workbench/api/node/extensionHostProcess.js:114:31156)
	at T0.h (file:///home/zyh/.vscode-server/bin/384ff7382de624fb94dbaf6da11977bba1ecd427/out/vs/workbench/api/node/extensionHostProcess.js:114:32845)
	at T0.g (file:///home/zyh/.vscode-server/bin/384ff7382de624fb94dbaf6da11977bba1ecd427/out/vs/workbench/api/node/extensionHostProcess.js:114:31919)
	at T0.executeCommand (file:///home/zyh/.vscode-server/bin/384ff7382de624fb94dbaf6da11977bba1ecd427/out/vs/workbench/api/node/extensionHostProcess.js:114:31826)
	at Object.executeCommand (file:///home/zyh/.vscode-server/bin/384ff7382de624fb94dbaf6da11977bba1ecd427/out/vs/workbench/api/node/extensionHostProcess.js:156:37049)
	at gh.O [as value] (/home/zyh/.vscode-server/bin/384ff7382de624fb94dbaf6da11977bba1ecd427/extensions/git/dist/main.js:2:953034)
	at T.B (file:///home/zyh/.vscode-server/bin/384ff7382de624fb94dbaf6da11977bba1ecd427/out/vs/workbench/api/node/extensionHostProcess.js:29:732)
	at T.C (file:///home/zyh/.vscode-server/bin/384ff7382de624fb94dbaf6da11977bba1ecd427/out/vs/workbench/api/node/extensionHostProcess.js:29:802)
	at T.fire (file:///home/zyh/.vscode-server/bin/384ff7382de624fb94dbaf6da11977bba1ecd427/out/vs/workbench/api/node/extensionHostProcess.js:29:1019)
	at Object.p [as dispose] (/home/zyh/.vscode-server/bin/384ff7382de624fb94dbaf6da11977bba1ecd427/extensions/git/dist/main.js:2:973612)
	at /home/zyh/.vscode-server/bin/384ff7382de624fb94dbaf6da11977bba1ecd427/extensions/git/dist/main.js:2:979734
	at Array.forEach (<anonymous>)
	at f.dispose (/home/zyh/.vscode-server/bin/384ff7382de624fb94dbaf6da11977bba1ecd427/extensions/git/dist/main.js:2:979720)
	at D1.<anonymous> (file:///home/zyh/.vscode-server/bin/384ff7382de624fb94dbaf6da11977bba1ecd427/out/vs/workbench/api/node/extensionHostProcess.js:108:19996)
	at D1.dispose (file:///home/zyh/.vscode-server/bin/384ff7382de624fb94dbaf6da11977bba1ecd427/out/vs/workbench/api/node/extensionHostProcess.js:108:20092)
	at D1.<anonymous> (/home/zyh/.vscode-server/bin/384ff7382de624fb94dbaf6da11977bba1ecd427/extensions/git/dist/main.js:2:955332)
	at D1.dispose (file:///home/zyh/.vscode-server/bin/384ff7382de624fb94dbaf6da11977bba1ecd427/out/vs/workbench/api/node/extensionHostProcess.js:108:20092)
	at Si (file:///home/zyh/.vscode-server/bin/384ff7382de624fb94dbaf6da11977bba1ecd427/out/vs/workbench/api/node/extensionHostProcess.js:24:701)
	at file:///home/zyh/.vscode-server/bin/384ff7382de624fb94dbaf6da11977bba1ecd427/out/vs/workbench/api/node/extensionHostProcess.js:118:14995
	at file:///home/zyh/.vscode-server/bin/384ff7382de624fb94dbaf6da11977bba1ecd427/out/vs/workbench/api/node/extensionHostProcess.js:24:1011
	at Object.dispose (file:///home/zyh/.vscode-server/bin/384ff7382de624fb94dbaf6da11977bba1ecd427/out/vs/workbench/api/node/extensionHostProcess.js:7:2146)
	at hB.eb (file:///home/zyh/.vscode-server/bin/384ff7382de624fb94dbaf6da11977bba1ecd427/out/vs/workbench/api/node/extensionHostProcess.js:118:11922)
	at file:///home/zyh/.vscode-server/bin/384ff7382de624fb94dbaf6da11977bba1ecd427/out/vs/workbench/api/node/extensionHostProcess.js:118:9877
	at Array.map (<anonymous>)
	at hB.$ (file:///home/zyh/.vscode-server/bin/384ff7382de624fb94dbaf6da11977bba1ecd427/out/vs/workbench/api/node/extensionHostProcess.js:118:9865)
	at hB.terminate (file:///home/zyh/.vscode-server/bin/384ff7382de624fb94dbaf6da11977bba1ecd427/out/vs/workbench/api/node/extensionHostProcess.js:118:10108)
	at M3.terminate (file:///home/zyh/.vscode-server/bin/384ff7382de624fb94dbaf6da11977bba1ecd427/out/vs/workbench/api/node/extensionHostProcess.js:119:1424)
	at ps (file:///home/zyh/.vscode-server/bin/384ff7382de624fb94dbaf6da11977bba1ecd427/out/vs/workbench/api/node/extensionHostProcess.js:174:15058)
	at gh.value (file:///home/zyh/.vscode-server/bin/384ff7382de624fb94dbaf6da11977bba1ecd427/out/vs/workbench/api/node/extensionHostProcess.js:174:13218)
	at T.B (file:///home/zyh/.vscode-server/bin/384ff7382de624fb94dbaf6da11977bba1ecd427/out/vs/workbench/api/node/extensionHostProcess.js:29:732)
	at T.fire (file:///home/zyh/.vscode-server/bin/384ff7382de624fb94dbaf6da11977bba1ecd427/out/vs/workbench/api/node/extensionHostProcess.js:29:950)
	at no.fire (file:///home/zyh/.vscode-server/bin/384ff7382de624fb94dbaf6da11977bba1ecd427/out/vs/workbench/api/node/extensionHostProcess.js:31:9399)
	at Im.A (file:///home/zyh/.vscode-server/bin/384ff7382de624fb94dbaf6da11977bba1ecd427/out/vs/workbench/api/node/extensionHostProcess.js:31:12515)
	at gh.value (file:///home/zyh/.vscode-server/bin/384ff7382de624fb94dbaf6da11977bba1ecd427/out/vs/workbench/api/node/extensionHostProcess.js:31:10935)
	at T.B (file:///home/zyh/.vscode-server/bin/384ff7382de624fb94dbaf6da11977bba1ecd427/out/vs/workbench/api/node/extensionHostProcess.js:29:732)
	at T.fire (file:///home/zyh/.vscode-server/bin/384ff7382de624fb94dbaf6da11977bba1ecd427/out/vs/workbench/api/node/extensionHostProcess.js:29:950)
	at m5.acceptChunk (file:///home/zyh/.vscode-server/bin/384ff7382de624fb94dbaf6da11977bba1ecd427/out/vs/workbench/api/node/extensionHostProcess.js:31:7880)
	at gh.value (file:///home/zyh/.vscode-server/bin/384ff7382de624fb94dbaf6da11977bba1ecd427/out/vs/workbench/api/node/extensionHostProcess.js:31:7166)
	at T.B (file:///home/zyh/.vscode-server/bin/384ff7382de624fb94dbaf6da11977bba1ecd427/out/vs/workbench/api/node/extensionHostProcess.js:29:732)
	at T.fire (file:///home/zyh/.vscode-server/bin/384ff7382de624fb94dbaf6da11977bba1ecd427/out/vs/workbench/api/node/extensionHostProcess.js:29:950)
	at _2.z (file:///home/zyh/.vscode-server/bin/384ff7382de624fb94dbaf6da11977bba1ecd427/out/vs/workbench/api/node/extensionHostProcess.js:31:21892)
	at _2.acceptFrame (file:///home/zyh/.vscode-server/bin/384ff7382de624fb94dbaf6da11977bba1ecd427/out/vs/workbench/api/node/extensionHostProcess.js:31:21698)
	at z2.n (file:///home/zyh/.vscode-server/bin/384ff7382de624fb94dbaf6da11977bba1ecd427/out/vs/workbench/api/node/extensionHostProcess.js:31:20224)
	at file:///home/zyh/.vscode-server/bin/384ff7382de624fb94dbaf6da11977bba1ecd427/out/vs/workbench/api/node/extensionHostProcess.js:31:17454
	at Socket.t (file:///home/zyh/.vscode-server/bin/384ff7382de624fb94dbaf6da11977bba1ecd427/out/vs/workbench/api/node/extensionHostProcess.js:31:15393)
	at Socket.emit (node:events:519:28)
	at addChunk (node:internal/streams/readable:559:12)
	at readableAddChunkPushByteMode (node:internal/streams/readable:510:3)
	at Readable.push (node:internal/streams/readable:390:5)
	at TCP.onStreamRead (node:internal/stream_base_commons:191:23) setContext undefined
2024-10-16 20:40:59.417 [error] Canceled: Canceled
	at new eA (file:///home/zyh/.vscode-server/bin/384ff7382de624fb94dbaf6da11977bba1ecd427/out/vs/workbench/api/node/extensionHostProcess.js:31:151177)
	at Zb.U (file:///home/zyh/.vscode-server/bin/384ff7382de624fb94dbaf6da11977bba1ecd427/out/vs/workbench/api/node/extensionHostProcess.js:31:155789)
	at s.<computed>.n.charCodeAt.s.<computed> (file:///home/zyh/.vscode-server/bin/384ff7382de624fb94dbaf6da11977bba1ecd427/out/vs/workbench/api/node/extensionHostProcess.js:31:153283)
	at T0.g (file:///home/zyh/.vscode-server/bin/384ff7382de624fb94dbaf6da11977bba1ecd427/out/vs/workbench/api/node/extensionHostProcess.js:114:32325)
	at T0.executeCommand (file:///home/zyh/.vscode-server/bin/384ff7382de624fb94dbaf6da11977bba1ecd427/out/vs/workbench/api/node/extensionHostProcess.js:114:31826)
	at r.registerCommand.description (file:///home/zyh/.vscode-server/bin/384ff7382de624fb94dbaf6da11977bba1ecd427/out/vs/workbench/api/node/extensionHostProcess.js:114:31156)
	at T0.h (file:///home/zyh/.vscode-server/bin/384ff7382de624fb94dbaf6da11977bba1ecd427/out/vs/workbench/api/node/extensionHostProcess.js:114:32845)
	at T0.g (file:///home/zyh/.vscode-server/bin/384ff7382de624fb94dbaf6da11977bba1ecd427/out/vs/workbench/api/node/extensionHostProcess.js:114:31919)
	at T0.executeCommand (file:///home/zyh/.vscode-server/bin/384ff7382de624fb94dbaf6da11977bba1ecd427/out/vs/workbench/api/node/extensionHostProcess.js:114:31826)
	at Object.executeCommand (file:///home/zyh/.vscode-server/bin/384ff7382de624fb94dbaf6da11977bba1ecd427/out/vs/workbench/api/node/extensionHostProcess.js:156:37049)
	at set hasGitHubRepositories [as hasGitHubRepositories] (/home/zyh/.vscode-server/bin/384ff7382de624fb94dbaf6da11977bba1ecd427/extensions/github/dist/extension.js:2:321578)
	at /home/zyh/.vscode-server/bin/384ff7382de624fb94dbaf6da11977bba1ecd427/extensions/github/dist/extension.js:2:322537
	at gh.value (/home/zyh/.vscode-server/bin/384ff7382de624fb94dbaf6da11977bba1ecd427/extensions/git/dist/main.js:2:1061875)
	at T.B (file:///home/zyh/.vscode-server/bin/384ff7382de624fb94dbaf6da11977bba1ecd427/out/vs/workbench/api/node/extensionHostProcess.js:29:732)
	at T.C (file:///home/zyh/.vscode-server/bin/384ff7382de624fb94dbaf6da11977bba1ecd427/out/vs/workbench/api/node/extensionHostProcess.js:29:802)
	at T.fire (file:///home/zyh/.vscode-server/bin/384ff7382de624fb94dbaf6da11977bba1ecd427/out/vs/workbench/api/node/extensionHostProcess.js:29:1019)
	at Object.p [as dispose] (/home/zyh/.vscode-server/bin/384ff7382de624fb94dbaf6da11977bba1ecd427/extensions/git/dist/main.js:2:973612)
	at /home/zyh/.vscode-server/bin/384ff7382de624fb94dbaf6da11977bba1ecd427/extensions/git/dist/main.js:2:979734
	at Array.forEach (<anonymous>)
	at f.dispose (/home/zyh/.vscode-server/bin/384ff7382de624fb94dbaf6da11977bba1ecd427/extensions/git/dist/main.js:2:979720)
	at D1.<anonymous> (file:///home/zyh/.vscode-server/bin/384ff7382de624fb94dbaf6da11977bba1ecd427/out/vs/workbench/api/node/extensionHostProcess.js:108:19996)
	at D1.dispose (file:///home/zyh/.vscode-server/bin/384ff7382de624fb94dbaf6da11977bba1ecd427/out/vs/workbench/api/node/extensionHostProcess.js:108:20092)
	at D1.<anonymous> (/home/zyh/.vscode-server/bin/384ff7382de624fb94dbaf6da11977bba1ecd427/extensions/git/dist/main.js:2:955332)
	at D1.dispose (file:///home/zyh/.vscode-server/bin/384ff7382de624fb94dbaf6da11977bba1ecd427/out/vs/workbench/api/node/extensionHostProcess.js:108:20092)
	at Si (file:///home/zyh/.vscode-server/bin/384ff7382de624fb94dbaf6da11977bba1ecd427/out/vs/workbench/api/node/extensionHostProcess.js:24:701)
	at file:///home/zyh/.vscode-server/bin/384ff7382de624fb94dbaf6da11977bba1ecd427/out/vs/workbench/api/node/extensionHostProcess.js:118:14995
	at file:///home/zyh/.vscode-server/bin/384ff7382de624fb94dbaf6da11977bba1ecd427/out/vs/workbench/api/node/extensionHostProcess.js:24:1011
	at Object.dispose (file:///home/zyh/.vscode-server/bin/384ff7382de624fb94dbaf6da11977bba1ecd427/out/vs/workbench/api/node/extensionHostProcess.js:7:2146)
	at hB.eb (file:///home/zyh/.vscode-server/bin/384ff7382de624fb94dbaf6da11977bba1ecd427/out/vs/workbench/api/node/extensionHostProcess.js:118:11922)
	at file:///home/zyh/.vscode-server/bin/384ff7382de624fb94dbaf6da11977bba1ecd427/out/vs/workbench/api/node/extensionHostProcess.js:118:9877
	at Array.map (<anonymous>)
	at hB.$ (file:///home/zyh/.vscode-server/bin/384ff7382de624fb94dbaf6da11977bba1ecd427/out/vs/workbench/api/node/extensionHostProcess.js:118:9865)
	at hB.terminate (file:///home/zyh/.vscode-server/bin/384ff7382de624fb94dbaf6da11977bba1ecd427/out/vs/workbench/api/node/extensionHostProcess.js:118:10108)
	at M3.terminate (file:///home/zyh/.vscode-server/bin/384ff7382de624fb94dbaf6da11977bba1ecd427/out/vs/workbench/api/node/extensionHostProcess.js:119:1424)
	at ps (file:///home/zyh/.vscode-server/bin/384ff7382de624fb94dbaf6da11977bba1ecd427/out/vs/workbench/api/node/extensionHostProcess.js:174:15058)
	at gh.value (file:///home/zyh/.vscode-server/bin/384ff7382de624fb94dbaf6da11977bba1ecd427/out/vs/workbench/api/node/extensionHostProcess.js:174:13218)
	at T.B (file:///home/zyh/.vscode-server/bin/384ff7382de624fb94dbaf6da11977bba1ecd427/out/vs/workbench/api/node/extensionHostProcess.js:29:732)
	at T.fire (file:///home/zyh/.vscode-server/bin/384ff7382de624fb94dbaf6da11977bba1ecd427/out/vs/workbench/api/node/extensionHostProcess.js:29:950)
	at no.fire (file:///home/zyh/.vscode-server/bin/384ff7382de624fb94dbaf6da11977bba1ecd427/out/vs/workbench/api/node/extensionHostProcess.js:31:9399)
	at Im.A (file:///home/zyh/.vscode-server/bin/384ff7382de624fb94dbaf6da11977bba1ecd427/out/vs/workbench/api/node/extensionHostProcess.js:31:12515)
	at gh.value (file:///home/zyh/.vscode-server/bin/384ff7382de624fb94dbaf6da11977bba1ecd427/out/vs/workbench/api/node/extensionHostProcess.js:31:10935)
	at T.B (file:///home/zyh/.vscode-server/bin/384ff7382de624fb94dbaf6da11977bba1ecd427/out/vs/workbench/api/node/extensionHostProcess.js:29:732)
	at T.fire (file:///home/zyh/.vscode-server/bin/384ff7382de624fb94dbaf6da11977bba1ecd427/out/vs/workbench/api/node/extensionHostProcess.js:29:950)
	at m5.acceptChunk (file:///home/zyh/.vscode-server/bin/384ff7382de624fb94dbaf6da11977bba1ecd427/out/vs/workbench/api/node/extensionHostProcess.js:31:7880)
	at gh.value (file:///home/zyh/.vscode-server/bin/384ff7382de624fb94dbaf6da11977bba1ecd427/out/vs/workbench/api/node/extensionHostProcess.js:31:7166)
	at T.B (file:///home/zyh/.vscode-server/bin/384ff7382de624fb94dbaf6da11977bba1ecd427/out/vs/workbench/api/node/extensionHostProcess.js:29:732)
	at T.fire (file:///home/zyh/.vscode-server/bin/384ff7382de624fb94dbaf6da11977bba1ecd427/out/vs/workbench/api/node/extensionHostProcess.js:29:950)
	at _2.z (file:///home/zyh/.vscode-server/bin/384ff7382de624fb94dbaf6da11977bba1ecd427/out/vs/workbench/api/node/extensionHostProcess.js:31:21892)
	at _2.acceptFrame (file:///home/zyh/.vscode-server/bin/384ff7382de624fb94dbaf6da11977bba1ecd427/out/vs/workbench/api/node/extensionHostProcess.js:31:21698)
	at z2.n (file:///home/zyh/.vscode-server/bin/384ff7382de624fb94dbaf6da11977bba1ecd427/out/vs/workbench/api/node/extensionHostProcess.js:31:20224)
	at file:///home/zyh/.vscode-server/bin/384ff7382de624fb94dbaf6da11977bba1ecd427/out/vs/workbench/api/node/extensionHostProcess.js:31:17454
	at Socket.t (file:///home/zyh/.vscode-server/bin/384ff7382de624fb94dbaf6da11977bba1ecd427/out/vs/workbench/api/node/extensionHostProcess.js:31:15393)
	at Socket.emit (node:events:519:28)
	at addChunk (node:internal/streams/readable:559:12)
	at readableAddChunkPushByteMode (node:internal/streams/readable:510:3)
	at Readable.push (node:internal/streams/readable:390:5)
	at TCP.onStreamRead (node:internal/stream_base_commons:191:23) setContext undefined
2024-10-16 20:40:59.418 [error] Canceled: Canceled
	at new eA (file:///home/zyh/.vscode-server/bin/384ff7382de624fb94dbaf6da11977bba1ecd427/out/vs/workbench/api/node/extensionHostProcess.js:31:151177)
	at Zb.U (file:///home/zyh/.vscode-server/bin/384ff7382de624fb94dbaf6da11977bba1ecd427/out/vs/workbench/api/node/extensionHostProcess.js:31:155789)
	at s.<computed>.n.charCodeAt.s.<computed> (file:///home/zyh/.vscode-server/bin/384ff7382de624fb94dbaf6da11977bba1ecd427/out/vs/workbench/api/node/extensionHostProcess.js:31:153283)
	at T0.g (file:///home/zyh/.vscode-server/bin/384ff7382de624fb94dbaf6da11977bba1ecd427/out/vs/workbench/api/node/extensionHostProcess.js:114:32325)
	at T0.executeCommand (file:///home/zyh/.vscode-server/bin/384ff7382de624fb94dbaf6da11977bba1ecd427/out/vs/workbench/api/node/extensionHostProcess.js:114:31826)
	at r.registerCommand.description (file:///home/zyh/.vscode-server/bin/384ff7382de624fb94dbaf6da11977bba1ecd427/out/vs/workbench/api/node/extensionHostProcess.js:114:31156)
	at T0.h (file:///home/zyh/.vscode-server/bin/384ff7382de624fb94dbaf6da11977bba1ecd427/out/vs/workbench/api/node/extensionHostProcess.js:114:32845)
	at T0.g (file:///home/zyh/.vscode-server/bin/384ff7382de624fb94dbaf6da11977bba1ecd427/out/vs/workbench/api/node/extensionHostProcess.js:114:31919)
	at T0.executeCommand (file:///home/zyh/.vscode-server/bin/384ff7382de624fb94dbaf6da11977bba1ecd427/out/vs/workbench/api/node/extensionHostProcess.js:114:31826)
	at Object.executeCommand (file:///home/zyh/.vscode-server/bin/384ff7382de624fb94dbaf6da11977bba1ecd427/out/vs/workbench/api/node/extensionHostProcess.js:156:37049)
	at gh.O [as value] (/home/zyh/.vscode-server/bin/384ff7382de624fb94dbaf6da11977bba1ecd427/extensions/git/dist/main.js:2:953034)
	at T.B (file:///home/zyh/.vscode-server/bin/384ff7382de624fb94dbaf6da11977bba1ecd427/out/vs/workbench/api/node/extensionHostProcess.js:29:732)
	at T.C (file:///home/zyh/.vscode-server/bin/384ff7382de624fb94dbaf6da11977bba1ecd427/out/vs/workbench/api/node/extensionHostProcess.js:29:802)
	at T.fire (file:///home/zyh/.vscode-server/bin/384ff7382de624fb94dbaf6da11977bba1ecd427/out/vs/workbench/api/node/extensionHostProcess.js:29:1019)
	at Object.p [as dispose] (/home/zyh/.vscode-server/bin/384ff7382de624fb94dbaf6da11977bba1ecd427/extensions/git/dist/main.js:2:973612)
	at /home/zyh/.vscode-server/bin/384ff7382de624fb94dbaf6da11977bba1ecd427/extensions/git/dist/main.js:2:979734
	at Array.forEach (<anonymous>)
	at f.dispose (/home/zyh/.vscode-server/bin/384ff7382de624fb94dbaf6da11977bba1ecd427/extensions/git/dist/main.js:2:979720)
	at D1.<anonymous> (file:///home/zyh/.vscode-server/bin/384ff7382de624fb94dbaf6da11977bba1ecd427/out/vs/workbench/api/node/extensionHostProcess.js:108:19996)
	at D1.dispose (file:///home/zyh/.vscode-server/bin/384ff7382de624fb94dbaf6da11977bba1ecd427/out/vs/workbench/api/node/extensionHostProcess.js:108:20092)
	at D1.<anonymous> (/home/zyh/.vscode-server/bin/384ff7382de624fb94dbaf6da11977bba1ecd427/extensions/git/dist/main.js:2:955332)
	at D1.dispose (file:///home/zyh/.vscode-server/bin/384ff7382de624fb94dbaf6da11977bba1ecd427/out/vs/workbench/api/node/extensionHostProcess.js:108:20092)
	at Si (file:///home/zyh/.vscode-server/bin/384ff7382de624fb94dbaf6da11977bba1ecd427/out/vs/workbench/api/node/extensionHostProcess.js:24:701)
	at file:///home/zyh/.vscode-server/bin/384ff7382de624fb94dbaf6da11977bba1ecd427/out/vs/workbench/api/node/extensionHostProcess.js:118:14995
	at file:///home/zyh/.vscode-server/bin/384ff7382de624fb94dbaf6da11977bba1ecd427/out/vs/workbench/api/node/extensionHostProcess.js:24:1011
	at Object.dispose (file:///home/zyh/.vscode-server/bin/384ff7382de624fb94dbaf6da11977bba1ecd427/out/vs/workbench/api/node/extensionHostProcess.js:7:2146)
	at hB.eb (file:///home/zyh/.vscode-server/bin/384ff7382de624fb94dbaf6da11977bba1ecd427/out/vs/workbench/api/node/extensionHostProcess.js:118:11922)
	at file:///home/zyh/.vscode-server/bin/384ff7382de624fb94dbaf6da11977bba1ecd427/out/vs/workbench/api/node/extensionHostProcess.js:118:9877
	at Array.map (<anonymous>)
	at hB.$ (file:///home/zyh/.vscode-server/bin/384ff7382de624fb94dbaf6da11977bba1ecd427/out/vs/workbench/api/node/extensionHostProcess.js:118:9865)
	at hB.terminate (file:///home/zyh/.vscode-server/bin/384ff7382de624fb94dbaf6da11977bba1ecd427/out/vs/workbench/api/node/extensionHostProcess.js:118:10108)
	at M3.terminate (file:///home/zyh/.vscode-server/bin/384ff7382de624fb94dbaf6da11977bba1ecd427/out/vs/workbench/api/node/extensionHostProcess.js:119:1424)
	at ps (file:///home/zyh/.vscode-server/bin/384ff7382de624fb94dbaf6da11977bba1ecd427/out/vs/workbench/api/node/extensionHostProcess.js:174:15058)
	at gh.value (file:///home/zyh/.vscode-server/bin/384ff7382de624fb94dbaf6da11977bba1ecd427/out/vs/workbench/api/node/extensionHostProcess.js:174:13218)
	at T.B (file:///home/zyh/.vscode-server/bin/384ff7382de624fb94dbaf6da11977bba1ecd427/out/vs/workbench/api/node/extensionHostProcess.js:29:732)
	at T.fire (file:///home/zyh/.vscode-server/bin/384ff7382de624fb94dbaf6da11977bba1ecd427/out/vs/workbench/api/node/extensionHostProcess.js:29:950)
	at no.fire (file:///home/zyh/.vscode-server/bin/384ff7382de624fb94dbaf6da11977bba1ecd427/out/vs/workbench/api/node/extensionHostProcess.js:31:9399)
	at Im.A (file:///home/zyh/.vscode-server/bin/384ff7382de624fb94dbaf6da11977bba1ecd427/out/vs/workbench/api/node/extensionHostProcess.js:31:12515)
	at gh.value (file:///home/zyh/.vscode-server/bin/384ff7382de624fb94dbaf6da11977bba1ecd427/out/vs/workbench/api/node/extensionHostProcess.js:31:10935)
	at T.B (file:///home/zyh/.vscode-server/bin/384ff7382de624fb94dbaf6da11977bba1ecd427/out/vs/workbench/api/node/extensionHostProcess.js:29:732)
	at T.fire (file:///home/zyh/.vscode-server/bin/384ff7382de624fb94dbaf6da11977bba1ecd427/out/vs/workbench/api/node/extensionHostProcess.js:29:950)
	at m5.acceptChunk (file:///home/zyh/.vscode-server/bin/384ff7382de624fb94dbaf6da11977bba1ecd427/out/vs/workbench/api/node/extensionHostProcess.js:31:7880)
	at gh.value (file:///home/zyh/.vscode-server/bin/384ff7382de624fb94dbaf6da11977bba1ecd427/out/vs/workbench/api/node/extensionHostProcess.js:31:7166)
	at T.B (file:///home/zyh/.vscode-server/bin/384ff7382de624fb94dbaf6da11977bba1ecd427/out/vs/workbench/api/node/extensionHostProcess.js:29:732)
	at T.fire (file:///home/zyh/.vscode-server/bin/384ff7382de624fb94dbaf6da11977bba1ecd427/out/vs/workbench/api/node/extensionHostProcess.js:29:950)
	at _2.z (file:///home/zyh/.vscode-server/bin/384ff7382de624fb94dbaf6da11977bba1ecd427/out/vs/workbench/api/node/extensionHostProcess.js:31:21892)
	at _2.acceptFrame (file:///home/zyh/.vscode-server/bin/384ff7382de624fb94dbaf6da11977bba1ecd427/out/vs/workbench/api/node/extensionHostProcess.js:31:21698)
	at z2.n (file:///home/zyh/.vscode-server/bin/384ff7382de624fb94dbaf6da11977bba1ecd427/out/vs/workbench/api/node/extensionHostProcess.js:31:20224)
	at file:///home/zyh/.vscode-server/bin/384ff7382de624fb94dbaf6da11977bba1ecd427/out/vs/workbench/api/node/extensionHostProcess.js:31:17454
	at Socket.t (file:///home/zyh/.vscode-server/bin/384ff7382de624fb94dbaf6da11977bba1ecd427/out/vs/workbench/api/node/extensionHostProcess.js:31:15393)
	at Socket.emit (node:events:519:28)
	at addChunk (node:internal/streams/readable:559:12)
	at readableAddChunkPushByteMode (node:internal/streams/readable:510:3)
	at Readable.push (node:internal/streams/readable:390:5)
	at TCP.onStreamRead (node:internal/stream_base_commons:191:23) setContext undefined
2024-10-16 20:40:59.418 [error] Canceled: Canceled
	at new eA (file:///home/zyh/.vscode-server/bin/384ff7382de624fb94dbaf6da11977bba1ecd427/out/vs/workbench/api/node/extensionHostProcess.js:31:151177)
	at Zb.U (file:///home/zyh/.vscode-server/bin/384ff7382de624fb94dbaf6da11977bba1ecd427/out/vs/workbench/api/node/extensionHostProcess.js:31:155789)
	at s.<computed>.n.charCodeAt.s.<computed> (file:///home/zyh/.vscode-server/bin/384ff7382de624fb94dbaf6da11977bba1ecd427/out/vs/workbench/api/node/extensionHostProcess.js:31:153283)
	at T0.g (file:///home/zyh/.vscode-server/bin/384ff7382de624fb94dbaf6da11977bba1ecd427/out/vs/workbench/api/node/extensionHostProcess.js:114:32325)
	at T0.executeCommand (file:///home/zyh/.vscode-server/bin/384ff7382de624fb94dbaf6da11977bba1ecd427/out/vs/workbench/api/node/extensionHostProcess.js:114:31826)
	at r.registerCommand.description (file:///home/zyh/.vscode-server/bin/384ff7382de624fb94dbaf6da11977bba1ecd427/out/vs/workbench/api/node/extensionHostProcess.js:114:31156)
	at T0.h (file:///home/zyh/.vscode-server/bin/384ff7382de624fb94dbaf6da11977bba1ecd427/out/vs/workbench/api/node/extensionHostProcess.js:114:32845)
	at T0.g (file:///home/zyh/.vscode-server/bin/384ff7382de624fb94dbaf6da11977bba1ecd427/out/vs/workbench/api/node/extensionHostProcess.js:114:31919)
	at T0.executeCommand (file:///home/zyh/.vscode-server/bin/384ff7382de624fb94dbaf6da11977bba1ecd427/out/vs/workbench/api/node/extensionHostProcess.js:114:31826)
	at Object.executeCommand (file:///home/zyh/.vscode-server/bin/384ff7382de624fb94dbaf6da11977bba1ecd427/out/vs/workbench/api/node/extensionHostProcess.js:156:37049)
	at set hasGitHubRepositories [as hasGitHubRepositories] (/home/zyh/.vscode-server/bin/384ff7382de624fb94dbaf6da11977bba1ecd427/extensions/github/dist/extension.js:2:321578)
	at /home/zyh/.vscode-server/bin/384ff7382de624fb94dbaf6da11977bba1ecd427/extensions/github/dist/extension.js:2:322537
	at gh.value (/home/zyh/.vscode-server/bin/384ff7382de624fb94dbaf6da11977bba1ecd427/extensions/git/dist/main.js:2:1061875)
	at T.B (file:///home/zyh/.vscode-server/bin/384ff7382de624fb94dbaf6da11977bba1ecd427/out/vs/workbench/api/node/extensionHostProcess.js:29:732)
	at T.C (file:///home/zyh/.vscode-server/bin/384ff7382de624fb94dbaf6da11977bba1ecd427/out/vs/workbench/api/node/extensionHostProcess.js:29:802)
	at T.fire (file:///home/zyh/.vscode-server/bin/384ff7382de624fb94dbaf6da11977bba1ecd427/out/vs/workbench/api/node/extensionHostProcess.js:29:1019)
	at Object.p [as dispose] (/home/zyh/.vscode-server/bin/384ff7382de624fb94dbaf6da11977bba1ecd427/extensions/git/dist/main.js:2:973612)
	at /home/zyh/.vscode-server/bin/384ff7382de624fb94dbaf6da11977bba1ecd427/extensions/git/dist/main.js:2:979734
	at Array.forEach (<anonymous>)
	at f.dispose (/home/zyh/.vscode-server/bin/384ff7382de624fb94dbaf6da11977bba1ecd427/extensions/git/dist/main.js:2:979720)
	at D1.<anonymous> (file:///home/zyh/.vscode-server/bin/384ff7382de624fb94dbaf6da11977bba1ecd427/out/vs/workbench/api/node/extensionHostProcess.js:108:19996)
	at D1.dispose (file:///home/zyh/.vscode-server/bin/384ff7382de624fb94dbaf6da11977bba1ecd427/out/vs/workbench/api/node/extensionHostProcess.js:108:20092)
	at D1.<anonymous> (/home/zyh/.vscode-server/bin/384ff7382de624fb94dbaf6da11977bba1ecd427/extensions/git/dist/main.js:2:955332)
	at D1.dispose (file:///home/zyh/.vscode-server/bin/384ff7382de624fb94dbaf6da11977bba1ecd427/out/vs/workbench/api/node/extensionHostProcess.js:108:20092)
	at Si (file:///home/zyh/.vscode-server/bin/384ff7382de624fb94dbaf6da11977bba1ecd427/out/vs/workbench/api/node/extensionHostProcess.js:24:701)
	at file:///home/zyh/.vscode-server/bin/384ff7382de624fb94dbaf6da11977bba1ecd427/out/vs/workbench/api/node/extensionHostProcess.js:118:14995
	at file:///home/zyh/.vscode-server/bin/384ff7382de624fb94dbaf6da11977bba1ecd427/out/vs/workbench/api/node/extensionHostProcess.js:24:1011
	at Object.dispose (file:///home/zyh/.vscode-server/bin/384ff7382de624fb94dbaf6da11977bba1ecd427/out/vs/workbench/api/node/extensionHostProcess.js:7:2146)
	at hB.eb (file:///home/zyh/.vscode-server/bin/384ff7382de624fb94dbaf6da11977bba1ecd427/out/vs/workbench/api/node/extensionHostProcess.js:118:11922)
	at file:///home/zyh/.vscode-server/bin/384ff7382de624fb94dbaf6da11977bba1ecd427/out/vs/workbench/api/node/extensionHostProcess.js:118:9877
	at Array.map (<anonymous>)
	at hB.$ (file:///home/zyh/.vscode-server/bin/384ff7382de624fb94dbaf6da11977bba1ecd427/out/vs/workbench/api/node/extensionHostProcess.js:118:9865)
	at hB.terminate (file:///home/zyh/.vscode-server/bin/384ff7382de624fb94dbaf6da11977bba1ecd427/out/vs/workbench/api/node/extensionHostProcess.js:118:10108)
	at M3.terminate (file:///home/zyh/.vscode-server/bin/384ff7382de624fb94dbaf6da11977bba1ecd427/out/vs/workbench/api/node/extensionHostProcess.js:119:1424)
	at ps (file:///home/zyh/.vscode-server/bin/384ff7382de624fb94dbaf6da11977bba1ecd427/out/vs/workbench/api/node/extensionHostProcess.js:174:15058)
	at gh.value (file:///home/zyh/.vscode-server/bin/384ff7382de624fb94dbaf6da11977bba1ecd427/out/vs/workbench/api/node/extensionHostProcess.js:174:13218)
	at T.B (file:///home/zyh/.vscode-server/bin/384ff7382de624fb94dbaf6da11977bba1ecd427/out/vs/workbench/api/node/extensionHostProcess.js:29:732)
	at T.fire (file:///home/zyh/.vscode-server/bin/384ff7382de624fb94dbaf6da11977bba1ecd427/out/vs/workbench/api/node/extensionHostProcess.js:29:950)
	at no.fire (file:///home/zyh/.vscode-server/bin/384ff7382de624fb94dbaf6da11977bba1ecd427/out/vs/workbench/api/node/extensionHostProcess.js:31:9399)
	at Im.A (file:///home/zyh/.vscode-server/bin/384ff7382de624fb94dbaf6da11977bba1ecd427/out/vs/workbench/api/node/extensionHostProcess.js:31:12515)
	at gh.value (file:///home/zyh/.vscode-server/bin/384ff7382de624fb94dbaf6da11977bba1ecd427/out/vs/workbench/api/node/extensionHostProcess.js:31:10935)
	at T.B (file:///home/zyh/.vscode-server/bin/384ff7382de624fb94dbaf6da11977bba1ecd427/out/vs/workbench/api/node/extensionHostProcess.js:29:732)
	at T.fire (file:///home/zyh/.vscode-server/bin/384ff7382de624fb94dbaf6da11977bba1ecd427/out/vs/workbench/api/node/extensionHostProcess.js:29:950)
	at m5.acceptChunk (file:///home/zyh/.vscode-server/bin/384ff7382de624fb94dbaf6da11977bba1ecd427/out/vs/workbench/api/node/extensionHostProcess.js:31:7880)
	at gh.value (file:///home/zyh/.vscode-server/bin/384ff7382de624fb94dbaf6da11977bba1ecd427/out/vs/workbench/api/node/extensionHostProcess.js:31:7166)
	at T.B (file:///home/zyh/.vscode-server/bin/384ff7382de624fb94dbaf6da11977bba1ecd427/out/vs/workbench/api/node/extensionHostProcess.js:29:732)
	at T.fire (file:///home/zyh/.vscode-server/bin/384ff7382de624fb94dbaf6da11977bba1ecd427/out/vs/workbench/api/node/extensionHostProcess.js:29:950)
	at _2.z (file:///home/zyh/.vscode-server/bin/384ff7382de624fb94dbaf6da11977bba1ecd427/out/vs/workbench/api/node/extensionHostProcess.js:31:21892)
	at _2.acceptFrame (file:///home/zyh/.vscode-server/bin/384ff7382de624fb94dbaf6da11977bba1ecd427/out/vs/workbench/api/node/extensionHostProcess.js:31:21698)
	at z2.n (file:///home/zyh/.vscode-server/bin/384ff7382de624fb94dbaf6da11977bba1ecd427/out/vs/workbench/api/node/extensionHostProcess.js:31:20224)
	at file:///home/zyh/.vscode-server/bin/384ff7382de624fb94dbaf6da11977bba1ecd427/out/vs/workbench/api/node/extensionHostProcess.js:31:17454
	at Socket.t (file:///home/zyh/.vscode-server/bin/384ff7382de624fb94dbaf6da11977bba1ecd427/out/vs/workbench/api/node/extensionHostProcess.js:31:15393)
	at Socket.emit (node:events:519:28)
	at addChunk (node:internal/streams/readable:559:12)
	at readableAddChunkPushByteMode (node:internal/streams/readable:510:3)
	at Readable.push (node:internal/streams/readable:390:5)
	at TCP.onStreamRead (node:internal/stream_base_commons:191:23) setContext undefined
2024-10-16 20:40:59.424 [info] Extension host with pid 5237 exiting with code 0
