2024-10-16 20:30:59.747 [info] [main] 日志级别: Info
2024-10-16 20:30:59.747 [info] [main] 正在验证在以下位置找到的 git: "git"
2024-10-16 20:30:59.747 [info] [main] 使用来自 "git" 的 git "2.34.1"
2024-10-16 20:30:59.747 [info] [Model][doInitialScan] Initial repository scan started
2024-10-16 20:30:59.747 [info] > git rev-parse --show-toplevel [2ms]
2024-10-16 20:30:59.747 [info] > git rev-parse --git-dir --git-common-dir [1ms]
2024-10-16 20:30:59.747 [info] [Model][openRepository] Opened repository: /home/zyh
2024-10-16 20:30:59.747 [info] > git rev-parse --show-toplevel [5ms]
2024-10-16 20:30:59.747 [info] > git config --get commit.template [8ms]
2024-10-16 20:30:59.747 [info] [Git][getRemotes] No remotes found in the git config file
2024-10-16 20:30:59.747 [info] > git rev-parse --git-dir --git-common-dir [5ms]
2024-10-16 20:30:59.747 [info] [Model][openRepository] Opened repository: /home/zyh/OSLabs
2024-10-16 20:30:59.747 [info] > git for-each-ref --format=%(refname)%00%(upstream:short)%00%(objectname)%00%(upstream:track)%00%(upstream:remotename)%00%(upstream:remoteref) refs/heads/master refs/remotes/master [12ms]
2024-10-16 20:30:59.747 [warning] [Git][getBranch] No such branch: master
2024-10-16 20:30:59.747 [info] > git rev-parse --show-toplevel [14ms]
2024-10-16 20:30:59.747 [info] > git config --get commit.template [18ms]
2024-10-16 20:30:59.747 [info] > git for-each-ref --sort -committerdate --format %(refname) %(objectname) %(*objectname) [8ms]
2024-10-16 20:30:59.747 [info] > git status -z -uall [18ms]
2024-10-16 20:30:59.747 [info] > git rev-parse --show-toplevel [5ms]
2024-10-16 20:30:59.747 [info] > git for-each-ref --format=%(refname)%00%(upstream:short)%00%(objectname)%00%(upstream:track)%00%(upstream:remotename)%00%(upstream:remoteref) refs/heads/thread refs/remotes/thread [6ms]
2024-10-16 20:30:59.747 [warning] [Git][revParse] Unable to read file: ENOENT: no such file or directory, open '/home/zyh/OSLabs/.git/refs/remotes/origin/thread'
2024-10-16 20:30:59.747 [info] > git for-each-ref --format=%(refname)%00%(upstream:short)%00%(objectname)%00%(upstream:track)%00%(upstream:remotename)%00%(upstream:remoteref) refs/heads/master refs/remotes/master [211ms]
2024-10-16 20:30:59.747 [warning] [Git][getBranch] No such branch: master
2024-10-16 20:30:59.747 [error] [GitHistoryProvider][resolveHEADMergeBase] Failed to resolve merge base for master: Error: No such branch: master.
2024-10-16 20:30:59.747 [info] > git rev-parse --show-toplevel [253ms]
2024-10-16 20:30:59.747 [info] > git config --get commit.template [35ms]
2024-10-16 20:30:59.747 [info] > git rev-parse refs/remotes/origin/thread [40ms]
2024-10-16 20:30:59.747 [info] > git status -z -uall [9ms]
2024-10-16 20:30:59.747 [info] > git rev-parse --show-toplevel [15ms]
2024-10-16 20:30:59.747 [info] [Git][getRemotes] No remotes found in the git config file
2024-10-16 20:30:59.747 [info] > git for-each-ref --sort -committerdate --format %(refname) %(objectname) %(*objectname) [13ms]
2024-10-16 20:30:59.748 [info] > git for-each-ref --format=%(refname)%00%(upstream:short)%00%(objectname)%00%(upstream:track)%00%(upstream:remotename)%00%(upstream:remoteref) refs/heads/thread refs/remotes/thread [13ms]
2024-10-16 20:30:59.748 [info] > git rev-parse --show-toplevel [26ms]
2024-10-16 20:30:59.748 [info] > git for-each-ref --format=%(refname)%00%(upstream:short)%00%(objectname)%00%(upstream:track)%00%(upstream:remotename)%00%(upstream:remoteref) refs/heads/master refs/remotes/master [30ms]
2024-10-16 20:30:59.748 [warning] [Git][getBranch] No such branch: master
2024-10-16 20:30:59.748 [info] > git config --local branch.thread.vscode-merge-base [16ms]
2024-10-16 20:30:59.748 [info] > git config --get commit.template [30ms]
2024-10-16 20:30:59.748 [info] > git rev-parse --show-toplevel [14ms]
2024-10-16 20:30:59.748 [info] > git for-each-ref --sort -committerdate --format %(refname) %(objectname) %(*objectname) [19ms]
2024-10-16 20:30:59.758 [info] > git status -z -uall [35ms]
2024-10-16 20:30:59.759 [info] > git for-each-ref --format=%(refname)%00%(upstream:short)%00%(objectname)%00%(upstream:track)%00%(upstream:remotename)%00%(upstream:remoteref) refs/heads/origin/thread refs/remotes/origin/thread [19ms]
2024-10-16 20:30:59.830 [info] > git merge-base refs/heads/thread refs/remotes/origin/thread [66ms]
2024-10-16 20:30:59.833 [info] > git rev-parse --git-dir --git-common-dir [77ms]
2024-10-16 20:30:59.837 [info] [Model][openRepository] Opened repository: /home/zyh/code
2024-10-16 20:30:59.842 [info] [Model][doInitialScan] Initial repository scan completed - repositories (3), closed repositories (0), parent repositories (0), unsafe repositories (0)
2024-10-16 20:30:59.843 [info] > git for-each-ref --format=%(refname)%00%(upstream:short)%00%(objectname)%00%(upstream:track)%00%(upstream:remotename)%00%(upstream:remoteref) refs/heads/thread refs/remotes/thread [91ms]
2024-10-16 20:30:59.849 [warning] [Git][revParse] Unable to read file: ENOENT: no such file or directory, open '/home/zyh/OSLabs/.git/refs/remotes/origin/thread'
2024-10-16 20:30:59.850 [info] > git diff --name-status -z --diff-filter=ADMR ddee41d96a53d67a4b4225aafb6b675bed9d3e7c...refs/remotes/origin/thread [17ms]
2024-10-16 20:30:59.851 [info] > git rev-parse refs/remotes/origin/thread [2ms]
2024-10-16 20:30:59.858 [info] > git config --get commit.template [11ms]
2024-10-16 20:30:59.859 [info] > git status -z -uall [4ms]
2024-10-16 20:30:59.862 [info] > git for-each-ref --sort -committerdate --format %(refname) %(objectname) %(*objectname) [4ms]
2024-10-16 20:30:59.865 [info] > git for-each-ref --format=%(refname)%00%(upstream:short)%00%(objectname)%00%(upstream:track)%00%(upstream:remotename)%00%(upstream:remoteref) refs/heads/main refs/remotes/main [4ms]
2024-10-16 20:31:00.090 [info] > git status -z -uall [221ms]
2024-10-16 20:31:00.091 [info] > git for-each-ref --sort -committerdate --format %(refname) %(objectname) %(*objectname) [218ms]
2024-10-16 20:31:00.117 [info] > git for-each-ref --format=%(refname)%00%(upstream:short)%00%(objectname)%00%(upstream:track)%00%(upstream:remotename)%00%(upstream:remoteref) refs/heads/main refs/remotes/main [21ms]
2024-10-16 20:31:00.125 [info] > git config --get commit.template [17ms]
2024-10-16 20:31:00.126 [info] > git config --local branch.main.vscode-merge-base [5ms]
2024-10-16 20:31:00.126 [warning] [Git][config] git config failed: Failed to execute git
2024-10-16 20:31:00.138 [info] > git for-each-ref --format=%(refname)%00%(upstream:short)%00%(objectname)%00%(upstream:track)%00%(upstream:remotename)%00%(upstream:remoteref) refs/heads/main refs/remotes/main [5ms]
2024-10-16 20:31:00.139 [info] > git reflog main --grep-reflog=branch: Created from *. [9ms]
2024-10-16 20:31:00.148 [info] > git symbolic-ref --short refs/remotes/origin/HEAD [5ms]
2024-10-16 20:31:00.148 [info] fatal: ref refs/remotes/origin/HEAD is not a symbolic ref
2024-10-16 20:31:00.148 [warning] [Repository][getDefaultBranch] Failed to get default branch details: Failed to execute git.
2024-10-16 20:31:00.153 [info] > git check-ignore -v -z --stdin [5ms]
2024-10-16 20:31:00.156 [info] > git merge-base refs/heads/main refs/remotes/origin/main [5ms]
2024-10-16 20:31:00.166 [info] > git status -z -uall [4ms]
2024-10-16 20:31:00.166 [info] > git diff --name-status -z --diff-filter=ADMR 4e96933cf40805990bda0190a2532674429304f9...refs/remotes/origin/main [7ms]
2024-10-16 20:31:00.167 [info] > git for-each-ref --sort -committerdate --format %(refname) %(objectname) %(*objectname) [2ms]
2024-10-16 20:31:00.366 [info] > git show --textconv :user/uthread_priority.c [7ms]
2024-10-16 20:31:00.368 [info] > git ls-files --stage -- /home/zyh/OSLabs/user/uthread_priority.c [4ms]
2024-10-16 20:31:01.097 [info] > git config --get commit.template [4ms]
2024-10-16 20:31:01.098 [info] > git for-each-ref --format=%(refname)%00%(upstream:short)%00%(objectname)%00%(upstream:track)%00%(upstream:remotename)%00%(upstream:remoteref) refs/heads/thread refs/remotes/thread [2ms]
2024-10-16 20:31:01.100 [warning] [Git][revParse] Unable to read file: ENOENT: no such file or directory, open '/home/zyh/OSLabs/.git/refs/remotes/origin/thread'
2024-10-16 20:31:01.101 [info] > git rev-parse refs/remotes/origin/thread [1ms]
2024-10-16 20:31:01.109 [info] > git status -z -uall [3ms]
2024-10-16 20:31:01.109 [info] > git for-each-ref --sort -committerdate --format %(refname) %(objectname) %(*objectname) [1ms]
2024-10-16 20:31:03.397 [info] [Git][getRemotes] No remotes found in the git config file
2024-10-16 20:31:03.397 [info] > git config --get commit.template [5ms]
2024-10-16 20:31:03.398 [info] > git for-each-ref --format=%(refname)%00%(upstream:short)%00%(objectname)%00%(upstream:track)%00%(upstream:remotename)%00%(upstream:remoteref) refs/heads/master refs/remotes/master [2ms]
2024-10-16 20:31:03.398 [warning] [Git][getBranch] No such branch: master
2024-10-16 20:31:03.403 [info] > git for-each-ref --sort -committerdate --format %(refname) %(objectname) %(*objectname) [1ms]
2024-10-16 20:31:03.412 [info] > git status -z -uall [12ms]
2024-10-16 20:31:08.440 [info] [Git][getRemotes] No remotes found in the git config file
2024-10-16 20:31:08.441 [info] > git config --get commit.template [3ms]
2024-10-16 20:31:08.442 [info] > git for-each-ref --format=%(refname)%00%(upstream:short)%00%(objectname)%00%(upstream:track)%00%(upstream:remotename)%00%(upstream:remoteref) refs/heads/master refs/remotes/master [2ms]
2024-10-16 20:31:08.442 [warning] [Git][getBranch] No such branch: master
2024-10-16 20:31:08.449 [info] > git for-each-ref --sort -committerdate --format %(refname) %(objectname) %(*objectname) [3ms]
2024-10-16 20:31:08.455 [info] > git status -z -uall [11ms]
2024-10-16 20:31:13.479 [info] [Git][getRemotes] No remotes found in the git config file
2024-10-16 20:31:13.479 [info] > git config --get commit.template [5ms]
2024-10-16 20:31:13.480 [info] > git for-each-ref --format=%(refname)%00%(upstream:short)%00%(objectname)%00%(upstream:track)%00%(upstream:remotename)%00%(upstream:remoteref) refs/heads/master refs/remotes/master [2ms]
2024-10-16 20:31:13.480 [warning] [Git][getBranch] No such branch: master
2024-10-16 20:31:13.485 [info] > git for-each-ref --sort -committerdate --format %(refname) %(objectname) %(*objectname) [1ms]
2024-10-16 20:31:13.493 [info] > git status -z -uall [11ms]
2024-10-16 20:31:18.516 [info] [Git][getRemotes] No remotes found in the git config file
2024-10-16 20:31:18.516 [info] > git config --get commit.template [3ms]
2024-10-16 20:31:18.517 [info] > git for-each-ref --format=%(refname)%00%(upstream:short)%00%(objectname)%00%(upstream:track)%00%(upstream:remotename)%00%(upstream:remoteref) refs/heads/master refs/remotes/master [2ms]
2024-10-16 20:31:18.517 [warning] [Git][getBranch] No such branch: master
2024-10-16 20:31:18.523 [info] > git for-each-ref --sort -committerdate --format %(refname) %(objectname) %(*objectname) [1ms]
2024-10-16 20:31:18.531 [info] > git status -z -uall [10ms]
2024-10-16 20:31:23.554 [info] [Git][getRemotes] No remotes found in the git config file
2024-10-16 20:31:23.555 [info] > git config --get commit.template [4ms]
2024-10-16 20:31:23.555 [info] > git for-each-ref --format=%(refname)%00%(upstream:short)%00%(objectname)%00%(upstream:track)%00%(upstream:remotename)%00%(upstream:remoteref) refs/heads/master refs/remotes/master [1ms]
2024-10-16 20:31:23.555 [warning] [Git][getBranch] No such branch: master
2024-10-16 20:31:23.562 [info] > git for-each-ref --sort -committerdate --format %(refname) %(objectname) %(*objectname) [1ms]
2024-10-16 20:31:23.570 [info] > git status -z -uall [12ms]
2024-10-16 20:31:28.591 [info] [Git][getRemotes] No remotes found in the git config file
2024-10-16 20:31:28.591 [info] > git config --get commit.template [3ms]
2024-10-16 20:31:28.592 [info] > git for-each-ref --format=%(refname)%00%(upstream:short)%00%(objectname)%00%(upstream:track)%00%(upstream:remotename)%00%(upstream:remoteref) refs/heads/master refs/remotes/master [2ms]
2024-10-16 20:31:28.592 [warning] [Git][getBranch] No such branch: master
2024-10-16 20:31:28.597 [info] > git for-each-ref --sort -committerdate --format %(refname) %(objectname) %(*objectname) [1ms]
2024-10-16 20:31:28.605 [info] > git status -z -uall [11ms]
2024-10-16 20:31:34.411 [info] [Git][getRemotes] No remotes found in the git config file
2024-10-16 20:31:34.412 [info] > git config --get commit.template [5ms]
2024-10-16 20:31:34.412 [info] > git for-each-ref --format=%(refname)%00%(upstream:short)%00%(objectname)%00%(upstream:track)%00%(upstream:remotename)%00%(upstream:remoteref) refs/heads/master refs/remotes/master [1ms]
2024-10-16 20:31:34.412 [warning] [Git][getBranch] No such branch: master
2024-10-16 20:31:34.418 [info] > git for-each-ref --sort -committerdate --format %(refname) %(objectname) %(*objectname) [1ms]
2024-10-16 20:31:34.427 [info] > git status -z -uall [11ms]
2024-10-16 20:31:39.447 [info] [Git][getRemotes] No remotes found in the git config file
2024-10-16 20:31:39.448 [info] > git config --get commit.template [4ms]
2024-10-16 20:31:39.449 [info] > git for-each-ref --format=%(refname)%00%(upstream:short)%00%(objectname)%00%(upstream:track)%00%(upstream:remotename)%00%(upstream:remoteref) refs/heads/master refs/remotes/master [2ms]
2024-10-16 20:31:39.449 [warning] [Git][getBranch] No such branch: master
2024-10-16 20:31:39.456 [info] > git for-each-ref --sort -committerdate --format %(refname) %(objectname) %(*objectname) [2ms]
2024-10-16 20:31:39.463 [info] > git status -z -uall [12ms]
2024-10-16 20:31:44.489 [info] > git config --get commit.template [5ms]
2024-10-16 20:31:44.490 [info] [Git][getRemotes] No remotes found in the git config file
2024-10-16 20:31:44.490 [info] > git for-each-ref --format=%(refname)%00%(upstream:short)%00%(objectname)%00%(upstream:track)%00%(upstream:remotename)%00%(upstream:remoteref) refs/heads/master refs/remotes/master [1ms]
2024-10-16 20:31:44.490 [warning] [Git][getBranch] No such branch: master
2024-10-16 20:31:44.500 [info] > git for-each-ref --sort -committerdate --format %(refname) %(objectname) %(*objectname) [2ms]
2024-10-16 20:31:44.506 [info] > git status -z -uall [12ms]
2024-10-16 20:31:49.529 [info] [Git][getRemotes] No remotes found in the git config file
2024-10-16 20:31:49.529 [info] > git config --get commit.template [2ms]
2024-10-16 20:31:49.529 [info] > git for-each-ref --format=%(refname)%00%(upstream:short)%00%(objectname)%00%(upstream:track)%00%(upstream:remotename)%00%(upstream:remoteref) refs/heads/master refs/remotes/master [0ms]
2024-10-16 20:31:49.529 [warning] [Git][getBranch] No such branch: master
2024-10-16 20:31:49.534 [info] > git for-each-ref --sort -committerdate --format %(refname) %(objectname) %(*objectname) [1ms]
2024-10-16 20:31:49.542 [info] > git status -z -uall [11ms]
2024-10-16 20:31:54.564 [info] [Git][getRemotes] No remotes found in the git config file
2024-10-16 20:31:54.565 [info] > git config --get commit.template [5ms]
2024-10-16 20:31:54.565 [info] > git for-each-ref --format=%(refname)%00%(upstream:short)%00%(objectname)%00%(upstream:track)%00%(upstream:remotename)%00%(upstream:remoteref) refs/heads/master refs/remotes/master [1ms]
2024-10-16 20:31:54.565 [warning] [Git][getBranch] No such branch: master
2024-10-16 20:31:54.570 [info] > git for-each-ref --sort -committerdate --format %(refname) %(objectname) %(*objectname) [1ms]
2024-10-16 20:31:54.578 [info] > git status -z -uall [11ms]
2024-10-16 20:31:59.600 [info] [Git][getRemotes] No remotes found in the git config file
2024-10-16 20:31:59.600 [info] > git config --get commit.template [4ms]
2024-10-16 20:31:59.601 [info] > git for-each-ref --format=%(refname)%00%(upstream:short)%00%(objectname)%00%(upstream:track)%00%(upstream:remotename)%00%(upstream:remoteref) refs/heads/master refs/remotes/master [2ms]
2024-10-16 20:31:59.601 [warning] [Git][getBranch] No such branch: master
2024-10-16 20:31:59.607 [info] > git for-each-ref --sort -committerdate --format %(refname) %(objectname) %(*objectname) [1ms]
2024-10-16 20:31:59.617 [info] > git status -z -uall [13ms]
2024-10-16 20:32:04.639 [info] [Git][getRemotes] No remotes found in the git config file
2024-10-16 20:32:04.640 [info] > git config --get commit.template [5ms]
2024-10-16 20:32:04.640 [info] > git for-each-ref --format=%(refname)%00%(upstream:short)%00%(objectname)%00%(upstream:track)%00%(upstream:remotename)%00%(upstream:remoteref) refs/heads/master refs/remotes/master [1ms]
2024-10-16 20:32:04.640 [warning] [Git][getBranch] No such branch: master
2024-10-16 20:32:04.646 [info] > git for-each-ref --sort -committerdate --format %(refname) %(objectname) %(*objectname) [0ms]
2024-10-16 20:32:04.654 [info] > git status -z -uall [11ms]
2024-10-16 20:32:09.678 [info] [Git][getRemotes] No remotes found in the git config file
2024-10-16 20:32:09.679 [info] > git config --get commit.template [4ms]
2024-10-16 20:32:09.679 [info] > git for-each-ref --format=%(refname)%00%(upstream:short)%00%(objectname)%00%(upstream:track)%00%(upstream:remotename)%00%(upstream:remoteref) refs/heads/master refs/remotes/master [1ms]
2024-10-16 20:32:09.679 [warning] [Git][getBranch] No such branch: master
2024-10-16 20:32:09.687 [info] > git for-each-ref --sort -committerdate --format %(refname) %(objectname) %(*objectname) [1ms]
2024-10-16 20:32:09.694 [info] > git status -z -uall [12ms]
2024-10-16 20:32:14.716 [info] [Git][getRemotes] No remotes found in the git config file
2024-10-16 20:32:14.717 [info] > git config --get commit.template [4ms]
2024-10-16 20:32:14.717 [info] > git for-each-ref --format=%(refname)%00%(upstream:short)%00%(objectname)%00%(upstream:track)%00%(upstream:remotename)%00%(upstream:remoteref) refs/heads/master refs/remotes/master [1ms]
2024-10-16 20:32:14.717 [warning] [Git][getBranch] No such branch: master
2024-10-16 20:32:14.722 [info] > git for-each-ref --sort -committerdate --format %(refname) %(objectname) %(*objectname) [0ms]
2024-10-16 20:32:14.730 [info] > git status -z -uall [11ms]
2024-10-16 20:32:20.430 [info] [Git][getRemotes] No remotes found in the git config file
2024-10-16 20:32:20.433 [info] > git config --get commit.template [6ms]
2024-10-16 20:32:20.433 [info] > git for-each-ref --format=%(refname)%00%(upstream:short)%00%(objectname)%00%(upstream:track)%00%(upstream:remotename)%00%(upstream:remoteref) refs/heads/master refs/remotes/master [3ms]
2024-10-16 20:32:20.433 [warning] [Git][getBranch] No such branch: master
2024-10-16 20:32:20.441 [info] > git for-each-ref --sort -committerdate --format %(refname) %(objectname) %(*objectname) [1ms]
2024-10-16 20:32:20.448 [info] > git status -z -uall [11ms]
2024-10-16 20:32:25.469 [info] [Git][getRemotes] No remotes found in the git config file
2024-10-16 20:32:25.470 [info] > git config --get commit.template [4ms]
2024-10-16 20:32:25.470 [info] > git for-each-ref --format=%(refname)%00%(upstream:short)%00%(objectname)%00%(upstream:track)%00%(upstream:remotename)%00%(upstream:remoteref) refs/heads/master refs/remotes/master [1ms]
2024-10-16 20:32:25.470 [warning] [Git][getBranch] No such branch: master
2024-10-16 20:32:25.477 [info] > git for-each-ref --sort -committerdate --format %(refname) %(objectname) %(*objectname) [1ms]
2024-10-16 20:32:25.484 [info] > git status -z -uall [11ms]
2024-10-16 20:32:30.509 [info] [Git][getRemotes] No remotes found in the git config file
2024-10-16 20:32:30.510 [info] > git config --get commit.template [4ms]
2024-10-16 20:32:30.510 [info] > git for-each-ref --format=%(refname)%00%(upstream:short)%00%(objectname)%00%(upstream:track)%00%(upstream:remotename)%00%(upstream:remoteref) refs/heads/master refs/remotes/master [1ms]
2024-10-16 20:32:30.510 [warning] [Git][getBranch] No such branch: master
2024-10-16 20:32:30.515 [info] > git for-each-ref --sort -committerdate --format %(refname) %(objectname) %(*objectname) [1ms]
2024-10-16 20:32:30.523 [info] > git status -z -uall [11ms]
2024-10-16 20:32:35.544 [info] [Git][getRemotes] No remotes found in the git config file
2024-10-16 20:32:35.545 [info] > git config --get commit.template [4ms]
2024-10-16 20:32:35.545 [info] > git for-each-ref --format=%(refname)%00%(upstream:short)%00%(objectname)%00%(upstream:track)%00%(upstream:remotename)%00%(upstream:remoteref) refs/heads/master refs/remotes/master [1ms]
2024-10-16 20:32:35.545 [warning] [Git][getBranch] No such branch: master
2024-10-16 20:32:35.551 [info] > git for-each-ref --sort -committerdate --format %(refname) %(objectname) %(*objectname) [1ms]
2024-10-16 20:32:35.559 [info] > git status -z -uall [12ms]
2024-10-16 20:32:40.579 [info] [Git][getRemotes] No remotes found in the git config file
2024-10-16 20:32:40.580 [info] > git config --get commit.template [3ms]
2024-10-16 20:32:40.581 [info] > git for-each-ref --format=%(refname)%00%(upstream:short)%00%(objectname)%00%(upstream:track)%00%(upstream:remotename)%00%(upstream:remoteref) refs/heads/master refs/remotes/master [2ms]
2024-10-16 20:32:40.581 [warning] [Git][getBranch] No such branch: master
2024-10-16 20:32:40.586 [info] > git for-each-ref --sort -committerdate --format %(refname) %(objectname) %(*objectname) [1ms]
2024-10-16 20:32:40.594 [info] > git status -z -uall [11ms]
2024-10-16 20:32:45.612 [info] > git config --get commit.template [1ms]
2024-10-16 20:32:45.614 [info] [Git][getRemotes] No remotes found in the git config file
2024-10-16 20:32:45.615 [info] > git for-each-ref --format=%(refname)%00%(upstream:short)%00%(objectname)%00%(upstream:track)%00%(upstream:remotename)%00%(upstream:remoteref) refs/heads/master refs/remotes/master [1ms]
2024-10-16 20:32:45.615 [warning] [Git][getBranch] No such branch: master
2024-10-16 20:32:45.622 [info] > git for-each-ref --sort -committerdate --format %(refname) %(objectname) %(*objectname) [1ms]
2024-10-16 20:32:45.629 [info] > git status -z -uall [11ms]
2024-10-16 20:32:50.654 [info] [Git][getRemotes] No remotes found in the git config file
2024-10-16 20:32:50.657 [info] > git config --get commit.template [4ms]
2024-10-16 20:32:50.658 [info] > git for-each-ref --format=%(refname)%00%(upstream:short)%00%(objectname)%00%(upstream:track)%00%(upstream:remotename)%00%(upstream:remoteref) refs/heads/master refs/remotes/master [2ms]
2024-10-16 20:32:50.658 [warning] [Git][getBranch] No such branch: master
2024-10-16 20:32:50.663 [info] > git for-each-ref --sort -committerdate --format %(refname) %(objectname) %(*objectname) [1ms]
2024-10-16 20:32:50.671 [info] > git status -z -uall [12ms]
2024-10-16 20:32:55.701 [info] [Git][getRemotes] No remotes found in the git config file
2024-10-16 20:32:55.701 [info] > git config --get commit.template [4ms]
2024-10-16 20:32:55.702 [info] > git for-each-ref --format=%(refname)%00%(upstream:short)%00%(objectname)%00%(upstream:track)%00%(upstream:remotename)%00%(upstream:remoteref) refs/heads/master refs/remotes/master [2ms]
2024-10-16 20:32:55.702 [warning] [Git][getBranch] No such branch: master
2024-10-16 20:32:55.708 [info] > git for-each-ref --sort -committerdate --format %(refname) %(objectname) %(*objectname) [1ms]
2024-10-16 20:32:55.717 [info] > git status -z -uall [13ms]
2024-10-16 20:33:00.739 [info] [Git][getRemotes] No remotes found in the git config file
2024-10-16 20:33:00.740 [info] > git config --get commit.template [3ms]
2024-10-16 20:33:00.740 [info] > git for-each-ref --format=%(refname)%00%(upstream:short)%00%(objectname)%00%(upstream:track)%00%(upstream:remotename)%00%(upstream:remoteref) refs/heads/master refs/remotes/master [1ms]
2024-10-16 20:33:00.740 [warning] [Git][getBranch] No such branch: master
2024-10-16 20:33:00.745 [info] > git for-each-ref --sort -committerdate --format %(refname) %(objectname) %(*objectname) [1ms]
2024-10-16 20:33:00.753 [info] > git status -z -uall [11ms]
2024-10-16 20:33:05.775 [info] [Git][getRemotes] No remotes found in the git config file
2024-10-16 20:33:05.776 [info] > git config --get commit.template [4ms]
2024-10-16 20:33:05.776 [info] > git for-each-ref --format=%(refname)%00%(upstream:short)%00%(objectname)%00%(upstream:track)%00%(upstream:remotename)%00%(upstream:remoteref) refs/heads/master refs/remotes/master [1ms]
2024-10-16 20:33:05.777 [warning] [Git][getBranch] No such branch: master
2024-10-16 20:33:05.785 [info] > git for-each-ref --sort -committerdate --format %(refname) %(objectname) %(*objectname) [3ms]
2024-10-16 20:33:05.790 [info] > git status -z -uall [11ms]
2024-10-16 20:33:10.815 [info] > git config --get commit.template [4ms]
2024-10-16 20:33:10.815 [info] [Git][getRemotes] No remotes found in the git config file
2024-10-16 20:33:10.816 [info] > git for-each-ref --format=%(refname)%00%(upstream:short)%00%(objectname)%00%(upstream:track)%00%(upstream:remotename)%00%(upstream:remoteref) refs/heads/master refs/remotes/master [2ms]
2024-10-16 20:33:10.816 [warning] [Git][getBranch] No such branch: master
2024-10-16 20:33:10.823 [info] > git for-each-ref --sort -committerdate --format %(refname) %(objectname) %(*objectname) [1ms]
2024-10-16 20:33:10.829 [info] > git status -z -uall [11ms]
2024-10-16 20:33:15.853 [info] [Git][getRemotes] No remotes found in the git config file
2024-10-16 20:33:15.854 [info] > git config --get commit.template [4ms]
2024-10-16 20:33:15.854 [info] > git for-each-ref --format=%(refname)%00%(upstream:short)%00%(objectname)%00%(upstream:track)%00%(upstream:remotename)%00%(upstream:remoteref) refs/heads/master refs/remotes/master [1ms]
2024-10-16 20:33:15.854 [warning] [Git][getBranch] No such branch: master
2024-10-16 20:33:15.860 [info] > git for-each-ref --sort -committerdate --format %(refname) %(objectname) %(*objectname) [1ms]
2024-10-16 20:33:15.867 [info] > git status -z -uall [11ms]
2024-10-16 20:33:23.466 [info] > git config --get commit.template [3ms]
2024-10-16 20:33:23.470 [info] [Git][getRemotes] No remotes found in the git config file
2024-10-16 20:33:23.471 [info] > git for-each-ref --format=%(refname)%00%(upstream:short)%00%(objectname)%00%(upstream:track)%00%(upstream:remotename)%00%(upstream:remoteref) refs/heads/master refs/remotes/master [1ms]
2024-10-16 20:33:23.471 [warning] [Git][getBranch] No such branch: master
2024-10-16 20:33:23.480 [info] > git for-each-ref --sort -committerdate --format %(refname) %(objectname) %(*objectname) [2ms]
2024-10-16 20:33:23.495 [info] > git status -z -uall [20ms]
2024-10-16 20:33:30.463 [info] [Git][getRemotes] No remotes found in the git config file
2024-10-16 20:33:30.464 [info] > git config --get commit.template [3ms]
2024-10-16 20:33:30.464 [info] > git for-each-ref --format=%(refname)%00%(upstream:short)%00%(objectname)%00%(upstream:track)%00%(upstream:remotename)%00%(upstream:remoteref) refs/heads/master refs/remotes/master [1ms]
2024-10-16 20:33:30.465 [warning] [Git][getBranch] No such branch: master
2024-10-16 20:33:30.471 [info] > git for-each-ref --sort -committerdate --format %(refname) %(objectname) %(*objectname) [1ms]
2024-10-16 20:33:30.479 [info] > git status -z -uall [12ms]
2024-10-16 20:33:35.500 [info] [Git][getRemotes] No remotes found in the git config file
2024-10-16 20:33:35.504 [info] > git config --get commit.template [4ms]
2024-10-16 20:33:35.505 [info] > git for-each-ref --format=%(refname)%00%(upstream:short)%00%(objectname)%00%(upstream:track)%00%(upstream:remotename)%00%(upstream:remoteref) refs/heads/master refs/remotes/master [1ms]
2024-10-16 20:33:35.505 [warning] [Git][getBranch] No such branch: master
2024-10-16 20:33:35.511 [info] > git for-each-ref --sort -committerdate --format %(refname) %(objectname) %(*objectname) [1ms]
2024-10-16 20:33:35.518 [info] > git status -z -uall [11ms]
2024-10-16 20:33:38.844 [info] > git config --get commit.template [4ms]
2024-10-16 20:33:38.845 [info] > git for-each-ref --format=%(refname)%00%(upstream:short)%00%(objectname)%00%(upstream:track)%00%(upstream:remotename)%00%(upstream:remoteref) refs/heads/thread refs/remotes/thread [2ms]
2024-10-16 20:33:38.850 [warning] [Git][revParse] Unable to read file: ENOENT: no such file or directory, open '/home/zyh/OSLabs/.git/refs/remotes/origin/thread'
2024-10-16 20:33:38.851 [info] > git rev-parse refs/remotes/origin/thread [1ms]
2024-10-16 20:33:38.858 [info] > git status -z -uall [4ms]
2024-10-16 20:33:38.858 [info] > git for-each-ref --sort -committerdate --format %(refname) %(objectname) %(*objectname) [1ms]
2024-10-16 20:33:40.546 [info] > git config --get commit.template [6ms]
2024-10-16 20:33:40.546 [info] [Git][getRemotes] No remotes found in the git config file
2024-10-16 20:33:40.547 [info] > git for-each-ref --format=%(refname)%00%(upstream:short)%00%(objectname)%00%(upstream:track)%00%(upstream:remotename)%00%(upstream:remoteref) refs/heads/master refs/remotes/master [2ms]
2024-10-16 20:33:40.547 [warning] [Git][getBranch] No such branch: master
2024-10-16 20:33:40.554 [info] > git for-each-ref --sort -committerdate --format %(refname) %(objectname) %(*objectname) [1ms]
2024-10-16 20:33:40.562 [info] > git status -z -uall [12ms]
2024-10-16 20:33:43.871 [info] > git config --get commit.template [5ms]
2024-10-16 20:33:43.871 [info] > git for-each-ref --format=%(refname)%00%(upstream:short)%00%(objectname)%00%(upstream:track)%00%(upstream:remotename)%00%(upstream:remoteref) refs/heads/thread refs/remotes/thread [1ms]
2024-10-16 20:33:43.874 [warning] [Git][revParse] Unable to read file: ENOENT: no such file or directory, open '/home/zyh/OSLabs/.git/refs/remotes/origin/thread'
2024-10-16 20:33:43.876 [info] > git rev-parse refs/remotes/origin/thread [1ms]
2024-10-16 20:33:43.881 [info] > git status -z -uall [3ms]
2024-10-16 20:33:43.882 [info] > git for-each-ref --sort -committerdate --format %(refname) %(objectname) %(*objectname) [1ms]
2024-10-16 20:33:45.584 [info] [Git][getRemotes] No remotes found in the git config file
2024-10-16 20:33:45.585 [info] > git config --get commit.template [4ms]
2024-10-16 20:33:45.585 [info] > git for-each-ref --format=%(refname)%00%(upstream:short)%00%(objectname)%00%(upstream:track)%00%(upstream:remotename)%00%(upstream:remoteref) refs/heads/master refs/remotes/master [2ms]
2024-10-16 20:33:45.585 [warning] [Git][getBranch] No such branch: master
2024-10-16 20:33:45.590 [info] > git for-each-ref --sort -committerdate --format %(refname) %(objectname) %(*objectname) [1ms]
2024-10-16 20:33:45.598 [info] > git status -z -uall [11ms]
2024-10-16 20:33:50.619 [info] > git config --get commit.template [1ms]
2024-10-16 20:33:50.622 [info] [Git][getRemotes] No remotes found in the git config file
2024-10-16 20:33:50.624 [info] > git for-each-ref --format=%(refname)%00%(upstream:short)%00%(objectname)%00%(upstream:track)%00%(upstream:remotename)%00%(upstream:remoteref) refs/heads/master refs/remotes/master [1ms]
2024-10-16 20:33:50.624 [warning] [Git][getBranch] No such branch: master
2024-10-16 20:33:50.630 [info] > git for-each-ref --sort -committerdate --format %(refname) %(objectname) %(*objectname) [1ms]
2024-10-16 20:33:50.637 [info] > git status -z -uall [11ms]
2024-10-16 20:33:56.472 [info] [Git][getRemotes] No remotes found in the git config file
2024-10-16 20:33:56.473 [info] > git config --get commit.template [4ms]
2024-10-16 20:33:56.473 [info] > git for-each-ref --format=%(refname)%00%(upstream:short)%00%(objectname)%00%(upstream:track)%00%(upstream:remotename)%00%(upstream:remoteref) refs/heads/master refs/remotes/master [1ms]
2024-10-16 20:33:56.474 [warning] [Git][getBranch] No such branch: master
2024-10-16 20:33:56.480 [info] > git for-each-ref --sort -committerdate --format %(refname) %(objectname) %(*objectname) [1ms]
2024-10-16 20:33:56.487 [info] > git status -z -uall [11ms]
2024-10-16 20:34:03.472 [info] [Git][getRemotes] No remotes found in the git config file
2024-10-16 20:34:03.473 [info] > git config --get commit.template [5ms]
2024-10-16 20:34:03.473 [info] > git for-each-ref --format=%(refname)%00%(upstream:short)%00%(objectname)%00%(upstream:track)%00%(upstream:remotename)%00%(upstream:remoteref) refs/heads/master refs/remotes/master [1ms]
2024-10-16 20:34:03.473 [warning] [Git][getBranch] No such branch: master
2024-10-16 20:34:03.480 [info] > git for-each-ref --sort -committerdate --format %(refname) %(objectname) %(*objectname) [1ms]
2024-10-16 20:34:03.488 [info] > git status -z -uall [12ms]
2024-10-16 20:34:08.509 [info] [Git][getRemotes] No remotes found in the git config file
2024-10-16 20:34:08.509 [info] > git config --get commit.template [3ms]
2024-10-16 20:34:08.510 [info] > git for-each-ref --format=%(refname)%00%(upstream:short)%00%(objectname)%00%(upstream:track)%00%(upstream:remotename)%00%(upstream:remoteref) refs/heads/master refs/remotes/master [1ms]
2024-10-16 20:34:08.510 [warning] [Git][getBranch] No such branch: master
2024-10-16 20:34:08.515 [info] > git for-each-ref --sort -committerdate --format %(refname) %(objectname) %(*objectname) [1ms]
2024-10-16 20:34:08.523 [info] > git status -z -uall [11ms]
2024-10-16 20:34:14.477 [info] [Git][getRemotes] No remotes found in the git config file
2024-10-16 20:34:14.478 [info] > git config --get commit.template [4ms]
2024-10-16 20:34:14.479 [info] > git for-each-ref --format=%(refname)%00%(upstream:short)%00%(objectname)%00%(upstream:track)%00%(upstream:remotename)%00%(upstream:remoteref) refs/heads/master refs/remotes/master [1ms]
2024-10-16 20:34:14.479 [warning] [Git][getBranch] No such branch: master
2024-10-16 20:34:14.484 [info] > git for-each-ref --sort -committerdate --format %(refname) %(objectname) %(*objectname) [1ms]
2024-10-16 20:34:14.492 [info] > git status -z -uall [11ms]
2024-10-16 20:34:16.403 [info] > git config --get commit.template [3ms]
2024-10-16 20:34:16.403 [info] > git for-each-ref --format=%(refname)%00%(upstream:short)%00%(objectname)%00%(upstream:track)%00%(upstream:remotename)%00%(upstream:remoteref) refs/heads/thread refs/remotes/thread [1ms]
2024-10-16 20:34:16.407 [warning] [Git][revParse] Unable to read file: ENOENT: no such file or directory, open '/home/zyh/OSLabs/.git/refs/remotes/origin/thread'
2024-10-16 20:34:16.409 [info] > git rev-parse refs/remotes/origin/thread [2ms]
2024-10-16 20:34:16.417 [info] > git status -z -uall [5ms]
2024-10-16 20:34:16.418 [info] > git for-each-ref --sort -committerdate --format %(refname) %(objectname) %(*objectname) [2ms]
2024-10-16 20:34:19.515 [info] [Git][getRemotes] No remotes found in the git config file
2024-10-16 20:34:19.516 [info] > git config --get commit.template [5ms]
2024-10-16 20:34:19.516 [info] > git for-each-ref --format=%(refname)%00%(upstream:short)%00%(objectname)%00%(upstream:track)%00%(upstream:remotename)%00%(upstream:remoteref) refs/heads/master refs/remotes/master [1ms]
2024-10-16 20:34:19.516 [warning] [Git][getBranch] No such branch: master
2024-10-16 20:34:19.523 [info] > git for-each-ref --sort -committerdate --format %(refname) %(objectname) %(*objectname) [1ms]
2024-10-16 20:34:19.530 [info] > git status -z -uall [12ms]
2024-10-16 20:34:23.928 [info] > git config --get commit.template [5ms]
2024-10-16 20:34:23.929 [info] > git for-each-ref --format=%(refname)%00%(upstream:short)%00%(objectname)%00%(upstream:track)%00%(upstream:remotename)%00%(upstream:remoteref) refs/heads/thread refs/remotes/thread [1ms]
2024-10-16 20:34:23.933 [warning] [Git][revParse] Unable to read file: ENOENT: no such file or directory, open '/home/zyh/OSLabs/.git/refs/remotes/origin/thread'
2024-10-16 20:34:23.934 [info] > git rev-parse refs/remotes/origin/thread [1ms]
2024-10-16 20:34:23.942 [info] > git status -z -uall [4ms]
2024-10-16 20:34:23.943 [info] > git for-each-ref --sort -committerdate --format %(refname) %(objectname) %(*objectname) [2ms]
2024-10-16 20:34:24.556 [info] > git config --get commit.template [4ms]
2024-10-16 20:34:24.556 [info] [Git][getRemotes] No remotes found in the git config file
2024-10-16 20:34:24.557 [info] > git for-each-ref --format=%(refname)%00%(upstream:short)%00%(objectname)%00%(upstream:track)%00%(upstream:remotename)%00%(upstream:remoteref) refs/heads/master refs/remotes/master [2ms]
2024-10-16 20:34:24.557 [warning] [Git][getBranch] No such branch: master
2024-10-16 20:34:24.564 [info] > git for-each-ref --sort -committerdate --format %(refname) %(objectname) %(*objectname) [2ms]
2024-10-16 20:34:24.571 [info] > git status -z -uall [12ms]
2024-10-16 20:34:33.479 [info] [Git][getRemotes] No remotes found in the git config file
2024-10-16 20:34:33.480 [info] > git config --get commit.template [3ms]
2024-10-16 20:34:33.480 [info] > git for-each-ref --format=%(refname)%00%(upstream:short)%00%(objectname)%00%(upstream:track)%00%(upstream:remotename)%00%(upstream:remoteref) refs/heads/master refs/remotes/master [1ms]
2024-10-16 20:34:33.480 [warning] [Git][getBranch] No such branch: master
2024-10-16 20:34:33.485 [info] > git for-each-ref --sort -committerdate --format %(refname) %(objectname) %(*objectname) [1ms]
2024-10-16 20:34:33.493 [info] > git status -z -uall [11ms]
2024-10-16 20:34:38.517 [info] > git config --get commit.template [2ms]
2024-10-16 20:34:38.520 [info] [Git][getRemotes] No remotes found in the git config file
2024-10-16 20:34:38.521 [info] > git for-each-ref --format=%(refname)%00%(upstream:short)%00%(objectname)%00%(upstream:track)%00%(upstream:remotename)%00%(upstream:remoteref) refs/heads/master refs/remotes/master [1ms]
2024-10-16 20:34:38.521 [warning] [Git][getBranch] No such branch: master
2024-10-16 20:34:38.527 [info] > git for-each-ref --sort -committerdate --format %(refname) %(objectname) %(*objectname) [1ms]
2024-10-16 20:34:38.535 [info] > git status -z -uall [12ms]
2024-10-16 20:34:47.483 [info] [Git][getRemotes] No remotes found in the git config file
2024-10-16 20:34:47.484 [info] > git config --get commit.template [3ms]
2024-10-16 20:34:47.484 [info] > git for-each-ref --format=%(refname)%00%(upstream:short)%00%(objectname)%00%(upstream:track)%00%(upstream:remotename)%00%(upstream:remoteref) refs/heads/master refs/remotes/master [1ms]
2024-10-16 20:34:47.484 [warning] [Git][getBranch] No such branch: master
2024-10-16 20:34:47.488 [info] > git for-each-ref --sort -committerdate --format %(refname) %(objectname) %(*objectname) [1ms]
2024-10-16 20:34:47.497 [info] > git status -z -uall [11ms]
2024-10-16 20:34:52.524 [info] [Git][getRemotes] No remotes found in the git config file
2024-10-16 20:34:52.525 [info] > git config --get commit.template [4ms]
2024-10-16 20:34:52.525 [info] > git for-each-ref --format=%(refname)%00%(upstream:short)%00%(objectname)%00%(upstream:track)%00%(upstream:remotename)%00%(upstream:remoteref) refs/heads/master refs/remotes/master [1ms]
2024-10-16 20:34:52.525 [warning] [Git][getBranch] No such branch: master
2024-10-16 20:34:52.532 [info] > git for-each-ref --sort -committerdate --format %(refname) %(objectname) %(*objectname) [0ms]
2024-10-16 20:34:52.539 [info] > git status -z -uall [11ms]
2024-10-16 20:34:57.561 [info] [Git][getRemotes] No remotes found in the git config file
2024-10-16 20:34:57.561 [info] > git config --get commit.template [4ms]
2024-10-16 20:34:57.561 [info] > git for-each-ref --format=%(refname)%00%(upstream:short)%00%(objectname)%00%(upstream:track)%00%(upstream:remotename)%00%(upstream:remoteref) refs/heads/master refs/remotes/master [1ms]
2024-10-16 20:34:57.562 [warning] [Git][getBranch] No such branch: master
2024-10-16 20:34:57.567 [info] > git for-each-ref --sort -committerdate --format %(refname) %(objectname) %(*objectname) [0ms]
2024-10-16 20:34:57.575 [info] > git status -z -uall [11ms]
2024-10-16 20:35:02.596 [info] [Git][getRemotes] No remotes found in the git config file
2024-10-16 20:35:02.597 [info] > git config --get commit.template [4ms]
2024-10-16 20:35:02.597 [info] > git for-each-ref --format=%(refname)%00%(upstream:short)%00%(objectname)%00%(upstream:track)%00%(upstream:remotename)%00%(upstream:remoteref) refs/heads/master refs/remotes/master [1ms]
2024-10-16 20:35:02.597 [warning] [Git][getBranch] No such branch: master
2024-10-16 20:35:02.602 [info] > git for-each-ref --sort -committerdate --format %(refname) %(objectname) %(*objectname) [1ms]
2024-10-16 20:35:02.611 [info] > git status -z -uall [12ms]
2024-10-16 20:35:07.636 [info] [Git][getRemotes] No remotes found in the git config file
2024-10-16 20:35:07.636 [info] > git config --get commit.template [4ms]
2024-10-16 20:35:07.636 [info] > git for-each-ref --format=%(refname)%00%(upstream:short)%00%(objectname)%00%(upstream:track)%00%(upstream:remotename)%00%(upstream:remoteref) refs/heads/master refs/remotes/master [1ms]
2024-10-16 20:35:07.637 [warning] [Git][getBranch] No such branch: master
2024-10-16 20:35:07.643 [info] > git for-each-ref --sort -committerdate --format %(refname) %(objectname) %(*objectname) [1ms]
2024-10-16 20:35:07.651 [info] > git status -z -uall [12ms]
2024-10-16 20:35:12.671 [info] [Git][getRemotes] No remotes found in the git config file
2024-10-16 20:35:12.672 [info] > git config --get commit.template [2ms]
2024-10-16 20:35:12.672 [info] > git for-each-ref --format=%(refname)%00%(upstream:short)%00%(objectname)%00%(upstream:track)%00%(upstream:remotename)%00%(upstream:remoteref) refs/heads/master refs/remotes/master [1ms]
2024-10-16 20:35:12.672 [warning] [Git][getBranch] No such branch: master
2024-10-16 20:35:12.678 [info] > git for-each-ref --sort -committerdate --format %(refname) %(objectname) %(*objectname) [1ms]
2024-10-16 20:35:12.686 [info] > git status -z -uall [11ms]
2024-10-16 20:35:17.712 [info] [Git][getRemotes] No remotes found in the git config file
2024-10-16 20:35:17.713 [info] > git config --get commit.template [5ms]
2024-10-16 20:35:17.713 [info] > git for-each-ref --format=%(refname)%00%(upstream:short)%00%(objectname)%00%(upstream:track)%00%(upstream:remotename)%00%(upstream:remoteref) refs/heads/master refs/remotes/master [1ms]
2024-10-16 20:35:17.713 [warning] [Git][getBranch] No such branch: master
2024-10-16 20:35:17.719 [info] > git for-each-ref --sort -committerdate --format %(refname) %(objectname) %(*objectname) [1ms]
2024-10-16 20:35:17.727 [info] > git status -z -uall [11ms]
2024-10-16 20:35:22.749 [info] [Git][getRemotes] No remotes found in the git config file
2024-10-16 20:35:22.750 [info] > git config --get commit.template [4ms]
2024-10-16 20:35:22.750 [info] > git for-each-ref --format=%(refname)%00%(upstream:short)%00%(objectname)%00%(upstream:track)%00%(upstream:remotename)%00%(upstream:remoteref) refs/heads/master refs/remotes/master [1ms]
2024-10-16 20:35:22.750 [warning] [Git][getBranch] No such branch: master
2024-10-16 20:35:22.756 [info] > git for-each-ref --sort -committerdate --format %(refname) %(objectname) %(*objectname) [1ms]
2024-10-16 20:35:22.764 [info] > git status -z -uall [11ms]
2024-10-16 20:35:33.506 [info] [Git][getRemotes] No remotes found in the git config file
2024-10-16 20:35:33.507 [info] > git config --get commit.template [4ms]
2024-10-16 20:35:33.507 [info] > git for-each-ref --format=%(refname)%00%(upstream:short)%00%(objectname)%00%(upstream:track)%00%(upstream:remotename)%00%(upstream:remoteref) refs/heads/master refs/remotes/master [1ms]
2024-10-16 20:35:33.507 [warning] [Git][getBranch] No such branch: master
2024-10-16 20:35:33.512 [info] > git for-each-ref --sort -committerdate --format %(refname) %(objectname) %(*objectname) [1ms]
2024-10-16 20:35:33.520 [info] > git status -z -uall [11ms]
2024-10-16 20:35:37.405 [info] > git config --get commit.template [3ms]
2024-10-16 20:35:37.405 [info] > git for-each-ref --format=%(refname)%00%(upstream:short)%00%(objectname)%00%(upstream:track)%00%(upstream:remotename)%00%(upstream:remoteref) refs/heads/thread refs/remotes/thread [1ms]
2024-10-16 20:35:37.407 [warning] [Git][revParse] Unable to read file: ENOENT: no such file or directory, open '/home/zyh/OSLabs/.git/refs/remotes/origin/thread'
2024-10-16 20:35:37.408 [info] > git rev-parse refs/remotes/origin/thread [1ms]
2024-10-16 20:35:37.413 [info] > git status -z -uall [3ms]
2024-10-16 20:35:37.413 [info] > git for-each-ref --sort -committerdate --format %(refname) %(objectname) %(*objectname) [1ms]
2024-10-16 20:35:38.542 [info] [Git][getRemotes] No remotes found in the git config file
2024-10-16 20:35:38.543 [info] > git config --get commit.template [4ms]
2024-10-16 20:35:38.543 [info] > git for-each-ref --format=%(refname)%00%(upstream:short)%00%(objectname)%00%(upstream:track)%00%(upstream:remotename)%00%(upstream:remoteref) refs/heads/master refs/remotes/master [1ms]
2024-10-16 20:35:38.543 [warning] [Git][getBranch] No such branch: master
2024-10-16 20:35:38.550 [info] > git for-each-ref --sort -committerdate --format %(refname) %(objectname) %(*objectname) [1ms]
2024-10-16 20:35:38.557 [info] > git status -z -uall [11ms]
2024-10-16 20:35:45.511 [info] > git config --get commit.template [3ms]
2024-10-16 20:35:45.511 [info] [Git][getRemotes] No remotes found in the git config file
2024-10-16 20:35:45.511 [info] > git for-each-ref --format=%(refname)%00%(upstream:short)%00%(objectname)%00%(upstream:track)%00%(upstream:remotename)%00%(upstream:remoteref) refs/heads/master refs/remotes/master [1ms]
2024-10-16 20:35:45.511 [warning] [Git][getBranch] No such branch: master
2024-10-16 20:35:45.520 [info] > git for-each-ref --sort -committerdate --format %(refname) %(objectname) %(*objectname) [4ms]
2024-10-16 20:35:45.524 [info] > git status -z -uall [11ms]
2024-10-16 20:35:50.545 [info] [Git][getRemotes] No remotes found in the git config file
2024-10-16 20:35:50.548 [info] > git config --get commit.template [4ms]
2024-10-16 20:35:50.548 [info] > git for-each-ref --format=%(refname)%00%(upstream:short)%00%(objectname)%00%(upstream:track)%00%(upstream:remotename)%00%(upstream:remoteref) refs/heads/master refs/remotes/master [1ms]
2024-10-16 20:35:50.548 [warning] [Git][getBranch] No such branch: master
2024-10-16 20:35:50.555 [info] > git for-each-ref --sort -committerdate --format %(refname) %(objectname) %(*objectname) [1ms]
2024-10-16 20:35:50.564 [info] > git status -z -uall [13ms]
2024-10-16 20:35:55.607 [info] [Git][getRemotes] No remotes found in the git config file
2024-10-16 20:35:55.608 [info] > git config --get commit.template [4ms]
2024-10-16 20:35:55.608 [info] > git for-each-ref --format=%(refname)%00%(upstream:short)%00%(objectname)%00%(upstream:track)%00%(upstream:remotename)%00%(upstream:remoteref) refs/heads/master refs/remotes/master [1ms]
2024-10-16 20:35:55.608 [warning] [Git][getBranch] No such branch: master
2024-10-16 20:35:55.613 [info] > git for-each-ref --sort -committerdate --format %(refname) %(objectname) %(*objectname) [1ms]
2024-10-16 20:35:55.621 [info] > git status -z -uall [11ms]
2024-10-16 20:36:00.643 [info] [Git][getRemotes] No remotes found in the git config file
2024-10-16 20:36:00.644 [info] > git config --get commit.template [3ms]
2024-10-16 20:36:00.644 [info] > git for-each-ref --format=%(refname)%00%(upstream:short)%00%(objectname)%00%(upstream:track)%00%(upstream:remotename)%00%(upstream:remoteref) refs/heads/master refs/remotes/master [1ms]
2024-10-16 20:36:00.644 [warning] [Git][getBranch] No such branch: master
2024-10-16 20:36:00.649 [info] > git for-each-ref --sort -committerdate --format %(refname) %(objectname) %(*objectname) [1ms]
2024-10-16 20:36:00.657 [info] > git status -z -uall [11ms]
2024-10-16 20:36:05.678 [info] [Git][getRemotes] No remotes found in the git config file
2024-10-16 20:36:05.679 [info] > git config --get commit.template [4ms]
2024-10-16 20:36:05.679 [info] > git for-each-ref --format=%(refname)%00%(upstream:short)%00%(objectname)%00%(upstream:track)%00%(upstream:remotename)%00%(upstream:remoteref) refs/heads/master refs/remotes/master [1ms]
2024-10-16 20:36:05.679 [warning] [Git][getBranch] No such branch: master
2024-10-16 20:36:05.685 [info] > git for-each-ref --sort -committerdate --format %(refname) %(objectname) %(*objectname) [1ms]
2024-10-16 20:36:05.693 [info] > git status -z -uall [12ms]
2024-10-16 20:36:10.715 [info] [Git][getRemotes] No remotes found in the git config file
2024-10-16 20:36:10.716 [info] > git config --get commit.template [4ms]
2024-10-16 20:36:10.716 [info] > git for-each-ref --format=%(refname)%00%(upstream:short)%00%(objectname)%00%(upstream:track)%00%(upstream:remotename)%00%(upstream:remoteref) refs/heads/master refs/remotes/master [1ms]
2024-10-16 20:36:10.716 [warning] [Git][getBranch] No such branch: master
2024-10-16 20:36:10.724 [info] > git for-each-ref --sort -committerdate --format %(refname) %(objectname) %(*objectname) [3ms]
2024-10-16 20:36:10.730 [info] > git status -z -uall [11ms]
2024-10-16 20:36:15.754 [info] [Git][getRemotes] No remotes found in the git config file
2024-10-16 20:36:15.755 [info] > git for-each-ref --format=%(refname)%00%(upstream:short)%00%(objectname)%00%(upstream:track)%00%(upstream:remotename)%00%(upstream:remoteref) refs/heads/master refs/remotes/master [2ms]
2024-10-16 20:36:15.755 [warning] [Git][getBranch] No such branch: master
2024-10-16 20:36:15.755 [info] > git config --get commit.template [6ms]
2024-10-16 20:36:15.763 [info] > git for-each-ref --sort -committerdate --format %(refname) %(objectname) %(*objectname) [1ms]
2024-10-16 20:36:15.772 [info] > git status -z -uall [12ms]
2024-10-16 20:36:19.379 [info] > git config --get commit.template [3ms]
2024-10-16 20:36:19.380 [info] > git for-each-ref --format=%(refname)%00%(upstream:short)%00%(objectname)%00%(upstream:track)%00%(upstream:remotename)%00%(upstream:remoteref) refs/heads/thread refs/remotes/thread [1ms]
2024-10-16 20:36:19.382 [warning] [Git][revParse] Unable to read file: ENOENT: no such file or directory, open '/home/zyh/OSLabs/.git/refs/remotes/origin/thread'
2024-10-16 20:36:19.383 [info] > git rev-parse refs/remotes/origin/thread [0ms]
2024-10-16 20:36:19.387 [info] > git status -z -uall [2ms]
2024-10-16 20:36:19.388 [info] > git for-each-ref --sort -committerdate --format %(refname) %(objectname) %(*objectname) [1ms]
2024-10-16 20:36:22.530 [info] [Git][getRemotes] No remotes found in the git config file
2024-10-16 20:36:22.531 [info] > git config --get commit.template [3ms]
2024-10-16 20:36:22.531 [info] > git for-each-ref --format=%(refname)%00%(upstream:short)%00%(objectname)%00%(upstream:track)%00%(upstream:remotename)%00%(upstream:remoteref) refs/heads/master refs/remotes/master [1ms]
2024-10-16 20:36:22.531 [warning] [Git][getBranch] No such branch: master
2024-10-16 20:36:22.537 [info] > git for-each-ref --sort -committerdate --format %(refname) %(objectname) %(*objectname) [1ms]
2024-10-16 20:36:22.544 [info] > git status -z -uall [11ms]
2024-10-16 20:36:30.535 [info] [Git][getRemotes] No remotes found in the git config file
2024-10-16 20:36:30.536 [info] > git config --get commit.template [5ms]
2024-10-16 20:36:30.536 [info] > git for-each-ref --format=%(refname)%00%(upstream:short)%00%(objectname)%00%(upstream:track)%00%(upstream:remotename)%00%(upstream:remoteref) refs/heads/master refs/remotes/master [2ms]
2024-10-16 20:36:30.536 [warning] [Git][getBranch] No such branch: master
2024-10-16 20:36:30.545 [info] > git for-each-ref --sort -committerdate --format %(refname) %(objectname) %(*objectname) [2ms]
2024-10-16 20:36:30.551 [info] > git status -z -uall [11ms]
2024-10-16 20:36:35.582 [info] [Git][getRemotes] No remotes found in the git config file
2024-10-16 20:36:35.583 [info] > git config --get commit.template [5ms]
2024-10-16 20:36:35.583 [info] > git for-each-ref --format=%(refname)%00%(upstream:short)%00%(objectname)%00%(upstream:track)%00%(upstream:remotename)%00%(upstream:remoteref) refs/heads/master refs/remotes/master [1ms]
2024-10-16 20:36:35.583 [warning] [Git][getBranch] No such branch: master
2024-10-16 20:36:35.590 [info] > git for-each-ref --sort -committerdate --format %(refname) %(objectname) %(*objectname) [2ms]
2024-10-16 20:36:35.601 [info] > git status -z -uall [14ms]
2024-10-16 20:36:35.847 [info] > git config --get commit.template [5ms]
2024-10-16 20:36:35.848 [info] > git for-each-ref --format=%(refname)%00%(upstream:short)%00%(objectname)%00%(upstream:track)%00%(upstream:remotename)%00%(upstream:remoteref) refs/heads/thread refs/remotes/thread [2ms]
2024-10-16 20:36:35.852 [warning] [Git][revParse] Unable to read file: ENOENT: no such file or directory, open '/home/zyh/OSLabs/.git/refs/remotes/origin/thread'
2024-10-16 20:36:35.854 [info] > git rev-parse refs/remotes/origin/thread [2ms]
2024-10-16 20:36:35.863 [info] > git status -z -uall [5ms]
2024-10-16 20:36:35.864 [info] > git for-each-ref --sort -committerdate --format %(refname) %(objectname) %(*objectname) [2ms]
2024-10-16 20:36:40.625 [info] [Git][getRemotes] No remotes found in the git config file
2024-10-16 20:36:40.626 [info] > git config --get commit.template [4ms]
2024-10-16 20:36:40.626 [info] > git for-each-ref --format=%(refname)%00%(upstream:short)%00%(objectname)%00%(upstream:track)%00%(upstream:remotename)%00%(upstream:remoteref) refs/heads/master refs/remotes/master [1ms]
2024-10-16 20:36:40.626 [warning] [Git][getBranch] No such branch: master
2024-10-16 20:36:40.631 [info] > git for-each-ref --sort -committerdate --format %(refname) %(objectname) %(*objectname) [1ms]
2024-10-16 20:36:40.639 [info] > git status -z -uall [11ms]
2024-10-16 20:36:46.538 [info] [Git][getRemotes] No remotes found in the git config file
2024-10-16 20:36:46.541 [info] > git config --get commit.template [4ms]
2024-10-16 20:36:46.542 [info] > git for-each-ref --format=%(refname)%00%(upstream:short)%00%(objectname)%00%(upstream:track)%00%(upstream:remotename)%00%(upstream:remoteref) refs/heads/master refs/remotes/master [1ms]
2024-10-16 20:36:46.542 [warning] [Git][getBranch] No such branch: master
2024-10-16 20:36:46.548 [info] > git for-each-ref --sort -committerdate --format %(refname) %(objectname) %(*objectname) [1ms]
2024-10-16 20:36:46.555 [info] > git status -z -uall [11ms]
2024-10-16 20:36:50.902 [info] > git config --get commit.template [3ms]
2024-10-16 20:36:50.903 [info] > git for-each-ref --format=%(refname)%00%(upstream:short)%00%(objectname)%00%(upstream:track)%00%(upstream:remotename)%00%(upstream:remoteref) refs/heads/thread refs/remotes/thread [2ms]
2024-10-16 20:36:50.906 [warning] [Git][revParse] Unable to read file: ENOENT: no such file or directory, open '/home/zyh/OSLabs/.git/refs/remotes/origin/thread'
2024-10-16 20:36:50.907 [info] > git rev-parse refs/remotes/origin/thread [2ms]
2024-10-16 20:36:50.913 [info] > git status -z -uall [3ms]
2024-10-16 20:36:50.913 [info] > git for-each-ref --sort -committerdate --format %(refname) %(objectname) %(*objectname) [1ms]
2024-10-16 20:36:51.577 [info] [Git][getRemotes] No remotes found in the git config file
2024-10-16 20:36:51.577 [info] > git config --get commit.template [3ms]
2024-10-16 20:36:51.578 [info] > git for-each-ref --format=%(refname)%00%(upstream:short)%00%(objectname)%00%(upstream:track)%00%(upstream:remotename)%00%(upstream:remoteref) refs/heads/master refs/remotes/master [2ms]
2024-10-16 20:36:51.578 [warning] [Git][getBranch] No such branch: master
2024-10-16 20:36:51.584 [info] > git for-each-ref --sort -committerdate --format %(refname) %(objectname) %(*objectname) [1ms]
2024-10-16 20:36:51.591 [info] > git status -z -uall [11ms]
2024-10-16 20:36:56.610 [info] [Git][getRemotes] No remotes found in the git config file
2024-10-16 20:36:56.611 [info] > git config --get commit.template [4ms]
2024-10-16 20:36:56.611 [info] > git for-each-ref --format=%(refname)%00%(upstream:short)%00%(objectname)%00%(upstream:track)%00%(upstream:remotename)%00%(upstream:remoteref) refs/heads/master refs/remotes/master [1ms]
2024-10-16 20:36:56.612 [warning] [Git][getBranch] No such branch: master
2024-10-16 20:36:56.618 [info] > git for-each-ref --sort -committerdate --format %(refname) %(objectname) %(*objectname) [2ms]
2024-10-16 20:36:56.625 [info] > git status -z -uall [10ms]
2024-10-16 20:37:01.647 [info] [Git][getRemotes] No remotes found in the git config file
2024-10-16 20:37:01.650 [info] > git config --get commit.template [4ms]
2024-10-16 20:37:01.650 [info] > git for-each-ref --format=%(refname)%00%(upstream:short)%00%(objectname)%00%(upstream:track)%00%(upstream:remotename)%00%(upstream:remoteref) refs/heads/master refs/remotes/master [1ms]
2024-10-16 20:37:01.651 [warning] [Git][getBranch] No such branch: master
2024-10-16 20:37:01.657 [info] > git for-each-ref --sort -committerdate --format %(refname) %(objectname) %(*objectname) [1ms]
2024-10-16 20:37:01.665 [info] > git status -z -uall [12ms]
2024-10-16 20:37:06.687 [info] [Git][getRemotes] No remotes found in the git config file
2024-10-16 20:37:06.687 [info] > git config --get commit.template [3ms]
2024-10-16 20:37:06.687 [info] > git for-each-ref --format=%(refname)%00%(upstream:short)%00%(objectname)%00%(upstream:track)%00%(upstream:remotename)%00%(upstream:remoteref) refs/heads/master refs/remotes/master [0ms]
2024-10-16 20:37:06.688 [warning] [Git][getBranch] No such branch: master
2024-10-16 20:37:06.694 [info] > git for-each-ref --sort -committerdate --format %(refname) %(objectname) %(*objectname) [1ms]
2024-10-16 20:37:06.704 [info] > git status -z -uall [14ms]
2024-10-16 20:37:11.722 [info] [Git][getRemotes] No remotes found in the git config file
2024-10-16 20:37:11.725 [info] > git config --get commit.template [4ms]
2024-10-16 20:37:11.726 [info] > git for-each-ref --format=%(refname)%00%(upstream:short)%00%(objectname)%00%(upstream:track)%00%(upstream:remotename)%00%(upstream:remoteref) refs/heads/master refs/remotes/master [1ms]
2024-10-16 20:37:11.726 [warning] [Git][getBranch] No such branch: master
2024-10-16 20:37:11.731 [info] > git for-each-ref --sort -committerdate --format %(refname) %(objectname) %(*objectname) [1ms]
2024-10-16 20:37:11.739 [info] > git status -z -uall [11ms]
2024-10-16 20:37:16.763 [info] [Git][getRemotes] No remotes found in the git config file
2024-10-16 20:37:16.764 [info] > git config --get commit.template [4ms]
2024-10-16 20:37:16.764 [info] > git for-each-ref --format=%(refname)%00%(upstream:short)%00%(objectname)%00%(upstream:track)%00%(upstream:remotename)%00%(upstream:remoteref) refs/heads/master refs/remotes/master [1ms]
2024-10-16 20:37:16.764 [warning] [Git][getBranch] No such branch: master
2024-10-16 20:37:16.770 [info] > git for-each-ref --sort -committerdate --format %(refname) %(objectname) %(*objectname) [1ms]
2024-10-16 20:37:16.778 [info] > git status -z -uall [11ms]
2024-10-16 20:37:22.558 [info] [Git][getRemotes] No remotes found in the git config file
2024-10-16 20:37:22.559 [info] > git config --get commit.template [5ms]
2024-10-16 20:37:22.559 [info] > git for-each-ref --format=%(refname)%00%(upstream:short)%00%(objectname)%00%(upstream:track)%00%(upstream:remotename)%00%(upstream:remoteref) refs/heads/master refs/remotes/master [1ms]
2024-10-16 20:37:22.559 [warning] [Git][getBranch] No such branch: master
2024-10-16 20:37:22.565 [info] > git for-each-ref --sort -committerdate --format %(refname) %(objectname) %(*objectname) [1ms]
2024-10-16 20:37:22.572 [info] > git status -z -uall [11ms]
2024-10-16 20:37:27.593 [info] [Git][getRemotes] No remotes found in the git config file
2024-10-16 20:37:27.594 [info] > git config --get commit.template [4ms]
2024-10-16 20:37:27.594 [info] > git for-each-ref --format=%(refname)%00%(upstream:short)%00%(objectname)%00%(upstream:track)%00%(upstream:remotename)%00%(upstream:remoteref) refs/heads/master refs/remotes/master [1ms]
2024-10-16 20:37:27.594 [warning] [Git][getBranch] No such branch: master
2024-10-16 20:37:27.599 [info] > git for-each-ref --sort -committerdate --format %(refname) %(objectname) %(*objectname) [0ms]
2024-10-16 20:37:27.607 [info] > git status -z -uall [11ms]
2024-10-16 20:37:32.625 [info] [Git][getRemotes] No remotes found in the git config file
2024-10-16 20:37:32.626 [info] > git config --get commit.template [5ms]
2024-10-16 20:37:32.626 [info] > git for-each-ref --format=%(refname)%00%(upstream:short)%00%(objectname)%00%(upstream:track)%00%(upstream:remotename)%00%(upstream:remoteref) refs/heads/master refs/remotes/master [2ms]
2024-10-16 20:37:32.626 [warning] [Git][getBranch] No such branch: master
2024-10-16 20:37:32.632 [info] > git for-each-ref --sort -committerdate --format %(refname) %(objectname) %(*objectname) [0ms]
2024-10-16 20:37:32.640 [info] > git status -z -uall [12ms]
2024-10-16 20:37:37.663 [info] [Git][getRemotes] No remotes found in the git config file
2024-10-16 20:37:37.663 [info] > git config --get commit.template [3ms]
2024-10-16 20:37:37.663 [info] > git for-each-ref --format=%(refname)%00%(upstream:short)%00%(objectname)%00%(upstream:track)%00%(upstream:remotename)%00%(upstream:remoteref) refs/heads/master refs/remotes/master [0ms]
2024-10-16 20:37:37.664 [warning] [Git][getBranch] No such branch: master
2024-10-16 20:37:37.670 [info] > git for-each-ref --sort -committerdate --format %(refname) %(objectname) %(*objectname) [1ms]
2024-10-16 20:37:37.678 [info] > git status -z -uall [12ms]
2024-10-16 20:37:42.695 [info] [Git][getRemotes] No remotes found in the git config file
2024-10-16 20:37:42.698 [info] > git config --get commit.template [4ms]
2024-10-16 20:37:42.699 [info] > git for-each-ref --format=%(refname)%00%(upstream:short)%00%(objectname)%00%(upstream:track)%00%(upstream:remotename)%00%(upstream:remoteref) refs/heads/master refs/remotes/master [1ms]
2024-10-16 20:37:42.699 [warning] [Git][getBranch] No such branch: master
2024-10-16 20:37:42.705 [info] > git for-each-ref --sort -committerdate --format %(refname) %(objectname) %(*objectname) [1ms]
2024-10-16 20:37:42.713 [info] > git status -z -uall [11ms]
2024-10-16 20:37:47.733 [info] [Git][getRemotes] No remotes found in the git config file
2024-10-16 20:37:47.733 [info] > git config --get commit.template [3ms]
2024-10-16 20:37:47.734 [info] > git for-each-ref --format=%(refname)%00%(upstream:short)%00%(objectname)%00%(upstream:track)%00%(upstream:remotename)%00%(upstream:remoteref) refs/heads/master refs/remotes/master [0ms]
2024-10-16 20:37:47.734 [warning] [Git][getBranch] No such branch: master
2024-10-16 20:37:47.739 [info] > git for-each-ref --sort -committerdate --format %(refname) %(objectname) %(*objectname) [1ms]
2024-10-16 20:37:47.746 [info] > git status -z -uall [11ms]
2024-10-16 20:37:52.767 [info] [Git][getRemotes] No remotes found in the git config file
2024-10-16 20:37:52.768 [info] > git config --get commit.template [3ms]
2024-10-16 20:37:52.768 [info] > git for-each-ref --format=%(refname)%00%(upstream:short)%00%(objectname)%00%(upstream:track)%00%(upstream:remotename)%00%(upstream:remoteref) refs/heads/master refs/remotes/master [1ms]
2024-10-16 20:37:52.768 [warning] [Git][getBranch] No such branch: master
2024-10-16 20:37:52.773 [info] > git for-each-ref --sort -committerdate --format %(refname) %(objectname) %(*objectname) [1ms]
2024-10-16 20:37:52.781 [info] > git status -z -uall [12ms]
2024-10-16 20:37:57.801 [info] > git config --get commit.template [2ms]
2024-10-16 20:37:57.801 [info] [Git][getRemotes] No remotes found in the git config file
2024-10-16 20:37:57.806 [info] > git for-each-ref --format=%(refname)%00%(upstream:short)%00%(objectname)%00%(upstream:track)%00%(upstream:remotename)%00%(upstream:remoteref) refs/heads/master refs/remotes/master [1ms]
2024-10-16 20:37:57.806 [warning] [Git][getBranch] No such branch: master
2024-10-16 20:37:57.812 [info] > git for-each-ref --sort -committerdate --format %(refname) %(objectname) %(*objectname) [1ms]
2024-10-16 20:37:57.820 [info] > git status -z -uall [11ms]
2024-10-16 20:38:05.573 [info] [Git][getRemotes] No remotes found in the git config file
2024-10-16 20:38:05.574 [info] > git config --get commit.template [4ms]
2024-10-16 20:38:05.574 [info] > git for-each-ref --format=%(refname)%00%(upstream:short)%00%(objectname)%00%(upstream:track)%00%(upstream:remotename)%00%(upstream:remoteref) refs/heads/master refs/remotes/master [1ms]
2024-10-16 20:38:05.574 [warning] [Git][getBranch] No such branch: master
2024-10-16 20:38:05.580 [info] > git for-each-ref --sort -committerdate --format %(refname) %(objectname) %(*objectname) [1ms]
2024-10-16 20:38:05.590 [info] > git status -z -uall [14ms]
2024-10-16 20:38:07.449 [info] > git config --get commit.template [4ms]
2024-10-16 20:38:07.450 [info] > git for-each-ref --format=%(refname)%00%(upstream:short)%00%(objectname)%00%(upstream:track)%00%(upstream:remotename)%00%(upstream:remoteref) refs/heads/thread refs/remotes/thread [2ms]
2024-10-16 20:38:07.452 [warning] [Git][revParse] Unable to read file: ENOENT: no such file or directory, open '/home/zyh/OSLabs/.git/refs/remotes/origin/thread'
2024-10-16 20:38:07.453 [info] > git rev-parse refs/remotes/origin/thread [0ms]
2024-10-16 20:38:07.457 [info] > git status -z -uall [2ms]
2024-10-16 20:38:07.458 [info] > git for-each-ref --sort -committerdate --format %(refname) %(objectname) %(*objectname) [1ms]
2024-10-16 20:38:10.610 [info] [Git][getRemotes] No remotes found in the git config file
2024-10-16 20:38:10.610 [info] > git config --get commit.template [4ms]
2024-10-16 20:38:10.611 [info] > git for-each-ref --format=%(refname)%00%(upstream:short)%00%(objectname)%00%(upstream:track)%00%(upstream:remotename)%00%(upstream:remoteref) refs/heads/master refs/remotes/master [2ms]
2024-10-16 20:38:10.611 [warning] [Git][getBranch] No such branch: master
2024-10-16 20:38:10.616 [info] > git for-each-ref --sort -committerdate --format %(refname) %(objectname) %(*objectname) [0ms]
2024-10-16 20:38:10.623 [info] > git status -z -uall [11ms]
2024-10-16 20:38:15.646 [info] [Git][getRemotes] No remotes found in the git config file
2024-10-16 20:38:15.647 [info] > git config --get commit.template [3ms]
2024-10-16 20:38:15.647 [info] > git for-each-ref --format=%(refname)%00%(upstream:short)%00%(objectname)%00%(upstream:track)%00%(upstream:remotename)%00%(upstream:remoteref) refs/heads/master refs/remotes/master [1ms]
2024-10-16 20:38:15.647 [warning] [Git][getBranch] No such branch: master
2024-10-16 20:38:15.652 [info] > git for-each-ref --sort -committerdate --format %(refname) %(objectname) %(*objectname) [1ms]
2024-10-16 20:38:15.660 [info] > git status -z -uall [11ms]
2024-10-16 20:38:20.682 [info] [Git][getRemotes] No remotes found in the git config file
2024-10-16 20:38:20.683 [info] > git config --get commit.template [4ms]
2024-10-16 20:38:20.683 [info] > git for-each-ref --format=%(refname)%00%(upstream:short)%00%(objectname)%00%(upstream:track)%00%(upstream:remotename)%00%(upstream:remoteref) refs/heads/master refs/remotes/master [1ms]
2024-10-16 20:38:20.683 [warning] [Git][getBranch] No such branch: master
2024-10-16 20:38:20.691 [info] > git for-each-ref --sort -committerdate --format %(refname) %(objectname) %(*objectname) [1ms]
2024-10-16 20:38:20.698 [info] > git status -z -uall [12ms]
2024-10-16 20:38:25.717 [info] [Git][getRemotes] No remotes found in the git config file
2024-10-16 20:38:25.718 [info] > git config --get commit.template [4ms]
2024-10-16 20:38:25.718 [info] > git for-each-ref --format=%(refname)%00%(upstream:short)%00%(objectname)%00%(upstream:track)%00%(upstream:remotename)%00%(upstream:remoteref) refs/heads/master refs/remotes/master [1ms]
2024-10-16 20:38:25.718 [warning] [Git][getBranch] No such branch: master
2024-10-16 20:38:25.725 [info] > git for-each-ref --sort -committerdate --format %(refname) %(objectname) %(*objectname) [1ms]
2024-10-16 20:38:25.733 [info] > git status -z -uall [13ms]
2024-10-16 20:38:30.755 [info] [Git][getRemotes] No remotes found in the git config file
2024-10-16 20:38:30.759 [info] > git config --get commit.template [5ms]
2024-10-16 20:38:30.760 [info] > git for-each-ref --format=%(refname)%00%(upstream:short)%00%(objectname)%00%(upstream:track)%00%(upstream:remotename)%00%(upstream:remoteref) refs/heads/master refs/remotes/master [1ms]
2024-10-16 20:38:30.760 [warning] [Git][getBranch] No such branch: master
2024-10-16 20:38:30.767 [info] > git for-each-ref --sort -committerdate --format %(refname) %(objectname) %(*objectname) [1ms]
2024-10-16 20:38:30.775 [info] > git status -z -uall [12ms]
2024-10-16 20:38:36.586 [info] > git config --get commit.template [1ms]
2024-10-16 20:38:36.586 [info] [Git][getRemotes] No remotes found in the git config file
2024-10-16 20:38:36.591 [info] > git for-each-ref --format=%(refname)%00%(upstream:short)%00%(objectname)%00%(upstream:track)%00%(upstream:remotename)%00%(upstream:remoteref) refs/heads/master refs/remotes/master [1ms]
2024-10-16 20:38:36.591 [warning] [Git][getBranch] No such branch: master
2024-10-16 20:38:36.597 [info] > git for-each-ref --sort -committerdate --format %(refname) %(objectname) %(*objectname) [1ms]
2024-10-16 20:38:36.604 [info] > git status -z -uall [11ms]
2024-10-16 20:38:41.626 [info] [Git][getRemotes] No remotes found in the git config file
2024-10-16 20:38:41.627 [info] > git config --get commit.template [3ms]
2024-10-16 20:38:41.627 [info] > git for-each-ref --format=%(refname)%00%(upstream:short)%00%(objectname)%00%(upstream:track)%00%(upstream:remotename)%00%(upstream:remoteref) refs/heads/master refs/remotes/master [1ms]
2024-10-16 20:38:41.627 [warning] [Git][getBranch] No such branch: master
2024-10-16 20:38:41.633 [info] > git for-each-ref --sort -committerdate --format %(refname) %(objectname) %(*objectname) [1ms]
2024-10-16 20:38:41.642 [info] > git status -z -uall [13ms]
2024-10-16 20:38:46.665 [info] [Git][getRemotes] No remotes found in the git config file
2024-10-16 20:38:46.666 [info] > git config --get commit.template [3ms]
2024-10-16 20:38:46.666 [info] > git for-each-ref --format=%(refname)%00%(upstream:short)%00%(objectname)%00%(upstream:track)%00%(upstream:remotename)%00%(upstream:remoteref) refs/heads/master refs/remotes/master [1ms]
2024-10-16 20:38:46.666 [warning] [Git][getBranch] No such branch: master
2024-10-16 20:38:46.673 [info] > git for-each-ref --sort -committerdate --format %(refname) %(objectname) %(*objectname) [2ms]
2024-10-16 20:38:46.680 [info] > git status -z -uall [11ms]
2024-10-16 20:38:51.704 [info] [Git][getRemotes] No remotes found in the git config file
2024-10-16 20:38:51.705 [info] > git config --get commit.template [4ms]
2024-10-16 20:38:51.705 [info] > git for-each-ref --format=%(refname)%00%(upstream:short)%00%(objectname)%00%(upstream:track)%00%(upstream:remotename)%00%(upstream:remoteref) refs/heads/master refs/remotes/master [2ms]
2024-10-16 20:38:51.705 [warning] [Git][getBranch] No such branch: master
2024-10-16 20:38:51.711 [info] > git for-each-ref --sort -committerdate --format %(refname) %(objectname) %(*objectname) [1ms]
2024-10-16 20:38:51.718 [info] > git status -z -uall [11ms]
2024-10-16 20:39:29.604 [info] [Git][getRemotes] No remotes found in the git config file
2024-10-16 20:39:29.606 [info] > git config --get commit.template [6ms]
2024-10-16 20:39:29.606 [info] > git for-each-ref --format=%(refname)%00%(upstream:short)%00%(objectname)%00%(upstream:track)%00%(upstream:remotename)%00%(upstream:remoteref) refs/heads/master refs/remotes/master [3ms]
2024-10-16 20:39:29.606 [warning] [Git][getBranch] No such branch: master
2024-10-16 20:39:29.615 [info] > git for-each-ref --sort -committerdate --format %(refname) %(objectname) %(*objectname) [2ms]
2024-10-16 20:39:29.622 [info] > git status -z -uall [12ms]
2024-10-16 20:39:34.655 [info] [Git][getRemotes] No remotes found in the git config file
2024-10-16 20:39:34.656 [info] > git config --get commit.template [3ms]
2024-10-16 20:39:34.656 [info] > git for-each-ref --format=%(refname)%00%(upstream:short)%00%(objectname)%00%(upstream:track)%00%(upstream:remotename)%00%(upstream:remoteref) refs/heads/master refs/remotes/master [2ms]
2024-10-16 20:39:34.656 [warning] [Git][getBranch] No such branch: master
2024-10-16 20:39:34.664 [info] > git for-each-ref --sort -committerdate --format %(refname) %(objectname) %(*objectname) [1ms]
2024-10-16 20:39:34.671 [info] > git status -z -uall [12ms]
2024-10-16 20:39:36.990 [info] > git config --get commit.template [4ms]
2024-10-16 20:39:36.991 [info] > git for-each-ref --format=%(refname)%00%(upstream:short)%00%(objectname)%00%(upstream:track)%00%(upstream:remotename)%00%(upstream:remoteref) refs/heads/thread refs/remotes/thread [2ms]
2024-10-16 20:39:36.993 [warning] [Git][revParse] Unable to read file: ENOENT: no such file or directory, open '/home/zyh/OSLabs/.git/refs/remotes/origin/thread'
2024-10-16 20:39:36.994 [info] > git rev-parse refs/remotes/origin/thread [1ms]
2024-10-16 20:39:37.000 [info] > git status -z -uall [3ms]
2024-10-16 20:39:37.000 [info] > git for-each-ref --sort -committerdate --format %(refname) %(objectname) %(*objectname) [1ms]
2024-10-16 20:39:42.013 [info] > git config --get commit.template [5ms]
2024-10-16 20:39:42.013 [info] > git for-each-ref --format=%(refname)%00%(upstream:short)%00%(objectname)%00%(upstream:track)%00%(upstream:remotename)%00%(upstream:remoteref) refs/heads/thread refs/remotes/thread [1ms]
2024-10-16 20:39:42.017 [warning] [Git][revParse] Unable to read file: ENOENT: no such file or directory, open '/home/zyh/OSLabs/.git/refs/remotes/origin/thread'
2024-10-16 20:39:42.018 [info] > git rev-parse refs/remotes/origin/thread [2ms]
2024-10-16 20:39:42.026 [info] > git status -z -uall [5ms]
2024-10-16 20:39:42.027 [info] > git for-each-ref --sort -committerdate --format %(refname) %(objectname) %(*objectname) [2ms]
2024-10-16 20:39:42.604 [info] [Git][getRemotes] No remotes found in the git config file
2024-10-16 20:39:42.605 [info] > git config --get commit.template [5ms]
2024-10-16 20:39:42.605 [info] > git for-each-ref --format=%(refname)%00%(upstream:short)%00%(objectname)%00%(upstream:track)%00%(upstream:remotename)%00%(upstream:remoteref) refs/heads/master refs/remotes/master [1ms]
2024-10-16 20:39:42.605 [warning] [Git][getBranch] No such branch: master
2024-10-16 20:39:42.612 [info] > git for-each-ref --sort -committerdate --format %(refname) %(objectname) %(*objectname) [1ms]
2024-10-16 20:39:42.619 [info] > git status -z -uall [11ms]
2024-10-16 20:39:47.639 [info] [Git][getRemotes] No remotes found in the git config file
2024-10-16 20:39:47.643 [info] > git config --get commit.template [4ms]
2024-10-16 20:39:47.643 [info] > git for-each-ref --format=%(refname)%00%(upstream:short)%00%(objectname)%00%(upstream:track)%00%(upstream:remotename)%00%(upstream:remoteref) refs/heads/master refs/remotes/master [1ms]
2024-10-16 20:39:47.643 [warning] [Git][getBranch] No such branch: master
2024-10-16 20:39:47.649 [info] > git for-each-ref --sort -committerdate --format %(refname) %(objectname) %(*objectname) [1ms]
2024-10-16 20:39:47.658 [info] > git status -z -uall [13ms]
2024-10-16 20:39:52.682 [info] [Git][getRemotes] No remotes found in the git config file
2024-10-16 20:39:52.683 [info] > git config --get commit.template [4ms]
2024-10-16 20:39:52.683 [info] > git for-each-ref --format=%(refname)%00%(upstream:short)%00%(objectname)%00%(upstream:track)%00%(upstream:remotename)%00%(upstream:remoteref) refs/heads/master refs/remotes/master [1ms]
2024-10-16 20:39:52.684 [warning] [Git][getBranch] No such branch: master
2024-10-16 20:39:52.690 [info] > git for-each-ref --sort -committerdate --format %(refname) %(objectname) %(*objectname) [1ms]
2024-10-16 20:39:52.697 [info] > git status -z -uall [11ms]
2024-10-16 20:39:57.720 [info] [Git][getRemotes] No remotes found in the git config file
2024-10-16 20:39:57.721 [info] > git config --get commit.template [4ms]
2024-10-16 20:39:57.721 [info] > git for-each-ref --format=%(refname)%00%(upstream:short)%00%(objectname)%00%(upstream:track)%00%(upstream:remotename)%00%(upstream:remoteref) refs/heads/master refs/remotes/master [1ms]
2024-10-16 20:39:57.721 [warning] [Git][getBranch] No such branch: master
2024-10-16 20:39:57.727 [info] > git for-each-ref --sort -committerdate --format %(refname) %(objectname) %(*objectname) [1ms]
2024-10-16 20:39:57.738 [info] > git status -z -uall [15ms]
2024-10-16 20:40:02.772 [info] [Git][getRemotes] No remotes found in the git config file
2024-10-16 20:40:02.772 [info] > git config --get commit.template [3ms]
2024-10-16 20:40:02.772 [info] > git for-each-ref --format=%(refname)%00%(upstream:short)%00%(objectname)%00%(upstream:track)%00%(upstream:remotename)%00%(upstream:remoteref) refs/heads/master refs/remotes/master [1ms]
2024-10-16 20:40:02.773 [warning] [Git][getBranch] No such branch: master
2024-10-16 20:40:02.778 [info] > git for-each-ref --sort -committerdate --format %(refname) %(objectname) %(*objectname) [1ms]
2024-10-16 20:40:02.786 [info] > git status -z -uall [11ms]
2024-10-16 20:40:07.808 [info] [Git][getRemotes] No remotes found in the git config file
2024-10-16 20:40:07.809 [info] > git config --get commit.template [4ms]
2024-10-16 20:40:07.809 [info] > git for-each-ref --format=%(refname)%00%(upstream:short)%00%(objectname)%00%(upstream:track)%00%(upstream:remotename)%00%(upstream:remoteref) refs/heads/master refs/remotes/master [1ms]
2024-10-16 20:40:07.809 [warning] [Git][getBranch] No such branch: master
2024-10-16 20:40:07.815 [info] > git for-each-ref --sort -committerdate --format %(refname) %(objectname) %(*objectname) [1ms]
2024-10-16 20:40:07.824 [info] > git status -z -uall [12ms]
2024-10-16 20:40:12.847 [info] [Git][getRemotes] No remotes found in the git config file
2024-10-16 20:40:12.848 [info] > git config --get commit.template [4ms]
2024-10-16 20:40:12.848 [info] > git for-each-ref --format=%(refname)%00%(upstream:short)%00%(objectname)%00%(upstream:track)%00%(upstream:remotename)%00%(upstream:remoteref) refs/heads/master refs/remotes/master [1ms]
2024-10-16 20:40:12.848 [warning] [Git][getBranch] No such branch: master
2024-10-16 20:40:12.853 [info] > git for-each-ref --sort -committerdate --format %(refname) %(objectname) %(*objectname) [1ms]
2024-10-16 20:40:12.861 [info] > git status -z -uall [11ms]
2024-10-16 20:40:17.884 [info] [Git][getRemotes] No remotes found in the git config file
2024-10-16 20:40:17.885 [info] > git config --get commit.template [4ms]
2024-10-16 20:40:17.886 [info] > git for-each-ref --format=%(refname)%00%(upstream:short)%00%(objectname)%00%(upstream:track)%00%(upstream:remotename)%00%(upstream:remoteref) refs/heads/master refs/remotes/master [2ms]
2024-10-16 20:40:17.886 [warning] [Git][getBranch] No such branch: master
2024-10-16 20:40:17.891 [info] > git for-each-ref --sort -committerdate --format %(refname) %(objectname) %(*objectname) [1ms]
2024-10-16 20:40:17.899 [info] > git status -z -uall [11ms]
2024-10-16 20:40:22.921 [info] [Git][getRemotes] No remotes found in the git config file
2024-10-16 20:40:22.921 [info] > git config --get commit.template [3ms]
2024-10-16 20:40:22.922 [info] > git for-each-ref --format=%(refname)%00%(upstream:short)%00%(objectname)%00%(upstream:track)%00%(upstream:remotename)%00%(upstream:remoteref) refs/heads/master refs/remotes/master [1ms]
2024-10-16 20:40:22.922 [warning] [Git][getBranch] No such branch: master
2024-10-16 20:40:22.928 [info] > git for-each-ref --sort -committerdate --format %(refname) %(objectname) %(*objectname) [1ms]
2024-10-16 20:40:22.936 [info] > git status -z -uall [11ms]
2024-10-16 20:40:27.518 [info] > git config --get commit.template [4ms]
2024-10-16 20:40:27.519 [info] > git for-each-ref --format=%(refname)%00%(upstream:short)%00%(objectname)%00%(upstream:track)%00%(upstream:remotename)%00%(upstream:remoteref) refs/heads/thread refs/remotes/thread [2ms]
2024-10-16 20:40:27.521 [warning] [Git][revParse] Unable to read file: ENOENT: no such file or directory, open '/home/zyh/OSLabs/.git/refs/remotes/origin/thread'
2024-10-16 20:40:27.522 [info] > git rev-parse refs/remotes/origin/thread [1ms]
2024-10-16 20:40:27.528 [info] > git status -z -uall [3ms]
2024-10-16 20:40:27.530 [info] > git for-each-ref --sort -committerdate --format %(refname) %(objectname) %(*objectname) [3ms]
2024-10-16 20:40:27.962 [info] [Git][getRemotes] No remotes found in the git config file
2024-10-16 20:40:27.962 [info] > git config --get commit.template [4ms]
2024-10-16 20:40:27.963 [info] > git for-each-ref --format=%(refname)%00%(upstream:short)%00%(objectname)%00%(upstream:track)%00%(upstream:remotename)%00%(upstream:remoteref) refs/heads/master refs/remotes/master [2ms]
2024-10-16 20:40:27.963 [warning] [Git][getBranch] No such branch: master
2024-10-16 20:40:27.970 [info] > git for-each-ref --sort -committerdate --format %(refname) %(objectname) %(*objectname) [2ms]
2024-10-16 20:40:27.979 [info] > git status -z -uall [14ms]
2024-10-16 20:40:33.004 [info] [Git][getRemotes] No remotes found in the git config file
2024-10-16 20:40:33.005 [info] > git config --get commit.template [5ms]
2024-10-16 20:40:33.005 [info] > git for-each-ref --format=%(refname)%00%(upstream:short)%00%(objectname)%00%(upstream:track)%00%(upstream:remotename)%00%(upstream:remoteref) refs/heads/master refs/remotes/master [1ms]
2024-10-16 20:40:33.005 [warning] [Git][getBranch] No such branch: master
2024-10-16 20:40:33.011 [info] > git for-each-ref --sort -committerdate --format %(refname) %(objectname) %(*objectname) [1ms]
2024-10-16 20:40:33.022 [info] > git status -z -uall [14ms]
2024-10-16 20:40:38.045 [info] [Git][getRemotes] No remotes found in the git config file
2024-10-16 20:40:38.045 [info] > git config --get commit.template [4ms]
2024-10-16 20:40:38.046 [info] > git for-each-ref --format=%(refname)%00%(upstream:short)%00%(objectname)%00%(upstream:track)%00%(upstream:remotename)%00%(upstream:remoteref) refs/heads/master refs/remotes/master [2ms]
2024-10-16 20:40:38.046 [warning] [Git][getBranch] No such branch: master
2024-10-16 20:40:38.052 [info] > git for-each-ref --sort -committerdate --format %(refname) %(objectname) %(*objectname) [1ms]
2024-10-16 20:40:38.060 [info] > git status -z -uall [12ms]
2024-10-16 20:40:43.080 [info] [Git][getRemotes] No remotes found in the git config file
2024-10-16 20:40:43.085 [info] > git config --get commit.template [5ms]
2024-10-16 20:40:43.086 [info] > git for-each-ref --format=%(refname)%00%(upstream:short)%00%(objectname)%00%(upstream:track)%00%(upstream:remotename)%00%(upstream:remoteref) refs/heads/master refs/remotes/master [2ms]
2024-10-16 20:40:43.086 [warning] [Git][getBranch] No such branch: master
2024-10-16 20:40:43.094 [info] > git for-each-ref --sort -committerdate --format %(refname) %(objectname) %(*objectname) [2ms]
2024-10-16 20:40:43.101 [info] > git status -z -uall [12ms]
2024-10-16 20:40:48.127 [info] [Git][getRemotes] No remotes found in the git config file
2024-10-16 20:40:48.128 [info] > git config --get commit.template [5ms]
2024-10-16 20:40:48.128 [info] > git for-each-ref --format=%(refname)%00%(upstream:short)%00%(objectname)%00%(upstream:track)%00%(upstream:remotename)%00%(upstream:remoteref) refs/heads/master refs/remotes/master [1ms]
2024-10-16 20:40:48.128 [warning] [Git][getBranch] No such branch: master
2024-10-16 20:40:48.134 [info] > git for-each-ref --sort -committerdate --format %(refname) %(objectname) %(*objectname) [1ms]
2024-10-16 20:40:48.143 [info] > git status -z -uall [13ms]
2024-10-16 20:40:53.186 [info] [Git][getRemotes] No remotes found in the git config file
2024-10-16 20:40:53.187 [info] > git config --get commit.template [4ms]
2024-10-16 20:40:53.187 [info] > git for-each-ref --format=%(refname)%00%(upstream:short)%00%(objectname)%00%(upstream:track)%00%(upstream:remotename)%00%(upstream:remoteref) refs/heads/master refs/remotes/master [1ms]
2024-10-16 20:40:53.187 [warning] [Git][getBranch] No such branch: master
2024-10-16 20:40:53.194 [info] > git for-each-ref --sort -committerdate --format %(refname) %(objectname) %(*objectname) [2ms]
2024-10-16 20:40:53.202 [info] > git status -z -uall [12ms]
2024-10-16 20:40:58.224 [info] [Git][getRemotes] No remotes found in the git config file
2024-10-16 20:40:58.225 [info] > git config --get commit.template [4ms]
2024-10-16 20:40:58.225 [info] > git for-each-ref --format=%(refname)%00%(upstream:short)%00%(objectname)%00%(upstream:track)%00%(upstream:remotename)%00%(upstream:remoteref) refs/heads/master refs/remotes/master [1ms]
2024-10-16 20:40:58.225 [warning] [Git][getBranch] No such branch: master
2024-10-16 20:40:58.232 [info] > git for-each-ref --sort -committerdate --format %(refname) %(objectname) %(*objectname) [1ms]
2024-10-16 20:40:58.240 [info] > git status -z -uall [11ms]
